<?xml version="1.0" encoding="UTF-8"?>
<coverage generated="1603019398908" clover="3.2.0">
  <project timestamp="1603019398908" name="All files">
    <metrics statements="176" coveredstatements="176" conditionals="54" coveredconditionals="54" methods="26" coveredmethods="26" elements="256" coveredelements="256" complexity="0" loc="176" ncloc="176" packages="2" files="6" classes="6"/>
    <package name="ts">
      <metrics statements="125" coveredstatements="125" conditionals="36" coveredconditionals="36" methods="23" coveredmethods="23"/>
      <file name="Observer.ts" path="C:\Users\ИС\Documents\GitHub\jquery-range-slider-plugin\src\ts\Observer.ts">
        <metrics statements="20" coveredstatements="20" conditionals="4" coveredconditionals="4" methods="5" coveredmethods="5"/>
        <line num="1" count="2" type="stmt"/>
        <line num="5" count="9" type="stmt"/>
        <line num="8" count="2" type="stmt"/>
        <line num="9" count="10" type="stmt"/>
        <line num="10" count="14" type="stmt"/>
        <line num="11" count="14" type="cond" truecount="2" falsecount="0"/>
        <line num="12" count="2" type="stmt"/>
        <line num="15" count="8" type="stmt"/>
        <line num="18" count="2" type="stmt"/>
        <line num="19" count="6" type="stmt"/>
        <line num="20" count="16" type="stmt"/>
        <line num="21" count="16" type="cond" truecount="2" falsecount="0"/>
        <line num="22" count="4" type="stmt"/>
        <line num="23" count="4" type="stmt"/>
        <line num="27" count="2" type="stmt"/>
        <line num="30" count="2" type="stmt"/>
        <line num="33" count="19" type="stmt"/>
        <line num="34" count="19" type="stmt"/>
        <line num="35" count="26" type="stmt"/>
        <line num="38" count="2" type="stmt"/>
      </file>
      <file name="ViewFlag.ts" path="C:\Users\ИС\Documents\GitHub\jquery-range-slider-plugin\src\ts\ViewFlag.ts">
        <metrics statements="19" coveredstatements="19" conditionals="4" coveredconditionals="4" methods="4" coveredmethods="4"/>
        <line num="3" count="1" type="stmt"/>
        <line num="7" count="18" type="stmt"/>
        <line num="10" count="1" type="stmt"/>
        <line num="11" count="18" type="stmt"/>
        <line num="12" count="18" type="stmt"/>
        <line num="13" count="18" type="stmt"/>
        <line num="17" count="1" type="stmt"/>
        <line num="18" count="6" type="stmt"/>
        <line num="19" count="6" type="stmt"/>
        <line num="20" count="6" type="stmt"/>
        <line num="21" count="6" type="stmt"/>
        <line num="22" count="6" type="stmt"/>
        <line num="23" count="6" type="stmt"/>
        <line num="25" count="6" type="cond" truecount="2" falsecount="0"/>
        <line num="26" count="2" type="stmt"/>
        <line num="27" count="4" type="cond" truecount="2" falsecount="0"/>
        <line num="28" count="2" type="stmt"/>
        <line num="29" count="2" type="stmt"/>
        <line num="31" count="1" type="stmt"/>
      </file>
      <file name="ViewInner.ts" path="C:\Users\ИС\Documents\GitHub\jquery-range-slider-plugin\src\ts\ViewInner.ts">
        <metrics statements="24" coveredstatements="24" conditionals="6" coveredconditionals="6" methods="4" coveredmethods="4"/>
        <line num="3" count="1" type="stmt"/>
        <line num="10" count="4" type="stmt"/>
        <line num="11" count="4" type="stmt"/>
        <line num="15" count="1" type="stmt"/>
        <line num="16" count="4" type="stmt"/>
        <line num="17" count="4" type="stmt"/>
        <line num="18" count="4" type="stmt"/>
        <line num="22" count="1" type="stmt"/>
        <line num="23" count="4" type="stmt"/>
        <line num="24" count="4" type="stmt"/>
        <line num="26" count="4" type="stmt"/>
        <line num="27" count="4" type="stmt"/>
        <line num="29" count="4" type="cond" truecount="2" falsecount="0"/>
        <line num="30" count="1" type="stmt"/>
        <line num="31" count="3" type="cond" truecount="2" falsecount="0"/>
        <line num="32" count="1" type="stmt"/>
        <line num="33" count="1" type="stmt"/>
        <line num="34" count="1" type="stmt"/>
        <line num="35" count="2" type="cond" truecount="2" falsecount="0"/>
        <line num="36" count="1" type="stmt"/>
        <line num="38" count="1" type="stmt"/>
        <line num="39" count="1" type="stmt"/>
        <line num="40" count="1" type="stmt"/>
        <line num="43" count="1" type="stmt"/>
      </file>
      <file name="ViewScale.ts" path="C:\Users\ИС\Documents\GitHub\jquery-range-slider-plugin\src\ts\ViewScale.ts">
        <metrics statements="32" coveredstatements="32" conditionals="0" coveredconditionals="0" methods="5" coveredmethods="5"/>
        <line num="2" count="1" type="stmt"/>
        <line num="4" count="1" type="stmt"/>
        <line num="15" count="4" type="stmt"/>
        <line num="17" count="4" type="stmt"/>
        <line num="21" count="1" type="stmt"/>
        <line num="22" count="4" type="stmt"/>
        <line num="23" count="4" type="stmt"/>
        <line num="25" count="4" type="stmt"/>
        <line num="26" count="4" type="stmt"/>
        <line num="28" count="4" type="stmt"/>
        <line num="29" count="4" type="stmt"/>
        <line num="30" count="4" type="stmt"/>
        <line num="31" count="4" type="stmt"/>
        <line num="32" count="4" type="stmt"/>
        <line num="36" count="1" type="stmt"/>
        <line num="37" count="4" type="stmt"/>
        <line num="38" count="4" type="stmt"/>
        <line num="40" count="4" type="stmt"/>
        <line num="41" count="4" type="stmt"/>
        <line num="43" count="4" type="stmt"/>
        <line num="44" count="4" type="stmt"/>
        <line num="46" count="4" type="stmt"/>
        <line num="47" count="4" type="stmt"/>
        <line num="50" count="1" type="stmt"/>
        <line num="51" count="10" type="stmt"/>
        <line num="52" count="10" type="stmt"/>
        <line num="54" count="10" type="stmt"/>
        <line num="56" count="10" type="stmt"/>
        <line num="58" count="10" type="stmt"/>
        <line num="61" count="10" type="stmt"/>
        <line num="63" count="10" type="stmt"/>
        <line num="65" count="1" type="stmt"/>
      </file>
      <file name="model.ts" path="C:\Users\ИС\Documents\GitHub\jquery-range-slider-plugin\src\ts\model.ts">
        <metrics statements="30" coveredstatements="30" conditionals="22" coveredconditionals="22" methods="5" coveredmethods="5"/>
        <line num="1" count="1" type="stmt"/>
        <line num="4" count="1" type="stmt"/>
        <line num="13" count="7" type="stmt"/>
        <line num="15" count="7" type="stmt"/>
        <line num="17" count="7" type="stmt"/>
        <line num="23" count="7" type="stmt"/>
        <line num="25" count="7" type="stmt"/>
        <line num="29" count="1" type="stmt"/>
        <line num="31" count="7" type="stmt"/>
        <line num="33" count="7" type="cond" truecount="2" falsecount="0"/>
        <line num="35" count="7" type="stmt"/>
        <line num="36" count="7" type="stmt"/>
        <line num="43" count="1" type="stmt"/>
        <line num="44" count="5" type="stmt"/>
        <line num="46" count="5" type="cond" truecount="2" falsecount="0"/>
        <line num="48" count="5" type="stmt"/>
        <line num="52" count="1" type="stmt"/>
        <line num="53" count="7" type="stmt"/>
        <line num="54" count="7" type="stmt"/>
        <line num="55" count="7" type="cond" truecount="4" falsecount="0"/>
        <line num="56" count="1" type="stmt"/>
        <line num="57" count="1" type="stmt"/>
        <line num="59" count="7" type="cond" truecount="2" falsecount="0"/>
        <line num="60" count="7" type="cond" truecount="2" falsecount="0"/>
        <line num="61" count="7" type="cond" truecount="2" falsecount="0"/>
        <line num="62" count="7" type="cond" truecount="2" falsecount="0"/>
        <line num="63" count="7" type="cond" truecount="2" falsecount="0"/>
        <line num="64" count="5" type="cond" truecount="2" falsecount="0"/>
        <line num="65" count="5" type="cond" truecount="2" falsecount="0"/>
        <line num="67" count="1" type="stmt"/>
      </file>
    </package>
    <package name="ts.utils">
      <metrics statements="51" coveredstatements="51" conditionals="18" coveredconditionals="18" methods="3" coveredmethods="3"/>
      <file name="scaleHelpers.ts" path="C:\Users\ИС\Documents\GitHub\jquery-range-slider-plugin\src\ts\utils\scaleHelpers.ts">
        <metrics statements="51" coveredstatements="51" conditionals="18" coveredconditionals="18" methods="3" coveredmethods="3"/>
        <line num="4" count="1" type="stmt"/>
        <line num="14" count="20" type="stmt"/>
        <line num="15" count="20" type="stmt"/>
        <line num="16" count="20" type="cond" truecount="2" falsecount="0"/>
        <line num="17" count="20" type="stmt"/>
        <line num="19" count="20" type="stmt"/>
        <line num="20" count="20" type="stmt"/>
        <line num="22" count="20" type="stmt"/>
        <line num="24" count="20" type="stmt"/>
        <line num="25" count="20" type="stmt"/>
        <line num="27" count="20" type="stmt"/>
        <line num="37" count="1" type="stmt"/>
        <line num="47" count="10" type="cond" truecount="2" falsecount="0"/>
        <line num="48" count="10" type="cond" truecount="2" falsecount="0"/>
        <line num="50" count="10" type="cond" truecount="2" falsecount="0"/>
        <line num="51" count="6" type="stmt"/>
        <line num="52" count="126" type="stmt"/>
        <line num="54" count="126" type="stmt"/>
        <line num="55" count="126" type="stmt"/>
        <line num="57" count="126" type="stmt"/>
        <line num="59" count="126" type="stmt"/>
        <line num="60" count="126" type="cond" truecount="2" falsecount="0"/>
        <line num="61" count="120" type="stmt"/>
        <line num="63" count="6" type="stmt"/>
        <line num="65" count="4" type="stmt"/>
        <line num="66" count="108" type="stmt"/>
        <line num="68" count="108" type="stmt"/>
        <line num="69" count="108" type="stmt"/>
        <line num="70" count="108" type="stmt"/>
        <line num="72" count="108" type="cond" truecount="2" falsecount="0"/>
        <line num="74" count="104" type="stmt"/>
        <line num="75" count="104" type="stmt"/>
        <line num="77" count="4" type="stmt"/>
        <line num="78" count="4" type="stmt"/>
        <line num="82" count="1" type="stmt"/>
        <line num="83" count="10" type="cond" truecount="2" falsecount="0"/>
        <line num="84" count="10" type="cond" truecount="2" falsecount="0"/>
        <line num="86" count="10" type="cond" truecount="2" falsecount="0"/>
        <line num="87" count="6" type="stmt"/>
        <line num="88" count="66" type="stmt"/>
        <line num="89" count="66" type="stmt"/>
        <line num="90" count="66" type="stmt"/>
        <line num="91" count="66" type="stmt"/>
        <line num="92" count="66" type="stmt"/>
        <line num="94" count="66" type="stmt"/>
        <line num="97" count="4" type="stmt"/>
        <line num="98" count="4" type="stmt"/>
        <line num="99" count="4" type="stmt"/>
        <line num="100" count="4" type="stmt"/>
        <line num="101" count="4" type="stmt"/>
        <line num="102" count="4" type="stmt"/>
      </file>
    </package>
  </project>
</coverage>
