<?xml version="1.0" encoding="UTF-8"?>
<coverage generated="1601814666401" clover="3.2.0">
  <project timestamp="1601814666401" name="All files">
    <metrics statements="677" coveredstatements="677" conditionals="206" coveredconditionals="205" methods="94" coveredmethods="94" elements="977" coveredelements="976" complexity="0" loc="677" ncloc="677" packages="1" files="13" classes="13"/>
    <file name="Model.ts" path="C:\Users\ИС\Documents\GitHub\jquery-range-slider-plugin\src\ts\Model.ts">
      <metrics statements="29" coveredstatements="29" conditionals="16" coveredconditionals="16" methods="6" coveredmethods="6"/>
      <line num="1" count="1" type="stmt"/>
      <line num="4" count="1" type="stmt"/>
      <line num="12" count="10" type="stmt"/>
      <line num="13" count="10" type="stmt"/>
      <line num="14" count="10" type="stmt"/>
      <line num="17" count="10" type="stmt"/>
      <line num="18" count="10" type="stmt"/>
      <line num="19" count="10" type="stmt"/>
      <line num="20" count="10" type="stmt"/>
      <line num="23" count="1" type="stmt"/>
      <line num="25" count="10" type="stmt"/>
      <line num="27" count="10" type="cond" truecount="2" falsecount="0"/>
      <line num="29" count="10" type="stmt"/>
      <line num="30" count="10" type="stmt"/>
      <line num="33" count="1" type="stmt"/>
      <line num="34" count="4" type="stmt"/>
      <line num="36" count="4" type="cond" truecount="2" falsecount="0"/>
      <line num="38" count="4" type="stmt"/>
      <line num="41" count="1" type="stmt"/>
      <line num="42" count="7" type="stmt"/>
      <line num="44" count="7" type="cond" truecount="2" falsecount="0"/>
      <line num="45" count="7" type="stmt"/>
      <line num="48" count="1" type="stmt"/>
      <line num="49" count="10" type="cond" truecount="2" falsecount="0"/>
      <line num="50" count="10" type="cond" truecount="2" falsecount="0"/>
      <line num="51" count="10" type="cond" truecount="2" falsecount="0"/>
      <line num="52" count="9" type="cond" truecount="2" falsecount="0"/>
      <line num="53" count="9" type="cond" truecount="2" falsecount="0"/>
      <line num="55" count="1" type="stmt"/>
    </file>
    <file name="Observer.ts" path="C:\Users\ИС\Documents\GitHub\jquery-range-slider-plugin\src\ts\Observer.ts">
      <metrics statements="20" coveredstatements="20" conditionals="4" coveredconditionals="4" methods="5" coveredmethods="5"/>
      <line num="1" count="1" type="stmt"/>
      <line num="5" count="129" type="stmt"/>
      <line num="8" count="1" type="stmt"/>
      <line num="9" count="33" type="stmt"/>
      <line num="10" count="7" type="stmt"/>
      <line num="11" count="7" type="cond" truecount="2" falsecount="0"/>
      <line num="12" count="1" type="stmt"/>
      <line num="15" count="32" type="stmt"/>
      <line num="18" count="1" type="stmt"/>
      <line num="19" count="3" type="stmt"/>
      <line num="20" count="8" type="stmt"/>
      <line num="21" count="8" type="cond" truecount="2" falsecount="0"/>
      <line num="22" count="2" type="stmt"/>
      <line num="23" count="2" type="stmt"/>
      <line num="27" count="1" type="stmt"/>
      <line num="30" count="1" type="stmt"/>
      <line num="33" count="250" type="stmt"/>
      <line num="34" count="250" type="stmt"/>
      <line num="35" count="81" type="stmt"/>
      <line num="38" count="1" type="stmt"/>
    </file>
    <file name="Presenter.ts" path="C:\Users\ИС\Documents\GitHub\jquery-range-slider-plugin\src\ts\Presenter.ts">
      <metrics statements="52" coveredstatements="52" conditionals="8" coveredconditionals="7" methods="8" coveredmethods="8"/>
      <line num="1" count="1" type="stmt"/>
      <line num="2" count="1" type="stmt"/>
      <line num="5" count="1" type="stmt"/>
      <line num="13" count="4" type="stmt"/>
      <line num="14" count="4" type="stmt"/>
      <line num="15" count="4" type="stmt"/>
      <line num="16" count="4" type="stmt"/>
      <line num="17" count="4" type="stmt"/>
      <line num="18" count="4" type="stmt"/>
      <line num="21" count="4" type="stmt"/>
      <line num="22" count="4" type="stmt"/>
      <line num="23" count="4" type="stmt"/>
      <line num="25" count="4" type="stmt"/>
      <line num="26" count="4" type="cond" truecount="4" falsecount="0"/>
      <line num="27" count="2" type="stmt"/>
      <line num="28" count="2" type="stmt"/>
      <line num="29" count="2" type="stmt"/>
      <line num="30" count="2" type="stmt"/>
      <line num="31" count="2" type="cond" truecount="3" falsecount="1"/>
      <line num="32" count="2" type="stmt"/>
      <line num="33" count="2" type="stmt"/>
      <line num="34" count="2" type="stmt"/>
      <line num="36" count="2" type="stmt"/>
      <line num="37" count="2" type="stmt"/>
      <line num="39" count="2" type="stmt"/>
      <line num="40" count="2" type="stmt"/>
      <line num="41" count="2" type="stmt"/>
      <line num="46" count="1" type="stmt"/>
      <line num="47" count="2" type="stmt"/>
      <line num="48" count="2" type="stmt"/>
      <line num="51" count="2" type="stmt"/>
      <line num="52" count="2" type="stmt"/>
      <line num="53" count="2" type="stmt"/>
      <line num="54" count="2" type="stmt"/>
      <line num="55" count="2" type="stmt"/>
      <line num="57" count="2" type="stmt"/>
      <line num="59" count="2" type="stmt"/>
      <line num="61" count="2" type="stmt"/>
      <line num="64" count="1" type="stmt"/>
      <line num="65" count="2" type="stmt"/>
      <line num="66" count="2" type="stmt"/>
      <line num="69" count="2" type="stmt"/>
      <line num="70" count="2" type="stmt"/>
      <line num="71" count="2" type="stmt"/>
      <line num="72" count="2" type="stmt"/>
      <line num="73" count="2" type="stmt"/>
      <line num="74" count="2" type="stmt"/>
      <line num="75" count="2" type="stmt"/>
      <line num="76" count="2" type="stmt"/>
      <line num="77" count="2" type="stmt"/>
      <line num="79" count="2" type="stmt"/>
      <line num="81" count="1" type="stmt"/>
    </file>
    <file name="View.ts" path="C:\Users\ИС\Documents\GitHub\jquery-range-slider-plugin\src\ts\View.ts">
      <metrics statements="34" coveredstatements="34" conditionals="12" coveredconditionals="12" methods="5" coveredmethods="5"/>
      <line num="1" count="1" type="stmt"/>
      <line num="2" count="1" type="stmt"/>
      <line num="3" count="1" type="stmt"/>
      <line num="4" count="1" type="stmt"/>
      <line num="5" count="1" type="stmt"/>
      <line num="8" count="1" type="stmt"/>
      <line num="25" count="8" type="stmt"/>
      <line num="26" count="8" type="stmt"/>
      <line num="27" count="8" type="stmt"/>
      <line num="28" count="8" type="stmt"/>
      <line num="30" count="8" type="stmt"/>
      <line num="34" count="8" type="stmt"/>
      <line num="40" count="8" type="stmt"/>
      <line num="42" count="8" type="stmt"/>
      <line num="43" count="8" type="stmt"/>
      <line num="45" count="8" type="stmt"/>
      <line num="48" count="1" type="stmt"/>
      <line num="49" count="8" type="stmt"/>
      <line num="51" count="8" type="cond" truecount="2" falsecount="0"/>
      <line num="52" count="4" type="stmt"/>
      <line num="54" count="8" type="stmt"/>
      <line num="57" count="1" type="stmt"/>
      <line num="59" count="8" type="cond" truecount="2" falsecount="0"/>
      <line num="60" count="2" type="stmt"/>
      <line num="61" count="2" type="stmt"/>
      <line num="63" count="6" type="cond" truecount="2" falsecount="0"/>
      <line num="64" count="2" type="stmt"/>
      <line num="65" count="2" type="stmt"/>
      <line num="67" count="4" type="cond" truecount="2" falsecount="0"/>
      <line num="68" count="2" type="stmt"/>
      <line num="69" count="2" type="stmt"/>
      <line num="71" count="2" type="stmt"/>
      <line num="72" count="2" type="stmt"/>
      <line num="74" count="1" type="stmt"/>
    </file>
    <file name="ViewDouble.ts" path="C:\Users\ИС\Documents\GitHub\jquery-range-slider-plugin\src\ts\ViewDouble.ts">
      <metrics statements="70" coveredstatements="70" conditionals="10" coveredconditionals="10" methods="10" coveredmethods="10"/>
      <line num="2" count="1" type="stmt"/>
      <line num="3" count="1" type="stmt"/>
      <line num="4" count="1" type="stmt"/>
      <line num="5" count="1" type="stmt"/>
      <line num="6" count="1" type="stmt"/>
      <line num="8" count="1" type="stmt"/>
      <line num="10" count="1" type="stmt"/>
      <line num="35" count="4" type="stmt"/>
      <line num="36" count="4" type="stmt"/>
      <line num="37" count="4" type="stmt"/>
      <line num="38" count="4" type="stmt"/>
      <line num="39" count="4" type="stmt"/>
      <line num="40" count="4" type="stmt"/>
      <line num="41" count="4" type="stmt"/>
      <line num="42" count="4" type="stmt"/>
      <line num="43" count="4" type="stmt"/>
      <line num="44" count="4" type="stmt"/>
      <line num="45" count="4" type="stmt"/>
      <line num="46" count="4" type="stmt"/>
      <line num="47" count="4" type="stmt"/>
      <line num="48" count="4" type="stmt"/>
      <line num="49" count="4" type="stmt"/>
      <line num="50" count="4" type="stmt"/>
      <line num="51" count="12" type="stmt"/>
      <line num="52" count="12" type="stmt"/>
      <line num="53" count="12" type="stmt"/>
      <line num="59" count="1" type="stmt"/>
      <line num="61" count="4" type="stmt"/>
      <line num="62" count="4" type="stmt"/>
      <line num="63" count="4" type="stmt"/>
      <line num="67" count="1" type="stmt"/>
      <line num="68" count="4" type="stmt"/>
      <line num="69" count="4" type="stmt"/>
      <line num="70" count="4" type="cond" truecount="2" falsecount="0"/>
      <line num="72" count="4" type="stmt"/>
      <line num="73" count="4" type="stmt"/>
      <line num="74" count="4" type="cond" truecount="2" falsecount="0"/>
      <line num="75" count="4" type="cond" truecount="2" falsecount="0"/>
      <line num="79" count="1" type="stmt"/>
      <line num="80" count="4" type="stmt"/>
      <line num="81" count="4" type="stmt"/>
      <line num="83" count="4" type="stmt"/>
      <line num="86" count="4" type="stmt"/>
      <line num="88" count="4" type="stmt"/>
      <line num="89" count="4" type="stmt"/>
      <line num="92" count="1" type="stmt"/>
      <line num="93" count="4" type="stmt"/>
      <line num="94" count="4" type="stmt"/>
      <line num="95" count="4" type="stmt"/>
      <line num="96" count="4" type="stmt"/>
      <line num="97" count="4" type="stmt"/>
      <line num="98" count="4" type="stmt"/>
      <line num="100" count="4" type="stmt"/>
      <line num="102" count="4" type="stmt"/>
      <line num="103" count="4" type="stmt"/>
      <line num="105" count="4" type="stmt"/>
      <line num="106" count="4" type="stmt"/>
      <line num="108" count="4" type="stmt"/>
      <line num="109" count="4" type="stmt"/>
      <line num="110" count="4" type="stmt"/>
      <line num="114" count="1" type="stmt"/>
      <line num="115" count="4" type="stmt"/>
      <line num="116" count="4" type="cond" truecount="2" falsecount="0"/>
      <line num="117" count="3" type="stmt"/>
      <line num="118" count="3" type="stmt"/>
      <line num="121" count="4" type="stmt"/>
      <line num="122" count="4" type="cond" truecount="2" falsecount="0"/>
      <line num="123" count="3" type="stmt"/>
      <line num="124" count="3" type="stmt"/>
      <line num="127" count="1" type="stmt"/>
    </file>
    <file name="ViewDoubleVertical.ts" path="C:\Users\ИС\Documents\GitHub\jquery-range-slider-plugin\src\ts\ViewDoubleVertical.ts">
      <metrics statements="68" coveredstatements="68" conditionals="10" coveredconditionals="10" methods="10" coveredmethods="10"/>
      <line num="2" count="1" type="stmt"/>
      <line num="3" count="1" type="stmt"/>
      <line num="4" count="1" type="stmt"/>
      <line num="5" count="1" type="stmt"/>
      <line num="6" count="1" type="stmt"/>
      <line num="8" count="1" type="stmt"/>
      <line num="10" count="1" type="stmt"/>
      <line num="35" count="4" type="stmt"/>
      <line num="36" count="4" type="stmt"/>
      <line num="37" count="4" type="stmt"/>
      <line num="38" count="4" type="stmt"/>
      <line num="39" count="4" type="stmt"/>
      <line num="40" count="4" type="stmt"/>
      <line num="41" count="4" type="stmt"/>
      <line num="42" count="4" type="stmt"/>
      <line num="43" count="4" type="stmt"/>
      <line num="44" count="4" type="stmt"/>
      <line num="45" count="4" type="stmt"/>
      <line num="46" count="4" type="stmt"/>
      <line num="47" count="4" type="stmt"/>
      <line num="48" count="4" type="stmt"/>
      <line num="49" count="12" type="stmt"/>
      <line num="50" count="12" type="stmt"/>
      <line num="51" count="12" type="stmt"/>
      <line num="55" count="1" type="stmt"/>
      <line num="56" count="4" type="stmt"/>
      <line num="57" count="4" type="stmt"/>
      <line num="58" count="4" type="stmt"/>
      <line num="59" count="4" type="stmt"/>
      <line num="60" count="4" type="stmt"/>
      <line num="61" count="4" type="stmt"/>
      <line num="63" count="4" type="stmt"/>
      <line num="65" count="4" type="stmt"/>
      <line num="66" count="4" type="stmt"/>
      <line num="68" count="4" type="stmt"/>
      <line num="69" count="4" type="stmt"/>
      <line num="71" count="4" type="stmt"/>
      <line num="72" count="4" type="stmt"/>
      <line num="73" count="4" type="stmt"/>
      <line num="77" count="1" type="stmt"/>
      <line num="78" count="4" type="stmt"/>
      <line num="79" count="4" type="stmt"/>
      <line num="80" count="4" type="stmt"/>
      <line num="84" count="1" type="stmt"/>
      <line num="85" count="4" type="stmt"/>
      <line num="86" count="4" type="stmt"/>
      <line num="87" count="4" type="cond" truecount="2" falsecount="0"/>
      <line num="89" count="4" type="stmt"/>
      <line num="90" count="4" type="stmt"/>
      <line num="91" count="4" type="cond" truecount="2" falsecount="0"/>
      <line num="92" count="4" type="cond" truecount="2" falsecount="0"/>
      <line num="96" count="1" type="stmt"/>
      <line num="97" count="4" type="stmt"/>
      <line num="98" count="4" type="stmt"/>
      <line num="100" count="4" type="stmt"/>
      <line num="103" count="4" type="stmt"/>
      <line num="105" count="4" type="stmt"/>
      <line num="106" count="4" type="stmt"/>
      <line num="110" count="1" type="stmt"/>
      <line num="111" count="4" type="stmt"/>
      <line num="113" count="4" type="cond" truecount="2" falsecount="0"/>
      <line num="114" count="3" type="stmt"/>
      <line num="115" count="3" type="stmt"/>
      <line num="118" count="4" type="stmt"/>
      <line num="119" count="4" type="cond" truecount="2" falsecount="0"/>
      <line num="120" count="3" type="stmt"/>
      <line num="121" count="3" type="stmt"/>
      <line num="124" count="1" type="stmt"/>
    </file>
    <file name="ViewFlag.ts" path="C:\Users\ИС\Documents\GitHub\jquery-range-slider-plugin\src\ts\ViewFlag.ts">
      <metrics statements="19" coveredstatements="19" conditionals="4" coveredconditionals="4" methods="4" coveredmethods="4"/>
      <line num="3" count="1" type="stmt"/>
      <line num="7" count="42" type="stmt"/>
      <line num="10" count="1" type="stmt"/>
      <line num="11" count="42" type="stmt"/>
      <line num="12" count="42" type="stmt"/>
      <line num="13" count="42" type="stmt"/>
      <line num="16" count="1" type="stmt"/>
      <line num="17" count="24" type="stmt"/>
      <line num="18" count="24" type="stmt"/>
      <line num="19" count="24" type="stmt"/>
      <line num="20" count="24" type="stmt"/>
      <line num="21" count="24" type="stmt"/>
      <line num="22" count="24" type="stmt"/>
      <line num="24" count="24" type="cond" truecount="2" falsecount="0"/>
      <line num="25" count="11" type="stmt"/>
      <line num="26" count="13" type="cond" truecount="2" falsecount="0"/>
      <line num="27" count="2" type="stmt"/>
      <line num="28" count="11" type="stmt"/>
      <line num="30" count="1" type="stmt"/>
    </file>
    <file name="ViewInner.ts" path="C:\Users\ИС\Documents\GitHub\jquery-range-slider-plugin\src\ts\ViewInner.ts">
      <metrics statements="24" coveredstatements="24" conditionals="6" coveredconditionals="6" methods="4" coveredmethods="4"/>
      <line num="3" count="1" type="stmt"/>
      <line num="9" count="20" type="stmt"/>
      <line num="10" count="20" type="stmt"/>
      <line num="13" count="1" type="stmt"/>
      <line num="14" count="20" type="stmt"/>
      <line num="15" count="20" type="stmt"/>
      <line num="16" count="20" type="stmt"/>
      <line num="19" count="1" type="stmt"/>
      <line num="20" count="24" type="stmt"/>
      <line num="21" count="24" type="stmt"/>
      <line num="23" count="24" type="stmt"/>
      <line num="24" count="24" type="stmt"/>
      <line num="26" count="24" type="cond" truecount="2" falsecount="0"/>
      <line num="27" count="9" type="stmt"/>
      <line num="28" count="15" type="cond" truecount="2" falsecount="0"/>
      <line num="29" count="5" type="stmt"/>
      <line num="30" count="5" type="stmt"/>
      <line num="31" count="5" type="stmt"/>
      <line num="32" count="10" type="cond" truecount="2" falsecount="0"/>
      <line num="33" count="5" type="stmt"/>
      <line num="35" count="5" type="stmt"/>
      <line num="36" count="5" type="stmt"/>
      <line num="37" count="5" type="stmt"/>
      <line num="40" count="1" type="stmt"/>
    </file>
    <file name="ViewScale.ts" path="C:\Users\ИС\Documents\GitHub\jquery-range-slider-plugin\src\ts\ViewScale.ts">
      <metrics statements="69" coveredstatements="69" conditionals="12" coveredconditionals="12" methods="5" coveredmethods="5"/>
      <line num="3" count="1" type="stmt"/>
      <line num="13" count="20" type="stmt"/>
      <line num="14" count="20" type="stmt"/>
      <line num="17" count="1" type="stmt"/>
      <line num="18" count="20" type="stmt"/>
      <line num="19" count="20" type="stmt"/>
      <line num="21" count="20" type="stmt"/>
      <line num="22" count="20" type="stmt"/>
      <line num="24" count="20" type="stmt"/>
      <line num="25" count="20" type="stmt"/>
      <line num="26" count="20" type="stmt"/>
      <line num="27" count="20" type="stmt"/>
      <line num="28" count="20" type="stmt"/>
      <line num="31" count="1" type="stmt"/>
      <line num="32" count="16" type="stmt"/>
      <line num="33" count="16" type="stmt"/>
      <line num="35" count="16" type="stmt"/>
      <line num="36" count="16" type="stmt"/>
      <line num="38" count="16" type="stmt"/>
      <line num="39" count="16" type="stmt"/>
      <line num="41" count="16" type="stmt"/>
      <line num="42" count="16" type="stmt"/>
      <line num="45" count="1" type="stmt"/>
      <line num="46" count="22" type="cond" truecount="2" falsecount="0"/>
      <line num="47" count="22" type="cond" truecount="2" falsecount="0"/>
      <line num="49" count="22" type="stmt"/>
      <line num="50" count="22" type="stmt"/>
      <line num="52" count="22" type="stmt"/>
      <line num="54" count="22" type="stmt"/>
      <line num="55" count="22" type="stmt"/>
      <line num="57" count="22" type="stmt"/>
      <line num="59" count="22" type="stmt"/>
      <line num="60" count="22" type="stmt"/>
      <line num="61" count="22" type="stmt"/>
      <line num="62" count="22" type="cond" truecount="2" falsecount="0"/>
      <line num="63" count="6" type="stmt"/>
      <line num="64" count="126" type="stmt"/>
      <line num="66" count="126" type="stmt"/>
      <line num="67" count="126" type="stmt"/>
      <line num="69" count="126" type="stmt"/>
      <line num="71" count="126" type="stmt"/>
      <line num="72" count="126" type="cond" truecount="2" falsecount="0"/>
      <line num="73" count="120" type="stmt"/>
      <line num="75" count="6" type="stmt"/>
      <line num="77" count="16" type="stmt"/>
      <line num="78" count="4648" type="stmt"/>
      <line num="80" count="4648" type="stmt"/>
      <line num="81" count="4648" type="stmt"/>
      <line num="82" count="4648" type="stmt"/>
      <line num="84" count="4648" type="cond" truecount="2" falsecount="0"/>
      <line num="86" count="4644" type="stmt"/>
      <line num="87" count="4644" type="stmt"/>
      <line num="89" count="16" type="stmt"/>
      <line num="90" count="16" type="stmt"/>
      <line num="93" count="22" type="cond" truecount="2" falsecount="0"/>
      <line num="94" count="6" type="stmt"/>
      <line num="95" count="66" type="stmt"/>
      <line num="96" count="66" type="stmt"/>
      <line num="97" count="66" type="stmt"/>
      <line num="98" count="66" type="stmt"/>
      <line num="99" count="66" type="stmt"/>
      <line num="101" count="66" type="stmt"/>
      <line num="104" count="16" type="stmt"/>
      <line num="105" count="16" type="stmt"/>
      <line num="106" count="16" type="stmt"/>
      <line num="107" count="16" type="stmt"/>
      <line num="108" count="16" type="stmt"/>
      <line num="109" count="16" type="stmt"/>
      <line num="112" count="1" type="stmt"/>
    </file>
    <file name="ViewSingle.ts" path="C:\Users\ИС\Documents\GitHub\jquery-range-slider-plugin\src\ts\ViewSingle.ts">
      <metrics statements="56" coveredstatements="56" conditionals="8" coveredconditionals="8" methods="9" coveredmethods="9"/>
      <line num="3" count="1" type="stmt"/>
      <line num="4" count="1" type="stmt"/>
      <line num="5" count="1" type="stmt"/>
      <line num="6" count="1" type="stmt"/>
      <line num="7" count="1" type="stmt"/>
      <line num="9" count="1" type="stmt"/>
      <line num="11" count="1" type="stmt"/>
      <line num="30" count="4" type="stmt"/>
      <line num="31" count="4" type="stmt"/>
      <line num="32" count="4" type="stmt"/>
      <line num="33" count="4" type="stmt"/>
      <line num="34" count="4" type="stmt"/>
      <line num="35" count="4" type="stmt"/>
      <line num="36" count="4" type="stmt"/>
      <line num="37" count="4" type="stmt"/>
      <line num="38" count="4" type="stmt"/>
      <line num="40" count="4" type="stmt"/>
      <line num="42" count="4" type="stmt"/>
      <line num="43" count="4" type="stmt"/>
      <line num="44" count="4" type="stmt"/>
      <line num="45" count="4" type="stmt"/>
      <line num="46" count="16" type="stmt"/>
      <line num="47" count="16" type="stmt"/>
      <line num="54" count="1" type="stmt"/>
      <line num="55" count="4" type="stmt"/>
      <line num="56" count="4" type="stmt"/>
      <line num="57" count="4" type="cond" truecount="2" falsecount="0"/>
      <line num="58" count="4" type="cond" truecount="2" falsecount="0"/>
      <line num="62" count="1" type="stmt"/>
      <line num="63" count="4" type="stmt"/>
      <line num="64" count="4" type="stmt"/>
      <line num="66" count="4" type="stmt"/>
      <line num="69" count="4" type="stmt"/>
      <line num="72" count="4" type="stmt"/>
      <line num="73" count="4" type="stmt"/>
      <line num="76" count="1" type="stmt"/>
      <line num="77" count="4" type="stmt"/>
      <line num="78" count="4" type="stmt"/>
      <line num="79" count="4" type="stmt"/>
      <line num="80" count="4" type="stmt"/>
      <line num="81" count="4" type="stmt"/>
      <line num="83" count="4" type="stmt"/>
      <line num="85" count="4" type="stmt"/>
      <line num="87" count="4" type="stmt"/>
      <line num="89" count="4" type="stmt"/>
      <line num="90" count="4" type="stmt"/>
      <line num="91" count="4" type="stmt"/>
      <line num="93" count="4" type="stmt"/>
      <line num="97" count="1" type="stmt"/>
      <line num="98" count="4" type="stmt"/>
      <line num="99" count="4" type="cond" truecount="2" falsecount="0"/>
      <line num="100" count="4" type="stmt"/>
      <line num="101" count="4" type="cond" truecount="2" falsecount="0"/>
      <line num="102" count="3" type="stmt"/>
      <line num="103" count="3" type="stmt"/>
      <line num="106" count="1" type="stmt"/>
    </file>
    <file name="ViewSingleVertical.ts" path="C:\Users\ИС\Documents\GitHub\jquery-range-slider-plugin\src\ts\ViewSingleVertical.ts">
      <metrics statements="54" coveredstatements="54" conditionals="8" coveredconditionals="8" methods="9" coveredmethods="9"/>
      <line num="2" count="1" type="stmt"/>
      <line num="3" count="1" type="stmt"/>
      <line num="4" count="1" type="stmt"/>
      <line num="5" count="1" type="stmt"/>
      <line num="6" count="1" type="stmt"/>
      <line num="8" count="1" type="stmt"/>
      <line num="10" count="1" type="stmt"/>
      <line num="29" count="4" type="stmt"/>
      <line num="30" count="4" type="stmt"/>
      <line num="31" count="4" type="stmt"/>
      <line num="32" count="4" type="stmt"/>
      <line num="33" count="4" type="stmt"/>
      <line num="34" count="4" type="stmt"/>
      <line num="35" count="4" type="stmt"/>
      <line num="36" count="4" type="stmt"/>
      <line num="37" count="4" type="stmt"/>
      <line num="38" count="4" type="stmt"/>
      <line num="39" count="4" type="stmt"/>
      <line num="40" count="4" type="stmt"/>
      <line num="41" count="4" type="stmt"/>
      <line num="42" count="4" type="stmt"/>
      <line num="43" count="16" type="stmt"/>
      <line num="44" count="16" type="stmt"/>
      <line num="51" count="1" type="stmt"/>
      <line num="52" count="4" type="stmt"/>
      <line num="53" count="4" type="stmt"/>
      <line num="54" count="4" type="cond" truecount="2" falsecount="0"/>
      <line num="55" count="4" type="cond" truecount="2" falsecount="0"/>
      <line num="59" count="1" type="stmt"/>
      <line num="60" count="4" type="stmt"/>
      <line num="61" count="4" type="stmt"/>
      <line num="63" count="4" type="stmt"/>
      <line num="66" count="4" type="stmt"/>
      <line num="68" count="4" type="stmt"/>
      <line num="69" count="4" type="stmt"/>
      <line num="72" count="1" type="stmt"/>
      <line num="73" count="4" type="stmt"/>
      <line num="74" count="4" type="stmt"/>
      <line num="75" count="4" type="stmt"/>
      <line num="76" count="4" type="stmt"/>
      <line num="77" count="4" type="stmt"/>
      <line num="79" count="4" type="stmt"/>
      <line num="81" count="4" type="stmt"/>
      <line num="83" count="4" type="stmt"/>
      <line num="85" count="4" type="stmt"/>
      <line num="86" count="4" type="stmt"/>
      <line num="90" count="1" type="stmt"/>
      <line num="91" count="4" type="stmt"/>
      <line num="92" count="4" type="cond" truecount="2" falsecount="0"/>
      <line num="93" count="4" type="stmt"/>
      <line num="94" count="4" type="cond" truecount="2" falsecount="0"/>
      <line num="95" count="3" type="stmt"/>
      <line num="96" count="3" type="stmt"/>
      <line num="99" count="1" type="stmt"/>
    </file>
    <file name="ViewThumb.ts" path="C:\Users\ИС\Documents\GitHub\jquery-range-slider-plugin\src\ts\ViewThumb.ts">
      <metrics statements="160" coveredstatements="160" conditionals="100" coveredconditionals="100" methods="15" coveredmethods="15"/>
      <line num="3" count="1" type="stmt"/>
      <line num="5" count="1" type="stmt"/>
      <line num="15" count="94" type="stmt"/>
      <line num="16" count="94" type="stmt"/>
      <line num="19" count="1" type="stmt"/>
      <line num="20" count="94" type="stmt"/>
      <line num="21" count="94" type="stmt"/>
      <line num="22" count="94" type="stmt"/>
      <line num="26" count="1" type="stmt"/>
      <line num="27" count="24" type="stmt"/>
      <line num="28" count="24" type="stmt"/>
      <line num="29" count="24" type="stmt"/>
      <line num="30" count="24" type="stmt"/>
      <line num="31" count="24" type="stmt"/>
      <line num="32" count="24" type="stmt"/>
      <line num="33" count="24" type="cond" truecount="2" falsecount="0"/>
      <line num="34" count="24" type="cond" truecount="2" falsecount="0"/>
      <line num="36" count="7" type="stmt"/>
      <line num="39" count="7" type="stmt"/>
      <line num="42" count="7" type="stmt"/>
      <line num="45" count="7" type="stmt"/>
      <line num="46" count="7" type="stmt"/>
      <line num="48" count="7" type="cond" truecount="2" falsecount="0"/>
      <line num="49" count="7" type="cond" truecount="2" falsecount="0"/>
      <line num="52" count="25" type="stmt"/>
      <line num="53" count="25" type="stmt"/>
      <line num="55" count="25" type="stmt"/>
      <line num="57" count="25" type="stmt"/>
      <line num="59" count="25" type="cond" truecount="2" falsecount="0"/>
      <line num="60" count="3" type="stmt"/>
      <line num="61" count="22" type="cond" truecount="2" falsecount="0"/>
      <line num="62" count="20" type="stmt"/>
      <line num="65" count="25" type="stmt"/>
      <line num="66" count="25" type="stmt"/>
      <line num="68" count="7" type="stmt"/>
      <line num="71" count="18" type="stmt"/>
      <line num="74" count="36" type="stmt"/>
      <line num="76" count="7" type="stmt"/>
      <line num="77" count="7" type="stmt"/>
      <line num="78" count="7" type="stmt"/>
      <line num="79" count="7" type="stmt"/>
      <line num="82" count="1" type="stmt"/>
      <line num="83" count="31" type="stmt"/>
      <line num="84" count="31" type="stmt"/>
      <line num="85" count="31" type="stmt"/>
      <line num="86" count="31" type="stmt"/>
      <line num="87" count="31" type="stmt"/>
      <line num="90" count="31" type="stmt"/>
      <line num="91" count="31" type="stmt"/>
      <line num="93" count="31" type="cond" truecount="2" falsecount="0"/>
      <line num="95" count="22" type="cond" truecount="2" falsecount="0"/>
      <line num="96" count="11" type="stmt"/>
      <line num="98" count="11" type="stmt"/>
      <line num="100" count="22" type="stmt"/>
      <line num="101" count="22" type="stmt"/>
      <line num="103" count="22" type="stmt"/>
      <line num="106" count="22" type="stmt"/>
      <line num="109" count="22" type="stmt"/>
      <line num="112" count="22" type="stmt"/>
      <line num="114" count="22" type="stmt"/>
      <line num="115" count="22" type="cond" truecount="2" falsecount="0"/>
      <line num="116" count="22" type="cond" truecount="2" falsecount="0"/>
      <line num="117" count="22" type="cond" truecount="2" falsecount="0"/>
      <line num="118" count="22" type="cond" truecount="2" falsecount="0"/>
      <line num="119" count="22" type="cond" truecount="2" falsecount="0"/>
      <line num="121" count="63" type="cond" truecount="2" falsecount="0"/>
      <line num="123" count="63" type="stmt"/>
      <line num="124" count="63" type="stmt"/>
      <line num="126" count="63" type="stmt"/>
      <line num="127" count="63" type="cond" truecount="2" falsecount="0"/>
      <line num="128" count="63" type="cond" truecount="2" falsecount="0"/>
      <line num="130" count="63" type="cond" truecount="2" falsecount="0"/>
      <line num="131" count="22" type="stmt"/>
      <line num="132" count="41" type="cond" truecount="2" falsecount="0"/>
      <line num="133" count="23" type="stmt"/>
      <line num="136" count="63" type="cond" truecount="4" falsecount="0"/>
      <line num="137" count="8" type="stmt"/>
      <line num="138" count="55" type="cond" truecount="4" falsecount="0"/>
      <line num="139" count="6" type="stmt"/>
      <line num="142" count="63" type="stmt"/>
      <line num="143" count="63" type="stmt"/>
      <line num="148" count="22" type="stmt"/>
      <line num="151" count="41" type="stmt"/>
      <line num="154" count="84" type="stmt"/>
      <line num="156" count="22" type="stmt"/>
      <line num="157" count="22" type="stmt"/>
      <line num="158" count="22" type="stmt"/>
      <line num="159" count="22" type="stmt"/>
      <line num="160" count="22" type="stmt"/>
      <line num="163" count="1" type="stmt"/>
      <line num="164" count="28" type="stmt"/>
      <line num="165" count="28" type="stmt"/>
      <line num="166" count="28" type="stmt"/>
      <line num="167" count="28" type="stmt"/>
      <line num="168" count="28" type="stmt"/>
      <line num="169" count="28" type="stmt"/>
      <line num="170" count="28" type="cond" truecount="2" falsecount="0"/>
      <line num="172" count="28" type="cond" truecount="2" falsecount="0"/>
      <line num="173" count="28" type="cond" truecount="2" falsecount="0"/>
      <line num="175" count="28" type="stmt"/>
      <line num="176" count="28" type="stmt"/>
      <line num="177" count="28" type="stmt"/>
      <line num="178" count="28" type="stmt"/>
      <line num="179" count="28" type="stmt"/>
      <line num="182" count="28" type="stmt"/>
      <line num="183" count="28" type="stmt"/>
      <line num="184" count="28" type="stmt"/>
      <line num="186" count="28" type="stmt"/>
      <line num="187" count="28" type="cond" truecount="2" falsecount="0"/>
      <line num="188" count="28" type="cond" truecount="2" falsecount="0"/>
      <line num="189" count="2" type="stmt"/>
      <line num="192" count="28" type="stmt"/>
      <line num="193" count="28" type="stmt"/>
      <line num="195" count="28" type="stmt"/>
      <line num="196" count="28" type="stmt"/>
      <line num="197" count="28" type="stmt"/>
      <line num="200" count="1" type="stmt"/>
      <line num="201" count="21" type="stmt"/>
      <line num="202" count="21" type="stmt"/>
      <line num="203" count="21" type="stmt"/>
      <line num="204" count="21" type="stmt"/>
      <line num="205" count="21" type="cond" truecount="2" falsecount="0"/>
      <line num="206" count="21" type="stmt"/>
      <line num="207" count="21" type="stmt"/>
      <line num="208" count="21" type="stmt"/>
      <line num="210" count="21" type="cond" truecount="2" falsecount="0"/>
      <line num="211" count="21" type="cond" truecount="2" falsecount="0"/>
      <line num="212" count="21" type="cond" truecount="2" falsecount="0"/>
      <line num="213" count="21" type="cond" truecount="2" falsecount="0"/>
      <line num="218" count="21" type="stmt"/>
      <line num="219" count="21" type="stmt"/>
      <line num="223" count="21" type="cond" truecount="2" falsecount="0"/>
      <line num="224" count="21" type="cond" truecount="2" falsecount="0"/>
      <line num="225" count="21" type="cond" truecount="2" falsecount="0"/>
      <line num="226" count="15" type="stmt"/>
      <line num="228" count="21" type="stmt"/>
      <line num="229" count="21" type="stmt"/>
      <line num="230" count="21" type="stmt"/>
      <line num="231" count="21" type="stmt"/>
      <line num="232" count="21" type="stmt"/>
      <line num="235" count="21" type="cond" truecount="2" falsecount="0"/>
      <line num="237" count="21" type="stmt"/>
      <line num="238" count="21" type="stmt"/>
      <line num="240" count="21" type="stmt"/>
      <line num="241" count="21" type="cond" truecount="2" falsecount="0"/>
      <line num="242" count="21" type="cond" truecount="2" falsecount="0"/>
      <line num="244" count="21" type="cond" truecount="2" falsecount="0"/>
      <line num="245" count="21" type="cond" truecount="2" falsecount="0"/>
      <line num="246" count="2" type="stmt"/>
      <line num="248" count="21" type="cond" truecount="4" falsecount="0"/>
      <line num="249" count="10" type="stmt"/>
      <line num="250" count="11" type="cond" truecount="2" falsecount="0"/>
      <line num="254" count="2" type="stmt"/>
      <line num="257" count="21" type="stmt"/>
      <line num="258" count="21" type="stmt"/>
      <line num="264" count="21" type="stmt"/>
      <line num="265" count="21" type="stmt"/>
      <line num="266" count="21" type="stmt"/>
      <line num="267" count="21" type="stmt"/>
      <line num="269" count="1" type="stmt"/>
    </file>
    <file name="ViewTrack.ts" path="C:\Users\ИС\Documents\GitHub\jquery-range-slider-plugin\src\ts\ViewTrack.ts">
      <metrics statements="22" coveredstatements="22" conditionals="8" coveredconditionals="8" methods="4" coveredmethods="4"/>
      <line num="3" count="1" type="stmt"/>
      <line num="9" count="20" type="stmt"/>
      <line num="10" count="20" type="stmt"/>
      <line num="11" count="20" type="stmt"/>
      <line num="14" count="1" type="stmt"/>
      <line num="15" count="20" type="stmt"/>
      <line num="16" count="20" type="stmt"/>
      <line num="17" count="20" type="stmt"/>
      <line num="20" count="1" type="stmt"/>
      <line num="21" count="20" type="cond" truecount="2" falsecount="0"/>
      <line num="22" count="5" type="stmt"/>
      <line num="23" count="5" type="stmt"/>
      <line num="25" count="20" type="cond" truecount="2" falsecount="0"/>
      <line num="26" count="5" type="stmt"/>
      <line num="27" count="5" type="stmt"/>
      <line num="29" count="20" type="cond" truecount="2" falsecount="0"/>
      <line num="30" count="5" type="stmt"/>
      <line num="31" count="5" type="stmt"/>
      <line num="33" count="20" type="cond" truecount="2" falsecount="0"/>
      <line num="34" count="5" type="stmt"/>
      <line num="35" count="5" type="stmt"/>
      <line num="38" count="1" type="stmt"/>
    </file>
  </project>
</coverage>
