{"C:\\Users\\ИС\\Documents\\GitHub\\jquery-range-slider-plugin\\src\\ts\\ViewThumb.ts": {"path":"C:\\Users\\ИС\\Documents\\GitHub\\jquery-range-slider-plugin\\src\\ts\\ViewThumb.ts","statementMap":{"0":{"start":{"line":4,"column":0},"end":{"line":4,"column":null}},"1":{"start":{"line":14,"column":4},"end":{"line":14,"column":29}},"2":{"start":{"line":15,"column":4},"end":{"line":15,"column":22}},"3":{"start":{"line":18,"column":10},"end":{"line":22,"column":null}},"4":{"start":{"line":19,"column":31},"end":{"line":19,"column":61}},"5":{"start":{"line":20,"column":4},"end":{"line":20,"column":70}},"6":{"start":{"line":21,"column":4},"end":{"line":21,"column":20}},"7":{"start":{"line":25,"column":2},"end":{"line":81,"column":null}},"8":{"start":{"line":26,"column":19},"end":{"line":26,"column":42}},"9":{"start":{"line":27,"column":23},"end":{"line":27,"column":54}},"10":{"start":{"line":28,"column":18},"end":{"line":28,"column":64}},"11":{"start":{"line":29,"column":18},"end":{"line":29,"column":71}},"12":{"start":{"line":30,"column":18},"end":{"line":30,"column":76}},"13":{"start":{"line":31,"column":24},"end":{"line":31,"column":58}},"14":{"start":{"line":33,"column":4},"end":{"line":33,"column":23}},"15":{"start":{"line":33,"column":16},"end":{"line":33,"column":23}},"16":{"start":{"line":35,"column":4},"end":{"line":35,"column":null}},"17":{"start":{"line":35,"column":30},"end":{"line":35,"column":null}},"18":{"start":{"line":38,"column":6},"end":{"line":38,"column":95}},"19":{"start":{"line":39,"column":4},"end":{"line":39,"column":95}},"20":{"start":{"line":39,"column":36},"end":{"line":39,"column":95}},"21":{"start":{"line":40,"column":26},"end":{"line":42,"column":53}},"22":{"start":{"line":43,"column":30},"end":{"line":45,"column":49}},"23":{"start":{"line":46,"column":31},"end":{"line":48,"column":61}},"24":{"start":{"line":49,"column":22},"end":{"line":49,"column":48}},"25":{"start":{"line":50,"column":21},"end":{"line":50,"column":43}},"26":{"start":{"line":52,"column":18},"end":{"line":52,"column":66}},"27":{"start":{"line":53,"column":17},"end":{"line":53,"column":69}},"28":{"start":{"line":56,"column":25},"end":{"line":56,"column":61}},"29":{"start":{"line":57,"column":21},"end":{"line":57,"column":58}},"30":{"start":{"line":59,"column":25},"end":{"line":59,"column":65}},"31":{"start":{"line":61,"column":6},"end":{"line":61,"column":45}},"32":{"start":{"line":63,"column":6},"end":{"line":67,"column":null}},"33":{"start":{"line":64,"column":8},"end":{"line":64,"column":38}},"34":{"start":{"line":65,"column":13},"end":{"line":67,"column":null}},"35":{"start":{"line":66,"column":8},"end":{"line":66,"column":47}},"36":{"start":{"line":69,"column":6},"end":{"line":69,"column":92}},"37":{"start":{"line":71,"column":4},"end":{"line":71,"column":null}},"38":{"start":{"line":74,"column":6},"end":{"line":74,"column":null}},"39":{"start":{"line":77,"column":6},"end":{"line":77,"column":61}},"40":{"start":{"line":79,"column":4},"end":{"line":79,"column":56}},"41":{"start":{"line":80,"column":4},"end":{"line":80,"column":63}},"42":{"start":{"line":83,"column":2},"end":{"line":164,"column":null}},"43":{"start":{"line":84,"column":23},"end":{"line":84,"column":54}},"44":{"start":{"line":85,"column":19},"end":{"line":85,"column":42}},"45":{"start":{"line":86,"column":18},"end":{"line":86,"column":64}},"46":{"start":{"line":87,"column":18},"end":{"line":87,"column":76}},"47":{"start":{"line":88,"column":24},"end":{"line":88,"column":77}},"48":{"start":{"line":89,"column":4},"end":{"line":89,"column":28}},"49":{"start":{"line":89,"column":22},"end":{"line":89,"column":28}},"50":{"start":{"line":92,"column":23},"end":{"line":92,"column":87}},"51":{"start":{"line":93,"column":24},"end":{"line":93,"column":89}},"52":{"start":{"line":95,"column":4},"end":{"line":99,"column":null}},"53":{"start":{"line":96,"column":6},"end":{"line":96,"column":38}},"54":{"start":{"line":98,"column":6},"end":{"line":98,"column":37}},"55":{"start":{"line":100,"column":4},"end":{"line":100,"column":37}},"56":{"start":{"line":101,"column":4},"end":{"line":101,"column":42}},"57":{"start":{"line":102,"column":4},"end":{"line":102,"column":null}},"58":{"start":{"line":102,"column":36},"end":{"line":102,"column":null}},"59":{"start":{"line":104,"column":6},"end":{"line":104,"column":95}},"60":{"start":{"line":105,"column":4},"end":{"line":105,"column":95}},"61":{"start":{"line":105,"column":36},"end":{"line":105,"column":95}},"62":{"start":{"line":107,"column":26},"end":{"line":109,"column":59}},"63":{"start":{"line":110,"column":30},"end":{"line":112,"column":55}},"64":{"start":{"line":113,"column":30},"end":{"line":115,"column":61}},"65":{"start":{"line":116,"column":22},"end":{"line":116,"column":48}},"66":{"start":{"line":118,"column":21},"end":{"line":118,"column":42}},"67":{"start":{"line":119,"column":19},"end":{"line":119,"column":79}},"68":{"start":{"line":120,"column":22},"end":{"line":120,"column":86}},"69":{"start":{"line":121,"column":18},"end":{"line":121,"column":66}},"70":{"start":{"line":122,"column":17},"end":{"line":122,"column":69}},"71":{"start":{"line":123,"column":24},"end":{"line":123,"column":58}},"72":{"start":{"line":125,"column":25},"end":{"line":125,"column":108}},"73":{"start":{"line":126,"column":31},"end":{"line":126,"column":126}},"74":{"start":{"line":127,"column":37},"end":{"line":127,"column":144}},"75":{"start":{"line":128,"column":6},"end":{"line":128,"column":25}},"76":{"start":{"line":128,"column":18},"end":{"line":128,"column":25}},"77":{"start":{"line":129,"column":22},"end":{"line":129,"column":59}},"78":{"start":{"line":130,"column":25},"end":{"line":130,"column":66}},"79":{"start":{"line":132,"column":6},"end":{"line":132,"column":51}},"80":{"start":{"line":134,"column":6},"end":{"line":138,"column":null}},"81":{"start":{"line":135,"column":8},"end":{"line":135,"column":44}},"82":{"start":{"line":136,"column":13},"end":{"line":138,"column":null}},"83":{"start":{"line":137,"column":8},"end":{"line":137,"column":52}},"84":{"start":{"line":140,"column":6},"end":{"line":144,"column":null}},"85":{"start":{"line":141,"column":8},"end":{"line":141,"column":97}},"86":{"start":{"line":142,"column":13},"end":{"line":144,"column":null}},"87":{"start":{"line":143,"column":8},"end":{"line":143,"column":97}},"88":{"start":{"line":145,"column":6},"end":{"line":145,"column":81}},"89":{"start":{"line":146,"column":6},"end":{"line":149,"column":11}},"90":{"start":{"line":151,"column":4},"end":{"line":151,"column":null}},"91":{"start":{"line":154,"column":6},"end":{"line":154,"column":29}},"92":{"start":{"line":157,"column":6},"end":{"line":157,"column":61}},"93":{"start":{"line":159,"column":4},"end":{"line":159,"column":56}},"94":{"start":{"line":160,"column":4},"end":{"line":160,"column":63}},"95":{"start":{"line":162,"column":4},"end":{"line":162,"column":null}},"96":{"start":{"line":163,"column":4},"end":{"line":163,"column":null}},"97":{"start":{"line":166,"column":2},"end":{"line":201,"column":null}},"98":{"start":{"line":167,"column":23},"end":{"line":167,"column":54}},"99":{"start":{"line":168,"column":19},"end":{"line":168,"column":42}},"100":{"start":{"line":169,"column":18},"end":{"line":169,"column":64}},"101":{"start":{"line":170,"column":18},"end":{"line":170,"column":76}},"102":{"start":{"line":171,"column":18},"end":{"line":171,"column":76}},"103":{"start":{"line":172,"column":24},"end":{"line":172,"column":58}},"104":{"start":{"line":174,"column":6},"end":{"line":174,"column":95}},"105":{"start":{"line":175,"column":4},"end":{"line":175,"column":95}},"106":{"start":{"line":175,"column":36},"end":{"line":175,"column":95}},"107":{"start":{"line":177,"column":18},"end":{"line":177,"column":66}},"108":{"start":{"line":178,"column":17},"end":{"line":178,"column":69}},"109":{"start":{"line":180,"column":22},"end":{"line":180,"column":67}},"110":{"start":{"line":181,"column":31},"end":{"line":181,"column":72}},"111":{"start":{"line":182,"column":31},"end":{"line":182,"column":85}},"112":{"start":{"line":183,"column":22},"end":{"line":183,"column":48}},"113":{"start":{"line":184,"column":21},"end":{"line":184,"column":43}},"114":{"start":{"line":187,"column":25},"end":{"line":187,"column":61}},"115":{"start":{"line":188,"column":22},"end":{"line":188,"column":57}},"116":{"start":{"line":189,"column":25},"end":{"line":189,"column":66}},"117":{"start":{"line":191,"column":6},"end":{"line":191,"column":45}},"118":{"start":{"line":192,"column":6},"end":{"line":192,"column":89}},"119":{"start":{"line":192,"column":59},"end":{"line":192,"column":89}},"120":{"start":{"line":193,"column":6},"end":{"line":195,"column":null}},"121":{"start":{"line":194,"column":8},"end":{"line":194,"column":47}},"122":{"start":{"line":196,"column":6},"end":{"line":196,"column":57}},"123":{"start":{"line":198,"column":4},"end":{"line":198,"column":null}},"124":{"start":{"line":200,"column":4},"end":{"line":200,"column":63}},"125":{"start":{"line":203,"column":2},"end":{"line":276,"column":null}},"126":{"start":{"line":204,"column":23},"end":{"line":204,"column":54}},"127":{"start":{"line":205,"column":19},"end":{"line":205,"column":42}},"128":{"start":{"line":206,"column":18},"end":{"line":206,"column":64}},"129":{"start":{"line":207,"column":18},"end":{"line":207,"column":76}},"130":{"start":{"line":208,"column":24},"end":{"line":208,"column":58}},"131":{"start":{"line":209,"column":19},"end":{"line":209,"column":65}},"132":{"start":{"line":210,"column":23},"end":{"line":210,"column":47}},"133":{"start":{"line":211,"column":24},"end":{"line":211,"column":48}},"134":{"start":{"line":213,"column":24},"end":{"line":213,"column":63}},"135":{"start":{"line":214,"column":23},"end":{"line":214,"column":66}},"136":{"start":{"line":215,"column":18},"end":{"line":215,"column":45}},"137":{"start":{"line":216,"column":17},"end":{"line":216,"column":48}},"138":{"start":{"line":221,"column":4},"end":{"line":221,"column":80}},"139":{"start":{"line":222,"column":4},"end":{"line":222,"column":81}},"140":{"start":{"line":225,"column":4},"end":{"line":225,"column":55}},"141":{"start":{"line":225,"column":48},"end":{"line":225,"column":55}},"142":{"start":{"line":227,"column":4},"end":{"line":227,"column":64}},"143":{"start":{"line":227,"column":29},"end":{"line":227,"column":64}},"144":{"start":{"line":228,"column":4},"end":{"line":228,"column":67}},"145":{"start":{"line":228,"column":30},"end":{"line":228,"column":67}},"146":{"start":{"line":229,"column":4},"end":{"line":230,"column":47}},"147":{"start":{"line":229,"column":44},"end":{"line":229,"column":82}},"148":{"start":{"line":230,"column":9},"end":{"line":230,"column":47}},"149":{"start":{"line":233,"column":6},"end":{"line":233,"column":95}},"150":{"start":{"line":234,"column":4},"end":{"line":234,"column":95}},"151":{"start":{"line":234,"column":36},"end":{"line":234,"column":95}},"152":{"start":{"line":236,"column":22},"end":{"line":236,"column":72}},"153":{"start":{"line":237,"column":30},"end":{"line":237,"column":76}},"154":{"start":{"line":238,"column":30},"end":{"line":238,"column":83}},"155":{"start":{"line":239,"column":22},"end":{"line":239,"column":48}},"156":{"start":{"line":240,"column":21},"end":{"line":240,"column":42}},"157":{"start":{"line":243,"column":25},"end":{"line":243,"column":108}},"158":{"start":{"line":244,"column":30},"end":{"line":244,"column":123}},"159":{"start":{"line":245,"column":31},"end":{"line":245,"column":126}},"160":{"start":{"line":247,"column":22},"end":{"line":247,"column":52}},"161":{"start":{"line":248,"column":25},"end":{"line":248,"column":66}},"162":{"start":{"line":250,"column":6},"end":{"line":250,"column":50}},"163":{"start":{"line":252,"column":6},"end":{"line":252,"column":99}},"164":{"start":{"line":252,"column":64},"end":{"line":252,"column":99}},"165":{"start":{"line":253,"column":6},"end":{"line":255,"column":null}},"166":{"start":{"line":254,"column":8},"end":{"line":254,"column":51}},"167":{"start":{"line":256,"column":6},"end":{"line":263,"column":null}},"168":{"start":{"line":257,"column":8},"end":{"line":257,"column":90}},"169":{"start":{"line":258,"column":13},"end":{"line":263,"column":null}},"170":{"start":{"line":262,"column":8},"end":{"line":262,"column":89}},"171":{"start":{"line":265,"column":6},"end":{"line":265,"column":87}},"172":{"start":{"line":266,"column":6},"end":{"line":269,"column":11}},"173":{"start":{"line":272,"column":4},"end":{"line":272,"column":null}},"174":{"start":{"line":274,"column":4},"end":{"line":274,"column":68}},"175":{"start":{"line":275,"column":4},"end":{"line":275,"column":74}},"176":{"start":{"line":277,"column":0},"end":{"line":277,"column":null}}},"fnMap":{"0":{"name":"(anonymous_0)","decl":{"start":{"line":4,"column":0},"end":{"line":4,"column":null}},"loc":{"start":{"line":4,"column":0},"end":{"line":277,"column":null}}},"1":{"name":"ViewThumb","decl":{"start":{"line":13,"column":2},"end":{"line":13,"column":14}},"loc":{"start":{"line":13,"column":38},"end":{"line":16,"column":3}}},"2":{"name":"(anonymous_2)","decl":{"start":{"line":18,"column":2},"end":{"line":18,"column":10}},"loc":{"start":{"line":18,"column":2},"end":{"line":22,"column":3}}},"3":{"name":"(anonymous_3)","decl":{"start":{"line":25,"column":2},"end":{"line":25,"column":16}},"loc":{"start":{"line":25,"column":56},"end":{"line":81,"column":3}}},"4":{"name":"(anonymous_4)","decl":{"start":{"line":35,"column":24},"end":{"line":35,"column":30}},"loc":{"start":{"line":35,"column":24},"end":{"line":35,"column":35}}},"5":{"name":"moveAt","decl":{"start":{"line":55,"column":13},"end":{"line":55,"column":19}},"loc":{"start":{"line":55,"column":36},"end":{"line":70,"column":5}}},"6":{"name":"onMouseMove","decl":{"start":{"line":73,"column":13},"end":{"line":73,"column":24}},"loc":{"start":{"line":73,"column":38},"end":{"line":75,"column":5}}},"7":{"name":"removeEventListeners","decl":{"start":{"line":76,"column":13},"end":{"line":76,"column":33}},"loc":{"start":{"line":76,"column":33},"end":{"line":78,"column":5}}},"8":{"name":"(anonymous_8)","decl":{"start":{"line":83,"column":2},"end":{"line":83,"column":16}},"loc":{"start":{"line":83,"column":56},"end":{"line":164,"column":3}}},"9":{"name":"(anonymous_9)","decl":{"start":{"line":102,"column":30},"end":{"line":102,"column":36}},"loc":{"start":{"line":102,"column":30},"end":{"line":102,"column":41}}},"10":{"name":"moveAt","decl":{"start":{"line":124,"column":13},"end":{"line":124,"column":19}},"loc":{"start":{"line":124,"column":36},"end":{"line":150,"column":5}}},"11":{"name":"onMouseMove","decl":{"start":{"line":153,"column":13},"end":{"line":153,"column":24}},"loc":{"start":{"line":153,"column":38},"end":{"line":155,"column":5}}},"12":{"name":"removeEventListeners","decl":{"start":{"line":156,"column":13},"end":{"line":156,"column":33}},"loc":{"start":{"line":156,"column":33},"end":{"line":158,"column":5}}},"13":{"name":"(anonymous_13)","decl":{"start":{"line":166,"column":2},"end":{"line":166,"column":19}},"loc":{"start":{"line":166,"column":59},"end":{"line":201,"column":3}}},"14":{"name":"moveAt","decl":{"start":{"line":186,"column":13},"end":{"line":186,"column":19}},"loc":{"start":{"line":186,"column":38},"end":{"line":197,"column":5}}},"15":{"name":"(anonymous_15)","decl":{"start":{"line":203,"column":2},"end":{"line":203,"column":19}},"loc":{"start":{"line":203,"column":59},"end":{"line":276,"column":3}}},"16":{"name":"moveAt","decl":{"start":{"line":242,"column":13},"end":{"line":242,"column":19}},"loc":{"start":{"line":242,"column":33},"end":{"line":270,"column":5}}}},"branchMap":{"0":{"loc":{"start":{"line":31,"column":37},"end":{"line":31,"column":46}},"type":"cond-expr","locations":[{"start":{"line":31,"column":37},"end":{"line":31,"column":46}},{"start":{"line":31,"column":49},"end":{"line":31,"column":58}}]},"1":{"loc":{"start":{"line":33,"column":4},"end":{"line":33,"column":23}},"type":"if","locations":[{"start":{"line":33,"column":4},"end":{"line":33,"column":23}},{"start":{"line":33,"column":4},"end":{"line":33,"column":23}}]},"2":{"loc":{"start":{"line":39,"column":4},"end":{"line":39,"column":95}},"type":"if","locations":[{"start":{"line":39,"column":4},"end":{"line":39,"column":95}},{"start":{"line":39,"column":4},"end":{"line":39,"column":95}}]},"3":{"loc":{"start":{"line":41,"column":8},"end":{"line":41,"column":54}},"type":"cond-expr","locations":[{"start":{"line":41,"column":8},"end":{"line":41,"column":54}},{"start":{"line":42,"column":8},"end":{"line":42,"column":53}}]},"4":{"loc":{"start":{"line":44,"column":8},"end":{"line":44,"column":50}},"type":"cond-expr","locations":[{"start":{"line":44,"column":8},"end":{"line":44,"column":50}},{"start":{"line":45,"column":8},"end":{"line":45,"column":49}}]},"5":{"loc":{"start":{"line":47,"column":8},"end":{"line":47,"column":62}},"type":"cond-expr","locations":[{"start":{"line":47,"column":8},"end":{"line":47,"column":62}},{"start":{"line":48,"column":8},"end":{"line":48,"column":61}}]},"6":{"loc":{"start":{"line":52,"column":52},"end":{"line":52,"column":57}},"type":"cond-expr","locations":[{"start":{"line":52,"column":52},"end":{"line":52,"column":57}},{"start":{"line":52,"column":60},"end":{"line":52,"column":66}}]},"7":{"loc":{"start":{"line":53,"column":51},"end":{"line":53,"column":59}},"type":"cond-expr","locations":[{"start":{"line":53,"column":51},"end":{"line":53,"column":59}},{"start":{"line":53,"column":62},"end":{"line":53,"column":69}}]},"8":{"loc":{"start":{"line":63,"column":6},"end":{"line":67,"column":null}},"type":"if","locations":[{"start":{"line":63,"column":6},"end":{"line":67,"column":null}},{"start":{"line":63,"column":6},"end":{"line":67,"column":null}}]},"9":{"loc":{"start":{"line":65,"column":13},"end":{"line":67,"column":null}},"type":"if","locations":[{"start":{"line":65,"column":13},"end":{"line":67,"column":null}},{"start":{"line":65,"column":13},"end":{"line":67,"column":null}}]},"10":{"loc":{"start":{"line":89,"column":4},"end":{"line":89,"column":28}},"type":"if","locations":[{"start":{"line":89,"column":4},"end":{"line":89,"column":28}},{"start":{"line":89,"column":4},"end":{"line":89,"column":28}}]},"11":{"loc":{"start":{"line":95,"column":4},"end":{"line":99,"column":null}},"type":"if","locations":[{"start":{"line":95,"column":4},"end":{"line":99,"column":null}},{"start":{"line":95,"column":4},"end":{"line":99,"column":null}}]},"12":{"loc":{"start":{"line":105,"column":4},"end":{"line":105,"column":95}},"type":"if","locations":[{"start":{"line":105,"column":4},"end":{"line":105,"column":95}},{"start":{"line":105,"column":4},"end":{"line":105,"column":95}}]},"13":{"loc":{"start":{"line":108,"column":8},"end":{"line":108,"column":60}},"type":"cond-expr","locations":[{"start":{"line":108,"column":8},"end":{"line":108,"column":60}},{"start":{"line":109,"column":8},"end":{"line":109,"column":59}}]},"14":{"loc":{"start":{"line":111,"column":8},"end":{"line":111,"column":56}},"type":"cond-expr","locations":[{"start":{"line":111,"column":8},"end":{"line":111,"column":56}},{"start":{"line":112,"column":8},"end":{"line":112,"column":55}}]},"15":{"loc":{"start":{"line":114,"column":8},"end":{"line":114,"column":62}},"type":"cond-expr","locations":[{"start":{"line":114,"column":8},"end":{"line":114,"column":62}},{"start":{"line":115,"column":8},"end":{"line":115,"column":61}}]},"16":{"loc":{"start":{"line":119,"column":53},"end":{"line":119,"column":64}},"type":"cond-expr","locations":[{"start":{"line":119,"column":53},"end":{"line":119,"column":64}},{"start":{"line":119,"column":67},"end":{"line":119,"column":79}}]},"17":{"loc":{"start":{"line":120,"column":56},"end":{"line":120,"column":70}},"type":"cond-expr","locations":[{"start":{"line":120,"column":56},"end":{"line":120,"column":70}},{"start":{"line":120,"column":73},"end":{"line":120,"column":86}}]},"18":{"loc":{"start":{"line":121,"column":52},"end":{"line":121,"column":57}},"type":"cond-expr","locations":[{"start":{"line":121,"column":52},"end":{"line":121,"column":57}},{"start":{"line":121,"column":60},"end":{"line":121,"column":66}}]},"19":{"loc":{"start":{"line":122,"column":51},"end":{"line":122,"column":59}},"type":"cond-expr","locations":[{"start":{"line":122,"column":51},"end":{"line":122,"column":59}},{"start":{"line":122,"column":62},"end":{"line":122,"column":69}}]},"20":{"loc":{"start":{"line":123,"column":37},"end":{"line":123,"column":46}},"type":"cond-expr","locations":[{"start":{"line":123,"column":37},"end":{"line":123,"column":46}},{"start":{"line":123,"column":49},"end":{"line":123,"column":58}}]},"21":{"loc":{"start":{"line":125,"column":38},"end":{"line":125,"column":71}},"type":"cond-expr","locations":[{"start":{"line":125,"column":38},"end":{"line":125,"column":71}},{"start":{"line":125,"column":74},"end":{"line":125,"column":108}}]},"22":{"loc":{"start":{"line":126,"column":44},"end":{"line":126,"column":83}},"type":"cond-expr","locations":[{"start":{"line":126,"column":44},"end":{"line":126,"column":83}},{"start":{"line":126,"column":86},"end":{"line":126,"column":126}}]},"23":{"loc":{"start":{"line":127,"column":50},"end":{"line":127,"column":95}},"type":"cond-expr","locations":[{"start":{"line":127,"column":50},"end":{"line":127,"column":95}},{"start":{"line":127,"column":98},"end":{"line":127,"column":144}}]},"24":{"loc":{"start":{"line":128,"column":6},"end":{"line":128,"column":25}},"type":"if","locations":[{"start":{"line":128,"column":6},"end":{"line":128,"column":25}},{"start":{"line":128,"column":6},"end":{"line":128,"column":25}}]},"25":{"loc":{"start":{"line":134,"column":6},"end":{"line":138,"column":null}},"type":"if","locations":[{"start":{"line":134,"column":6},"end":{"line":138,"column":null}},{"start":{"line":134,"column":6},"end":{"line":138,"column":null}}]},"26":{"loc":{"start":{"line":136,"column":13},"end":{"line":138,"column":null}},"type":"if","locations":[{"start":{"line":136,"column":13},"end":{"line":138,"column":null}},{"start":{"line":136,"column":13},"end":{"line":138,"column":null}}]},"27":{"loc":{"start":{"line":140,"column":6},"end":{"line":144,"column":null}},"type":"if","locations":[{"start":{"line":140,"column":6},"end":{"line":144,"column":null}},{"start":{"line":140,"column":6},"end":{"line":144,"column":null}}]},"28":{"loc":{"start":{"line":140,"column":10},"end":{"line":140,"column":36}},"type":"binary-expr","locations":[{"start":{"line":140,"column":10},"end":{"line":140,"column":36}},{"start":{"line":140,"column":40},"end":{"line":140,"column":82}}]},"29":{"loc":{"start":{"line":142,"column":13},"end":{"line":144,"column":null}},"type":"if","locations":[{"start":{"line":142,"column":13},"end":{"line":144,"column":null}},{"start":{"line":142,"column":13},"end":{"line":144,"column":null}}]},"30":{"loc":{"start":{"line":142,"column":17},"end":{"line":142,"column":44}},"type":"binary-expr","locations":[{"start":{"line":142,"column":17},"end":{"line":142,"column":44}},{"start":{"line":142,"column":48},"end":{"line":142,"column":90}}]},"31":{"loc":{"start":{"line":172,"column":37},"end":{"line":172,"column":46}},"type":"cond-expr","locations":[{"start":{"line":172,"column":37},"end":{"line":172,"column":46}},{"start":{"line":172,"column":49},"end":{"line":172,"column":58}}]},"32":{"loc":{"start":{"line":175,"column":4},"end":{"line":175,"column":95}},"type":"if","locations":[{"start":{"line":175,"column":4},"end":{"line":175,"column":95}},{"start":{"line":175,"column":4},"end":{"line":175,"column":95}}]},"33":{"loc":{"start":{"line":177,"column":52},"end":{"line":177,"column":57}},"type":"cond-expr","locations":[{"start":{"line":177,"column":52},"end":{"line":177,"column":57}},{"start":{"line":177,"column":60},"end":{"line":177,"column":66}}]},"34":{"loc":{"start":{"line":178,"column":51},"end":{"line":178,"column":59}},"type":"cond-expr","locations":[{"start":{"line":178,"column":51},"end":{"line":178,"column":59}},{"start":{"line":178,"column":62},"end":{"line":178,"column":69}}]},"35":{"loc":{"start":{"line":192,"column":6},"end":{"line":192,"column":89}},"type":"if","locations":[{"start":{"line":192,"column":6},"end":{"line":192,"column":89}},{"start":{"line":192,"column":6},"end":{"line":192,"column":89}}]},"36":{"loc":{"start":{"line":193,"column":6},"end":{"line":195,"column":null}},"type":"if","locations":[{"start":{"line":193,"column":6},"end":{"line":195,"column":null}},{"start":{"line":193,"column":6},"end":{"line":195,"column":null}}]},"37":{"loc":{"start":{"line":208,"column":37},"end":{"line":208,"column":46}},"type":"cond-expr","locations":[{"start":{"line":208,"column":37},"end":{"line":208,"column":46}},{"start":{"line":208,"column":49},"end":{"line":208,"column":58}}]},"38":{"loc":{"start":{"line":213,"column":37},"end":{"line":213,"column":48}},"type":"cond-expr","locations":[{"start":{"line":213,"column":37},"end":{"line":213,"column":48}},{"start":{"line":213,"column":51},"end":{"line":213,"column":63}}]},"39":{"loc":{"start":{"line":214,"column":36},"end":{"line":214,"column":50}},"type":"cond-expr","locations":[{"start":{"line":214,"column":36},"end":{"line":214,"column":50}},{"start":{"line":214,"column":53},"end":{"line":214,"column":66}}]},"40":{"loc":{"start":{"line":215,"column":31},"end":{"line":215,"column":36}},"type":"cond-expr","locations":[{"start":{"line":215,"column":31},"end":{"line":215,"column":36}},{"start":{"line":215,"column":39},"end":{"line":215,"column":45}}]},"41":{"loc":{"start":{"line":216,"column":30},"end":{"line":216,"column":38}},"type":"cond-expr","locations":[{"start":{"line":216,"column":30},"end":{"line":216,"column":38}},{"start":{"line":216,"column":41},"end":{"line":216,"column":48}}]},"42":{"loc":{"start":{"line":225,"column":4},"end":{"line":225,"column":55}},"type":"if","locations":[{"start":{"line":225,"column":4},"end":{"line":225,"column":55}},{"start":{"line":225,"column":4},"end":{"line":225,"column":55}}]},"43":{"loc":{"start":{"line":227,"column":4},"end":{"line":227,"column":64}},"type":"if","locations":[{"start":{"line":227,"column":4},"end":{"line":227,"column":64}},{"start":{"line":227,"column":4},"end":{"line":227,"column":64}}]},"44":{"loc":{"start":{"line":228,"column":4},"end":{"line":228,"column":67}},"type":"if","locations":[{"start":{"line":228,"column":4},"end":{"line":228,"column":67}},{"start":{"line":228,"column":4},"end":{"line":228,"column":67}}]},"45":{"loc":{"start":{"line":229,"column":4},"end":{"line":230,"column":47}},"type":"if","locations":[{"start":{"line":229,"column":4},"end":{"line":230,"column":47}},{"start":{"line":229,"column":4},"end":{"line":230,"column":47}}]},"46":{"loc":{"start":{"line":234,"column":4},"end":{"line":234,"column":95}},"type":"if","locations":[{"start":{"line":234,"column":4},"end":{"line":234,"column":95}},{"start":{"line":234,"column":4},"end":{"line":234,"column":95}}]},"47":{"loc":{"start":{"line":243,"column":38},"end":{"line":243,"column":71}},"type":"cond-expr","locations":[{"start":{"line":243,"column":38},"end":{"line":243,"column":71}},{"start":{"line":243,"column":74},"end":{"line":243,"column":108}}]},"48":{"loc":{"start":{"line":244,"column":43},"end":{"line":244,"column":81}},"type":"cond-expr","locations":[{"start":{"line":244,"column":43},"end":{"line":244,"column":81}},{"start":{"line":244,"column":84},"end":{"line":244,"column":123}}]},"49":{"loc":{"start":{"line":245,"column":44},"end":{"line":245,"column":83}},"type":"cond-expr","locations":[{"start":{"line":245,"column":44},"end":{"line":245,"column":83}},{"start":{"line":245,"column":86},"end":{"line":245,"column":126}}]},"50":{"loc":{"start":{"line":252,"column":6},"end":{"line":252,"column":99}},"type":"if","locations":[{"start":{"line":252,"column":6},"end":{"line":252,"column":99}},{"start":{"line":252,"column":6},"end":{"line":252,"column":99}}]},"51":{"loc":{"start":{"line":253,"column":6},"end":{"line":255,"column":null}},"type":"if","locations":[{"start":{"line":253,"column":6},"end":{"line":255,"column":null}},{"start":{"line":253,"column":6},"end":{"line":255,"column":null}}]},"52":{"loc":{"start":{"line":256,"column":6},"end":{"line":263,"column":null}},"type":"if","locations":[{"start":{"line":256,"column":6},"end":{"line":263,"column":null}},{"start":{"line":256,"column":6},"end":{"line":263,"column":null}}]},"53":{"loc":{"start":{"line":256,"column":10},"end":{"line":256,"column":35}},"type":"binary-expr","locations":[{"start":{"line":256,"column":10},"end":{"line":256,"column":35}},{"start":{"line":256,"column":39},"end":{"line":256,"column":74}}]},"54":{"loc":{"start":{"line":258,"column":13},"end":{"line":263,"column":null}},"type":"if","locations":[{"start":{"line":258,"column":13},"end":{"line":263,"column":null}},{"start":{"line":258,"column":13},"end":{"line":263,"column":null}}]},"55":{"loc":{"start":{"line":259,"column":8},"end":{"line":259,"column":34}},"type":"binary-expr","locations":[{"start":{"line":259,"column":8},"end":{"line":259,"column":34}},{"start":{"line":260,"column":8},"end":{"line":260,"column":43}}]}},"s":{"0":1,"1":22,"2":22,"3":1,"4":22,"5":22,"6":22,"7":1,"8":3,"9":3,"10":3,"11":3,"12":3,"13":3,"14":3,"15":0,"16":3,"17":0,"18":3,"19":3,"20":0,"21":3,"22":3,"23":3,"24":3,"25":3,"26":3,"27":3,"28":3,"29":3,"30":3,"31":3,"32":3,"33":1,"34":2,"35":1,"36":3,"37":3,"38":0,"39":0,"40":3,"41":3,"42":1,"43":7,"44":7,"45":7,"46":7,"47":7,"48":7,"49":0,"50":7,"51":7,"52":7,"53":4,"54":3,"55":7,"56":7,"57":7,"58":0,"59":7,"60":7,"61":0,"62":7,"63":7,"64":7,"65":7,"66":7,"67":7,"68":7,"69":7,"70":7,"71":7,"72":7,"73":7,"74":7,"75":7,"76":0,"77":7,"78":7,"79":7,"80":7,"81":3,"82":4,"83":3,"84":7,"85":1,"86":6,"87":0,"88":7,"89":7,"90":7,"91":0,"92":0,"93":7,"94":7,"95":7,"96":7,"97":1,"98":1,"99":1,"100":1,"101":1,"102":1,"103":1,"104":1,"105":1,"106":0,"107":1,"108":1,"109":1,"110":1,"111":1,"112":1,"113":1,"114":1,"115":1,"116":1,"117":1,"118":1,"119":0,"120":1,"121":0,"122":1,"123":1,"124":1,"125":1,"126":1,"127":1,"128":1,"129":1,"130":1,"131":1,"132":1,"133":1,"134":1,"135":1,"136":1,"137":1,"138":1,"139":1,"140":1,"141":0,"142":1,"143":1,"144":1,"145":0,"146":1,"147":1,"148":0,"149":1,"150":1,"151":0,"152":1,"153":1,"154":1,"155":1,"156":1,"157":1,"158":1,"159":1,"160":1,"161":1,"162":1,"163":1,"164":0,"165":1,"166":0,"167":1,"168":0,"169":1,"170":0,"171":1,"172":1,"173":1,"174":1,"175":1,"176":1},"f":{"0":1,"1":22,"2":22,"3":3,"4":0,"5":3,"6":0,"7":0,"8":7,"9":0,"10":7,"11":0,"12":0,"13":1,"14":1,"15":1,"16":1},"b":{"0":[0,3],"1":[0,3],"2":[0,3],"3":[0,3],"4":[0,3],"5":[0,3],"6":[0,3],"7":[0,3],"8":[1,2],"9":[1,1],"10":[0,7],"11":[4,3],"12":[0,7],"13":[0,7],"14":[0,7],"15":[0,7],"16":[0,7],"17":[0,7],"18":[0,7],"19":[0,7],"20":[0,7],"21":[0,7],"22":[0,7],"23":[0,7],"24":[0,7],"25":[3,4],"26":[3,1],"27":[1,6],"28":[7,4],"29":[0,6],"30":[6,3],"31":[0,1],"32":[0,1],"33":[0,1],"34":[0,1],"35":[0,1],"36":[0,1],"37":[0,1],"38":[0,1],"39":[0,1],"40":[0,1],"41":[0,1],"42":[0,1],"43":[1,0],"44":[0,1],"45":[1,0],"46":[0,1],"47":[0,1],"48":[0,1],"49":[0,1],"50":[0,1],"51":[0,1],"52":[0,1],"53":[1,0],"54":[0,1],"55":[1,1]}}
}
