{"C:\\range-slider\\src\\range-slider\\Observer.ts": {"path":"C:\\range-slider\\src\\range-slider\\Observer.ts","statementMap":{"0":{"start":{"line":1,"column":0},"end":{"line":1,"column":null}},"1":{"start":{"line":5,"column":4},"end":{"line":5,"column":24}},"2":{"start":{"line":8,"column":2},"end":{"line":15,"column":null}},"3":{"start":{"line":9,"column":4},"end":{"line":13,"column":7}},"4":{"start":{"line":10,"column":6},"end":{"line":12,"column":null}},"5":{"start":{"line":11,"column":8},"end":{"line":11,"column":49}},"6":{"start":{"line":14,"column":4},"end":{"line":14,"column":27}},"7":{"start":{"line":17,"column":2},"end":{"line":25,"column":null}},"8":{"start":{"line":17,"column":2},"end":{"line":17,"column":16}},"9":{"start":{"line":18,"column":4},"end":{"line":24,"column":7}},"10":{"start":{"line":19,"column":6},"end":{"line":22,"column":null}},"11":{"start":{"line":20,"column":8},"end":{"line":20,"column":36}},"12":{"start":{"line":21,"column":8},"end":{"line":21,"column":15}},"13":{"start":{"line":23,"column":6},"end":{"line":23,"column":70}},"14":{"start":{"line":27,"column":2},"end":{"line":31,"column":null}},"15":{"start":{"line":28,"column":4},"end":{"line":30,"column":7}},"16":{"start":{"line":29,"column":6},"end":{"line":29,"column":13}},"17":{"start":{"line":32,"column":0},"end":{"line":32,"column":null}}},"fnMap":{"0":{"name":"(anonymous_0)","decl":{"start":{"line":1,"column":0},"end":{"line":1,"column":null}},"loc":{"start":{"line":1,"column":0},"end":{"line":32,"column":null}}},"1":{"name":"MakeObservableSubject","decl":{"start":{"line":4,"column":2},"end":{"line":4,"column":null}},"loc":{"start":{"line":4,"column":2},"end":{"line":6,"column":3}}},"2":{"name":"(anonymous_2)","decl":{"start":{"line":8,"column":2},"end":{"line":8,"column":14}},"loc":{"start":{"line":8,"column":28},"end":{"line":15,"column":3}}},"3":{"name":"(anonymous_3)","decl":{"start":{"line":9,"column":27},"end":{"line":9,"column":28}},"loc":{"start":{"line":9,"column":32},"end":{"line":13,"column":5}}},"4":{"name":"(anonymous_4)","decl":{"start":{"line":17,"column":2},"end":{"line":17,"column":16}},"loc":{"start":{"line":17,"column":30},"end":{"line":25,"column":3}}},"5":{"name":"(anonymous_5)","decl":{"start":{"line":18,"column":27},"end":{"line":18,"column":28}},"loc":{"start":{"line":18,"column":35},"end":{"line":24,"column":5}}},"6":{"name":"(anonymous_6)","decl":{"start":{"line":27,"column":2},"end":{"line":27,"column":17}},"loc":{"start":{"line":27,"column":2},"end":{"line":31,"column":3}}},"7":{"name":"(anonymous_7)","decl":{"start":{"line":28,"column":27},"end":{"line":28,"column":28}},"loc":{"start":{"line":28,"column":32},"end":{"line":30,"column":5}}}},"branchMap":{"0":{"loc":{"start":{"line":10,"column":6},"end":{"line":12,"column":null}},"type":"if","locations":[{"start":{"line":10,"column":6},"end":{"line":12,"column":null}},{"start":{"line":10,"column":6},"end":{"line":12,"column":null}}]},"1":{"loc":{"start":{"line":19,"column":6},"end":{"line":22,"column":null}},"type":"if","locations":[{"start":{"line":19,"column":6},"end":{"line":22,"column":null}},{"start":{"line":19,"column":6},"end":{"line":22,"column":null}}]}},"s":{"0":1,"1":79,"2":1,"3":20,"4":1,"5":1,"6":19,"7":1,"8":4,"9":4,"10":3,"11":3,"12":3,"13":0,"14":1,"15":62,"16":6,"17":1},"f":{"0":1,"1":79,"2":20,"3":1,"4":4,"5":3,"6":62,"7":6},"b":{"0":[1,0],"1":[3,0]}}
,"C:\\range-slider\\src\\range-slider\\View.ts": {"path":"C:\\range-slider\\src\\range-slider\\View.ts","statementMap":{"0":{"start":{"line":1,"column":0},"end":{"line":1,"column":38}},"1":{"start":{"line":2,"column":0},"end":{"line":2,"column":38}},"2":{"start":{"line":3,"column":0},"end":{"line":3,"column":54}},"3":{"start":{"line":4,"column":0},"end":{"line":4,"column":54}},"4":{"start":{"line":5,"column":0},"end":{"line":5,"column":47}},"5":{"start":{"line":8,"column":0},"end":{"line":8,"column":null}},"6":{"start":{"line":25,"column":4},"end":{"line":25,"column":45}},"7":{"start":{"line":29,"column":10},"end":{"line":37,"column":null}},"8":{"start":{"line":30,"column":4},"end":{"line":30,"column":51}},"9":{"start":{"line":32,"column":4},"end":{"line":34,"column":null}},"10":{"start":{"line":33,"column":6},"end":{"line":33,"column":59}},"11":{"start":{"line":36,"column":4},"end":{"line":36,"column":42}},"12":{"start":{"line":40,"column":10},"end":{"line":56,"column":null}},"13":{"start":{"line":42,"column":4},"end":{"line":45,"column":null}},"14":{"start":{"line":43,"column":6},"end":{"line":43,"column":69}},"15":{"start":{"line":44,"column":6},"end":{"line":44,"column":23}},"16":{"start":{"line":46,"column":4},"end":{"line":49,"column":null}},"17":{"start":{"line":47,"column":6},"end":{"line":47,"column":69}},"18":{"start":{"line":48,"column":6},"end":{"line":48,"column":23}},"19":{"start":{"line":50,"column":4},"end":{"line":53,"column":null}},"20":{"start":{"line":51,"column":6},"end":{"line":51,"column":77}},"21":{"start":{"line":52,"column":6},"end":{"line":52,"column":23}},"22":{"start":{"line":54,"column":4},"end":{"line":54,"column":75}},"23":{"start":{"line":55,"column":4},"end":{"line":55,"column":21}},"24":{"start":{"line":59,"column":10},"end":{"line":77,"column":null}},"25":{"start":{"line":59,"column":2},"end":{"line":59,"column":10}},"26":{"start":{"line":60,"column":4},"end":{"line":60,"column":22}},"27":{"start":{"line":61,"column":4},"end":{"line":61,"column":29}},"28":{"start":{"line":62,"column":4},"end":{"line":62,"column":58}},"29":{"start":{"line":63,"column":4},"end":{"line":63,"column":40}},"30":{"start":{"line":64,"column":4},"end":{"line":64,"column":54}},"31":{"start":{"line":65,"column":4},"end":{"line":67,"column":63}},"32":{"start":{"line":69,"column":4},"end":{"line":71,"column":63}},"33":{"start":{"line":73,"column":4},"end":{"line":75,"column":7}},"34":{"start":{"line":74,"column":6},"end":{"line":74,"column":26}},"35":{"start":{"line":76,"column":4},"end":{"line":76,"column":47}},"36":{"start":{"line":78,"column":0},"end":{"line":78,"column":null}}},"fnMap":{"0":{"name":"(anonymous_0)","decl":{"start":{"line":8,"column":0},"end":{"line":8,"column":null}},"loc":{"start":{"line":8,"column":0},"end":{"line":78,"column":null}}},"1":{"name":"View","decl":{"start":{"line":24,"column":2},"end":{"line":24,"column":14}},"loc":{"start":{"line":24,"column":80},"end":{"line":26,"column":3}}},"2":{"name":"(anonymous_2)","decl":{"start":{"line":29,"column":2},"end":{"line":29,"column":10}},"loc":{"start":{"line":29,"column":2},"end":{"line":37,"column":3}}},"3":{"name":"(anonymous_3)","decl":{"start":{"line":40,"column":2},"end":{"line":40,"column":10}},"loc":{"start":{"line":40,"column":69},"end":{"line":56,"column":3}}},"4":{"name":"(anonymous_4)","decl":{"start":{"line":59,"column":2},"end":{"line":59,"column":10}},"loc":{"start":{"line":59,"column":81},"end":{"line":77,"column":3}}},"5":{"name":"(anonymous_5)","decl":{"start":{"line":73,"column":42},"end":{"line":73,"column":null}},"loc":{"start":{"line":73,"column":42},"end":{"line":75,"column":5}}}},"branchMap":{"0":{"loc":{"start":{"line":32,"column":4},"end":{"line":34,"column":null}},"type":"if","locations":[{"start":{"line":32,"column":4},"end":{"line":34,"column":null}},{"start":{"line":32,"column":4},"end":{"line":34,"column":null}}]},"1":{"loc":{"start":{"line":42,"column":4},"end":{"line":45,"column":null}},"type":"if","locations":[{"start":{"line":42,"column":4},"end":{"line":45,"column":null}},{"start":{"line":42,"column":4},"end":{"line":45,"column":null}}]},"2":{"loc":{"start":{"line":46,"column":4},"end":{"line":49,"column":null}},"type":"if","locations":[{"start":{"line":46,"column":4},"end":{"line":49,"column":null}},{"start":{"line":46,"column":4},"end":{"line":49,"column":null}}]},"3":{"loc":{"start":{"line":50,"column":4},"end":{"line":53,"column":null}},"type":"if","locations":[{"start":{"line":50,"column":4},"end":{"line":53,"column":null}},{"start":{"line":50,"column":4},"end":{"line":53,"column":null}}]},"4":{"loc":{"start":{"line":66,"column":8},"end":{"line":66,"column":63}},"type":"cond-expr","locations":[{"start":{"line":66,"column":8},"end":{"line":66,"column":63}},{"start":{"line":67,"column":8},"end":{"line":67,"column":62}}]},"5":{"loc":{"start":{"line":70,"column":8},"end":{"line":70,"column":63}},"type":"cond-expr","locations":[{"start":{"line":70,"column":8},"end":{"line":70,"column":63}},{"start":{"line":71,"column":8},"end":{"line":71,"column":62}}]}},"s":{"0":1,"1":1,"2":1,"3":1,"4":1,"5":1,"6":4,"7":1,"8":4,"9":4,"10":2,"11":4,"12":1,"13":4,"14":1,"15":1,"16":3,"17":1,"18":1,"19":2,"20":1,"21":1,"22":1,"23":1,"24":1,"25":4,"26":4,"27":4,"28":4,"29":4,"30":4,"31":4,"32":4,"33":4,"34":4,"35":4,"36":1},"f":{"0":1,"1":4,"2":4,"3":4,"4":4,"5":4},"b":{"0":[2,2],"1":[1,3],"2":[1,2],"3":[1,1],"4":[2,2],"5":[2,2]}}
,"C:\\range-slider\\src\\range-slider\\ViewDouble.ts": {"path":"C:\\range-slider\\src\\range-slider\\ViewDouble.ts","statementMap":{"0":{"start":{"line":2,"column":0},"end":{"line":2,"column":36}},"1":{"start":{"line":3,"column":0},"end":{"line":3,"column":36}},"2":{"start":{"line":4,"column":0},"end":{"line":4,"column":36}},"3":{"start":{"line":5,"column":0},"end":{"line":5,"column":34}},"4":{"start":{"line":6,"column":0},"end":{"line":6,"column":36}},"5":{"start":{"line":8,"column":0},"end":{"line":8,"column":47}},"6":{"start":{"line":10,"column":0},"end":{"line":10,"column":null}},"7":{"start":{"line":39,"column":4},"end":{"line":39,"column":45}},"8":{"start":{"line":42,"column":10},"end":{"line":46,"column":null}},"9":{"start":{"line":43,"column":19},"end":{"line":43,"column":48}},"10":{"start":{"line":44,"column":4},"end":{"line":44,"column":74}},"11":{"start":{"line":45,"column":4},"end":{"line":45,"column":25}},"12":{"start":{"line":50,"column":10},"end":{"line":70,"column":null}},"13":{"start":{"line":51,"column":22},"end":{"line":51,"column":71}},"14":{"start":{"line":52,"column":22},"end":{"line":52,"column":83}},"15":{"start":{"line":53,"column":28},"end":{"line":53,"column":39}},"16":{"start":{"line":54,"column":4},"end":{"line":54,"column":72}},"17":{"start":{"line":55,"column":22},"end":{"line":55,"column":48}},"18":{"start":{"line":56,"column":21},"end":{"line":56,"column":42}},"19":{"start":{"line":57,"column":19},"end":{"line":57,"column":28}},"20":{"start":{"line":58,"column":13},"end":{"line":58,"column":34}},"21":{"start":{"line":59,"column":20},"end":{"line":59,"column":29}},"22":{"start":{"line":60,"column":4},"end":{"line":60,"column":16}},"23":{"start":{"line":61,"column":4},"end":{"line":61,"column":14}},"24":{"start":{"line":62,"column":4},"end":{"line":62,"column":77}},"25":{"start":{"line":63,"column":4},"end":{"line":63,"column":42}},"26":{"start":{"line":64,"column":4},"end":{"line":64,"column":73}},"27":{"start":{"line":65,"column":4},"end":{"line":65,"column":27}},"28":{"start":{"line":65,"column":18},"end":{"line":65,"column":27}},"29":{"start":{"line":66,"column":4},"end":{"line":66,"column":46}},"30":{"start":{"line":67,"column":4},"end":{"line":67,"column":31}},"31":{"start":{"line":68,"column":4},"end":{"line":68,"column":27}},"32":{"start":{"line":69,"column":4},"end":{"line":69,"column":42}},"33":{"start":{"line":74,"column":10},"end":{"line":81,"column":null}},"34":{"start":{"line":75,"column":26},"end":{"line":75,"column":100}},"35":{"start":{"line":76,"column":4},"end":{"line":80,"column":null}},"36":{"start":{"line":77,"column":6},"end":{"line":79,"column":77}},"37":{"start":{"line":78,"column":8},"end":{"line":78,"column":60}},"38":{"start":{"line":79,"column":13},"end":{"line":79,"column":77}},"39":{"start":{"line":83,"column":10},"end":{"line":88,"column":null}},"40":{"start":{"line":84,"column":4},"end":{"line":87,"column":null}},"41":{"start":{"line":85,"column":6},"end":{"line":85,"column":58}},"42":{"start":{"line":86,"column":6},"end":{"line":86,"column":70}},"43":{"start":{"line":90,"column":10},"end":{"line":93,"column":null}},"44":{"start":{"line":91,"column":4},"end":{"line":91,"column":65}},"45":{"start":{"line":92,"column":4},"end":{"line":92,"column":29}},"46":{"start":{"line":95,"column":10},"end":{"line":98,"column":null}},"47":{"start":{"line":96,"column":4},"end":{"line":96,"column":68}},"48":{"start":{"line":97,"column":4},"end":{"line":97,"column":29}},"49":{"start":{"line":101,"column":10},"end":{"line":104,"column":null}},"50":{"start":{"line":102,"column":4},"end":{"line":102,"column":69}},"51":{"start":{"line":103,"column":4},"end":{"line":103,"column":138}},"52":{"start":{"line":107,"column":10},"end":{"line":120,"column":null}},"53":{"start":{"line":108,"column":4},"end":{"line":108,"column":29}},"54":{"start":{"line":109,"column":4},"end":{"line":109,"column":32}},"55":{"start":{"line":110,"column":4},"end":{"line":110,"column":62}},"56":{"start":{"line":111,"column":4},"end":{"line":111,"column":64}},"57":{"start":{"line":113,"column":4},"end":{"line":113,"column":63}},"58":{"start":{"line":113,"column":28},"end":{"line":113,"column":63}},"59":{"start":{"line":115,"column":4},"end":{"line":115,"column":26}},"60":{"start":{"line":117,"column":4},"end":{"line":117,"column":55}},"61":{"start":{"line":118,"column":4},"end":{"line":118,"column":75}},"62":{"start":{"line":118,"column":28},"end":{"line":118,"column":75}},"63":{"start":{"line":119,"column":4},"end":{"line":119,"column":63}},"64":{"start":{"line":119,"column":29},"end":{"line":119,"column":63}},"65":{"start":{"line":123,"column":10},"end":{"line":139,"column":null}},"66":{"start":{"line":124,"column":21},"end":{"line":124,"column":111}},"67":{"start":{"line":126,"column":35},"end":{"line":126,"column":73}},"68":{"start":{"line":127,"column":33},"end":{"line":127,"column":69}},"69":{"start":{"line":128,"column":29},"end":{"line":128,"column":61}},"70":{"start":{"line":130,"column":4},"end":{"line":138,"column":null}},"71":{"start":{"line":131,"column":6},"end":{"line":131,"column":73}},"72":{"start":{"line":132,"column":6},"end":{"line":132,"column":71}},"73":{"start":{"line":133,"column":6},"end":{"line":133,"column":66}},"74":{"start":{"line":135,"column":6},"end":{"line":135,"column":72}},"75":{"start":{"line":136,"column":6},"end":{"line":136,"column":70}},"76":{"start":{"line":137,"column":6},"end":{"line":137,"column":66}},"77":{"start":{"line":141,"column":10},"end":{"line":144,"column":null}},"78":{"start":{"line":142,"column":25},"end":{"line":142,"column":50}},"79":{"start":{"line":143,"column":4},"end":{"line":143,"column":52}},"80":{"start":{"line":148,"column":10},"end":{"line":190,"column":null}},"81":{"start":{"line":148,"column":2},"end":{"line":148,"column":10}},"82":{"start":{"line":149,"column":4},"end":{"line":149,"column":29}},"83":{"start":{"line":150,"column":4},"end":{"line":150,"column":22}},"84":{"start":{"line":151,"column":4},"end":{"line":151,"column":33}},"85":{"start":{"line":153,"column":4},"end":{"line":153,"column":40}},"86":{"start":{"line":155,"column":4},"end":{"line":155,"column":46}},"87":{"start":{"line":156,"column":4},"end":{"line":156,"column":58}},"88":{"start":{"line":157,"column":4},"end":{"line":157,"column":46}},"89":{"start":{"line":158,"column":4},"end":{"line":158,"column":31}},"90":{"start":{"line":159,"column":4},"end":{"line":159,"column":37}},"91":{"start":{"line":160,"column":4},"end":{"line":160,"column":46}},"92":{"start":{"line":162,"column":4},"end":{"line":162,"column":54}},"93":{"start":{"line":165,"column":4},"end":{"line":165,"column":23}},"94":{"start":{"line":167,"column":4},"end":{"line":167,"column":21}},"95":{"start":{"line":168,"column":4},"end":{"line":168,"column":29}},"96":{"start":{"line":170,"column":4},"end":{"line":170,"column":48}},"97":{"start":{"line":171,"column":4},"end":{"line":174,"column":null}},"98":{"start":{"line":172,"column":6},"end":{"line":172,"column":58}},"99":{"start":{"line":173,"column":6},"end":{"line":173,"column":70}},"100":{"start":{"line":176,"column":4},"end":{"line":176,"column":42}},"101":{"start":{"line":178,"column":4},"end":{"line":181,"column":null}},"102":{"start":{"line":179,"column":6},"end":{"line":179,"column":60}},"103":{"start":{"line":180,"column":6},"end":{"line":180,"column":53}},"104":{"start":{"line":182,"column":4},"end":{"line":182,"column":42}},"105":{"start":{"line":184,"column":4},"end":{"line":189,"column":7}},"106":{"start":{"line":185,"column":6},"end":{"line":185,"column":54}},"107":{"start":{"line":186,"column":6},"end":{"line":186,"column":50}},"108":{"start":{"line":187,"column":6},"end":{"line":187,"column":39}},"109":{"start":{"line":188,"column":6},"end":{"line":188,"column":44}},"110":{"start":{"line":191,"column":0},"end":{"line":191,"column":null}}},"fnMap":{"0":{"name":"(anonymous_0)","decl":{"start":{"line":10,"column":0},"end":{"line":10,"column":null}},"loc":{"start":{"line":10,"column":0},"end":{"line":191,"column":null}}},"1":{"name":"ViewDouble","decl":{"start":{"line":38,"column":2},"end":{"line":38,"column":14}},"loc":{"start":{"line":38,"column":80},"end":{"line":40,"column":3}}},"2":{"name":"(anonymous_2)","decl":{"start":{"line":42,"column":2},"end":{"line":42,"column":10}},"loc":{"start":{"line":42,"column":2},"end":{"line":46,"column":3}}},"3":{"name":"(anonymous_3)","decl":{"start":{"line":50,"column":2},"end":{"line":50,"column":10}},"loc":{"start":{"line":50,"column":66},"end":{"line":70,"column":3}}},"4":{"name":"(anonymous_4)","decl":{"start":{"line":74,"column":2},"end":{"line":74,"column":10}},"loc":{"start":{"line":74,"column":53},"end":{"line":81,"column":3}}},"5":{"name":"(anonymous_5)","decl":{"start":{"line":83,"column":2},"end":{"line":83,"column":10}},"loc":{"start":{"line":83,"column":2},"end":{"line":88,"column":3}}},"6":{"name":"(anonymous_6)","decl":{"start":{"line":90,"column":2},"end":{"line":90,"column":10}},"loc":{"start":{"line":90,"column":59},"end":{"line":93,"column":3}}},"7":{"name":"(anonymous_7)","decl":{"start":{"line":95,"column":2},"end":{"line":95,"column":10}},"loc":{"start":{"line":95,"column":57},"end":{"line":98,"column":3}}},"8":{"name":"(anonymous_8)","decl":{"start":{"line":101,"column":2},"end":{"line":101,"column":10}},"loc":{"start":{"line":101,"column":2},"end":{"line":104,"column":3}}},"9":{"name":"(anonymous_9)","decl":{"start":{"line":107,"column":2},"end":{"line":107,"column":10}},"loc":{"start":{"line":107,"column":2},"end":{"line":120,"column":3}}},"10":{"name":"(anonymous_10)","decl":{"start":{"line":123,"column":2},"end":{"line":123,"column":10}},"loc":{"start":{"line":123,"column":2},"end":{"line":139,"column":3}}},"11":{"name":"(anonymous_11)","decl":{"start":{"line":141,"column":2},"end":{"line":141,"column":10}},"loc":{"start":{"line":141,"column":2},"end":{"line":144,"column":3}}},"12":{"name":"(anonymous_12)","decl":{"start":{"line":148,"column":2},"end":{"line":148,"column":10}},"loc":{"start":{"line":148,"column":81},"end":{"line":190,"column":3}}},"13":{"name":"(anonymous_13)","decl":{"start":{"line":184,"column":43},"end":{"line":184,"column":null}},"loc":{"start":{"line":184,"column":43},"end":{"line":189,"column":5}}}},"branchMap":{"0":{"loc":{"start":{"line":65,"column":4},"end":{"line":65,"column":27}},"type":"if","locations":[{"start":{"line":65,"column":4},"end":{"line":65,"column":27}},{"start":{"line":65,"column":4},"end":{"line":65,"column":27}}]},"1":{"loc":{"start":{"line":76,"column":4},"end":{"line":80,"column":null}},"type":"if","locations":[{"start":{"line":76,"column":4},"end":{"line":80,"column":null}},{"start":{"line":76,"column":4},"end":{"line":80,"column":null}}]},"2":{"loc":{"start":{"line":77,"column":6},"end":{"line":79,"column":77}},"type":"if","locations":[{"start":{"line":77,"column":6},"end":{"line":79,"column":77}},{"start":{"line":77,"column":6},"end":{"line":79,"column":77}}]},"3":{"loc":{"start":{"line":84,"column":4},"end":{"line":87,"column":null}},"type":"if","locations":[{"start":{"line":84,"column":4},"end":{"line":87,"column":null}},{"start":{"line":84,"column":4},"end":{"line":87,"column":null}}]},"4":{"loc":{"start":{"line":113,"column":4},"end":{"line":113,"column":63}},"type":"if","locations":[{"start":{"line":113,"column":4},"end":{"line":113,"column":63}},{"start":{"line":113,"column":4},"end":{"line":113,"column":63}}]},"5":{"loc":{"start":{"line":118,"column":4},"end":{"line":118,"column":75}},"type":"if","locations":[{"start":{"line":118,"column":4},"end":{"line":118,"column":75}},{"start":{"line":118,"column":4},"end":{"line":118,"column":75}}]},"6":{"loc":{"start":{"line":119,"column":4},"end":{"line":119,"column":63}},"type":"if","locations":[{"start":{"line":119,"column":4},"end":{"line":119,"column":63}},{"start":{"line":119,"column":4},"end":{"line":119,"column":63}}]},"7":{"loc":{"start":{"line":130,"column":4},"end":{"line":138,"column":null}},"type":"if","locations":[{"start":{"line":130,"column":4},"end":{"line":138,"column":null}},{"start":{"line":130,"column":4},"end":{"line":138,"column":null}}]},"8":{"loc":{"start":{"line":171,"column":4},"end":{"line":174,"column":null}},"type":"if","locations":[{"start":{"line":171,"column":4},"end":{"line":174,"column":null}},{"start":{"line":171,"column":4},"end":{"line":174,"column":null}}]},"9":{"loc":{"start":{"line":178,"column":4},"end":{"line":181,"column":null}},"type":"if","locations":[{"start":{"line":178,"column":4},"end":{"line":181,"column":null}},{"start":{"line":178,"column":4},"end":{"line":181,"column":null}}]}},"s":{"0":1,"1":1,"2":1,"3":1,"4":1,"5":1,"6":1,"7":3,"8":1,"9":3,"10":3,"11":3,"12":1,"13":3,"14":3,"15":3,"16":3,"17":3,"18":3,"19":3,"20":3,"21":3,"22":3,"23":3,"24":3,"25":3,"26":3,"27":3,"28":0,"29":3,"30":3,"31":3,"32":3,"33":1,"34":0,"35":0,"36":0,"37":0,"38":0,"39":1,"40":0,"41":0,"42":0,"43":1,"44":0,"45":0,"46":1,"47":0,"48":0,"49":1,"50":3,"51":3,"52":1,"53":3,"54":3,"55":3,"56":3,"57":3,"58":2,"59":3,"60":3,"61":3,"62":2,"63":3,"64":2,"65":1,"66":3,"67":3,"68":3,"69":3,"70":3,"71":0,"72":0,"73":0,"74":3,"75":3,"76":3,"77":1,"78":3,"79":3,"80":1,"81":3,"82":3,"83":3,"84":3,"85":3,"86":3,"87":3,"88":3,"89":3,"90":3,"91":3,"92":3,"93":3,"94":3,"95":3,"96":3,"97":3,"98":2,"99":2,"100":3,"101":3,"102":2,"103":2,"104":3,"105":3,"106":0,"107":0,"108":0,"109":0,"110":1},"f":{"0":1,"1":3,"2":3,"3":3,"4":0,"5":0,"6":0,"7":0,"8":3,"9":3,"10":3,"11":3,"12":3,"13":0},"b":{"0":[0,3],"1":[0,0],"2":[0,0],"3":[0,0],"4":[2,1],"5":[2,1],"6":[2,1],"7":[0,3],"8":[2,1],"9":[2,1]}}
,"C:\\range-slider\\src\\range-slider\\ViewDoubleVertical.ts": {"path":"C:\\range-slider\\src\\range-slider\\ViewDoubleVertical.ts","statementMap":{"0":{"start":{"line":2,"column":0},"end":{"line":2,"column":36}},"1":{"start":{"line":3,"column":0},"end":{"line":3,"column":36}},"2":{"start":{"line":4,"column":0},"end":{"line":4,"column":36}},"3":{"start":{"line":5,"column":0},"end":{"line":5,"column":34}},"4":{"start":{"line":6,"column":0},"end":{"line":6,"column":36}},"5":{"start":{"line":8,"column":0},"end":{"line":8,"column":47}},"6":{"start":{"line":10,"column":0},"end":{"line":10,"column":null}},"7":{"start":{"line":45,"column":4},"end":{"line":45,"column":45}},"8":{"start":{"line":48,"column":10},"end":{"line":52,"column":null}},"9":{"start":{"line":49,"column":19},"end":{"line":49,"column":48}},"10":{"start":{"line":50,"column":4},"end":{"line":50,"column":96}},"11":{"start":{"line":51,"column":4},"end":{"line":51,"column":25}},"12":{"start":{"line":56,"column":10},"end":{"line":80,"column":null}},"13":{"start":{"line":57,"column":22},"end":{"line":57,"column":72}},"14":{"start":{"line":58,"column":22},"end":{"line":58,"column":84}},"15":{"start":{"line":59,"column":28},"end":{"line":59,"column":39}},"16":{"start":{"line":60,"column":4},"end":{"line":60,"column":48}},"17":{"start":{"line":61,"column":22},"end":{"line":61,"column":48}},"18":{"start":{"line":62,"column":21},"end":{"line":62,"column":42}},"19":{"start":{"line":63,"column":23},"end":{"line":63,"column":32}},"20":{"start":{"line":65,"column":20},"end":{"line":65,"column":29}},"21":{"start":{"line":67,"column":4},"end":{"line":67,"column":16}},"22":{"start":{"line":68,"column":5},"end":{"line":68,"column":26}},"23":{"start":{"line":70,"column":4},"end":{"line":70,"column":77}},"24":{"start":{"line":71,"column":4},"end":{"line":71,"column":41}},"25":{"start":{"line":72,"column":4},"end":{"line":72,"column":85}},"26":{"start":{"line":73,"column":4},"end":{"line":73,"column":27}},"27":{"start":{"line":73,"column":18},"end":{"line":73,"column":27}},"28":{"start":{"line":74,"column":4},"end":{"line":74,"column":45}},"29":{"start":{"line":76,"column":4},"end":{"line":76,"column":31}},"30":{"start":{"line":77,"column":4},"end":{"line":77,"column":27}},"31":{"start":{"line":79,"column":4},"end":{"line":79,"column":42}},"32":{"start":{"line":82,"column":10},"end":{"line":89,"column":null}},"33":{"start":{"line":83,"column":26},"end":{"line":83,"column":100}},"34":{"start":{"line":84,"column":4},"end":{"line":88,"column":null}},"35":{"start":{"line":85,"column":6},"end":{"line":87,"column":77}},"36":{"start":{"line":86,"column":8},"end":{"line":86,"column":60}},"37":{"start":{"line":87,"column":13},"end":{"line":87,"column":77}},"38":{"start":{"line":91,"column":10},"end":{"line":96,"column":null}},"39":{"start":{"line":92,"column":4},"end":{"line":95,"column":null}},"40":{"start":{"line":93,"column":6},"end":{"line":93,"column":58}},"41":{"start":{"line":94,"column":6},"end":{"line":94,"column":70}},"42":{"start":{"line":98,"column":10},"end":{"line":101,"column":null}},"43":{"start":{"line":99,"column":4},"end":{"line":99,"column":65}},"44":{"start":{"line":100,"column":4},"end":{"line":100,"column":29}},"45":{"start":{"line":103,"column":10},"end":{"line":106,"column":null}},"46":{"start":{"line":104,"column":4},"end":{"line":104,"column":68}},"47":{"start":{"line":105,"column":4},"end":{"line":105,"column":29}},"48":{"start":{"line":109,"column":10},"end":{"line":112,"column":null}},"49":{"start":{"line":110,"column":4},"end":{"line":110,"column":69}},"50":{"start":{"line":111,"column":4},"end":{"line":111,"column":138}},"51":{"start":{"line":115,"column":10},"end":{"line":128,"column":null}},"52":{"start":{"line":116,"column":4},"end":{"line":116,"column":29}},"53":{"start":{"line":117,"column":4},"end":{"line":117,"column":32}},"54":{"start":{"line":118,"column":4},"end":{"line":118,"column":62}},"55":{"start":{"line":119,"column":4},"end":{"line":119,"column":64}},"56":{"start":{"line":121,"column":4},"end":{"line":121,"column":63}},"57":{"start":{"line":121,"column":28},"end":{"line":121,"column":63}},"58":{"start":{"line":123,"column":4},"end":{"line":123,"column":26}},"59":{"start":{"line":125,"column":4},"end":{"line":125,"column":55}},"60":{"start":{"line":126,"column":4},"end":{"line":126,"column":75}},"61":{"start":{"line":126,"column":28},"end":{"line":126,"column":75}},"62":{"start":{"line":127,"column":4},"end":{"line":127,"column":63}},"63":{"start":{"line":127,"column":29},"end":{"line":127,"column":63}},"64":{"start":{"line":131,"column":10},"end":{"line":147,"column":null}},"65":{"start":{"line":132,"column":21},"end":{"line":132,"column":111}},"66":{"start":{"line":134,"column":35},"end":{"line":134,"column":73}},"67":{"start":{"line":135,"column":33},"end":{"line":135,"column":69}},"68":{"start":{"line":136,"column":29},"end":{"line":136,"column":61}},"69":{"start":{"line":138,"column":4},"end":{"line":146,"column":null}},"70":{"start":{"line":139,"column":6},"end":{"line":139,"column":73}},"71":{"start":{"line":140,"column":6},"end":{"line":140,"column":71}},"72":{"start":{"line":141,"column":6},"end":{"line":141,"column":66}},"73":{"start":{"line":143,"column":6},"end":{"line":143,"column":72}},"74":{"start":{"line":144,"column":6},"end":{"line":144,"column":70}},"75":{"start":{"line":145,"column":6},"end":{"line":145,"column":66}},"76":{"start":{"line":149,"column":10},"end":{"line":152,"column":null}},"77":{"start":{"line":150,"column":25},"end":{"line":150,"column":50}},"78":{"start":{"line":151,"column":4},"end":{"line":151,"column":52}},"79":{"start":{"line":156,"column":10},"end":{"line":198,"column":null}},"80":{"start":{"line":156,"column":2},"end":{"line":156,"column":10}},"81":{"start":{"line":157,"column":4},"end":{"line":157,"column":29}},"82":{"start":{"line":158,"column":4},"end":{"line":158,"column":33}},"83":{"start":{"line":160,"column":4},"end":{"line":160,"column":30}},"84":{"start":{"line":161,"column":4},"end":{"line":161,"column":22}},"85":{"start":{"line":163,"column":4},"end":{"line":163,"column":40}},"86":{"start":{"line":165,"column":4},"end":{"line":165,"column":46}},"87":{"start":{"line":166,"column":4},"end":{"line":166,"column":63}},"88":{"start":{"line":167,"column":4},"end":{"line":167,"column":46}},"89":{"start":{"line":168,"column":4},"end":{"line":168,"column":31}},"90":{"start":{"line":169,"column":4},"end":{"line":169,"column":37}},"91":{"start":{"line":170,"column":4},"end":{"line":170,"column":46}},"92":{"start":{"line":172,"column":4},"end":{"line":172,"column":54}},"93":{"start":{"line":174,"column":4},"end":{"line":174,"column":23}},"94":{"start":{"line":175,"column":4},"end":{"line":175,"column":29}},"95":{"start":{"line":177,"column":4},"end":{"line":177,"column":21}},"96":{"start":{"line":179,"column":4},"end":{"line":179,"column":48}},"97":{"start":{"line":181,"column":4},"end":{"line":184,"column":null}},"98":{"start":{"line":182,"column":6},"end":{"line":182,"column":58}},"99":{"start":{"line":183,"column":6},"end":{"line":183,"column":70}},"100":{"start":{"line":186,"column":4},"end":{"line":186,"column":42}},"101":{"start":{"line":187,"column":4},"end":{"line":190,"column":null}},"102":{"start":{"line":188,"column":6},"end":{"line":188,"column":60}},"103":{"start":{"line":189,"column":6},"end":{"line":189,"column":53}},"104":{"start":{"line":192,"column":4},"end":{"line":197,"column":7}},"105":{"start":{"line":193,"column":6},"end":{"line":193,"column":54}},"106":{"start":{"line":194,"column":6},"end":{"line":194,"column":50}},"107":{"start":{"line":195,"column":6},"end":{"line":195,"column":39}},"108":{"start":{"line":196,"column":6},"end":{"line":196,"column":44}},"109":{"start":{"line":199,"column":0},"end":{"line":199,"column":null}}},"fnMap":{"0":{"name":"(anonymous_0)","decl":{"start":{"line":10,"column":0},"end":{"line":10,"column":null}},"loc":{"start":{"line":10,"column":0},"end":{"line":199,"column":null}}},"1":{"name":"ViewDoubleVertical","decl":{"start":{"line":44,"column":2},"end":{"line":44,"column":14}},"loc":{"start":{"line":44,"column":80},"end":{"line":46,"column":3}}},"2":{"name":"(anonymous_2)","decl":{"start":{"line":48,"column":2},"end":{"line":48,"column":10}},"loc":{"start":{"line":48,"column":2},"end":{"line":52,"column":3}}},"3":{"name":"(anonymous_3)","decl":{"start":{"line":56,"column":2},"end":{"line":56,"column":10}},"loc":{"start":{"line":56,"column":66},"end":{"line":80,"column":3}}},"4":{"name":"(anonymous_4)","decl":{"start":{"line":82,"column":2},"end":{"line":82,"column":10}},"loc":{"start":{"line":82,"column":53},"end":{"line":89,"column":3}}},"5":{"name":"(anonymous_5)","decl":{"start":{"line":91,"column":2},"end":{"line":91,"column":10}},"loc":{"start":{"line":91,"column":2},"end":{"line":96,"column":3}}},"6":{"name":"(anonymous_6)","decl":{"start":{"line":98,"column":2},"end":{"line":98,"column":10}},"loc":{"start":{"line":98,"column":57},"end":{"line":101,"column":3}}},"7":{"name":"(anonymous_7)","decl":{"start":{"line":103,"column":2},"end":{"line":103,"column":10}},"loc":{"start":{"line":103,"column":59},"end":{"line":106,"column":3}}},"8":{"name":"(anonymous_8)","decl":{"start":{"line":109,"column":2},"end":{"line":109,"column":10}},"loc":{"start":{"line":109,"column":2},"end":{"line":112,"column":3}}},"9":{"name":"(anonymous_9)","decl":{"start":{"line":115,"column":2},"end":{"line":115,"column":10}},"loc":{"start":{"line":115,"column":2},"end":{"line":128,"column":3}}},"10":{"name":"(anonymous_10)","decl":{"start":{"line":131,"column":2},"end":{"line":131,"column":10}},"loc":{"start":{"line":131,"column":2},"end":{"line":147,"column":3}}},"11":{"name":"(anonymous_11)","decl":{"start":{"line":149,"column":2},"end":{"line":149,"column":10}},"loc":{"start":{"line":149,"column":2},"end":{"line":152,"column":3}}},"12":{"name":"(anonymous_12)","decl":{"start":{"line":156,"column":2},"end":{"line":156,"column":10}},"loc":{"start":{"line":156,"column":81},"end":{"line":198,"column":3}}},"13":{"name":"(anonymous_13)","decl":{"start":{"line":192,"column":43},"end":{"line":192,"column":null}},"loc":{"start":{"line":192,"column":43},"end":{"line":197,"column":5}}}},"branchMap":{"0":{"loc":{"start":{"line":73,"column":4},"end":{"line":73,"column":27}},"type":"if","locations":[{"start":{"line":73,"column":4},"end":{"line":73,"column":27}},{"start":{"line":73,"column":4},"end":{"line":73,"column":27}}]},"1":{"loc":{"start":{"line":84,"column":4},"end":{"line":88,"column":null}},"type":"if","locations":[{"start":{"line":84,"column":4},"end":{"line":88,"column":null}},{"start":{"line":84,"column":4},"end":{"line":88,"column":null}}]},"2":{"loc":{"start":{"line":85,"column":6},"end":{"line":87,"column":77}},"type":"if","locations":[{"start":{"line":85,"column":6},"end":{"line":87,"column":77}},{"start":{"line":85,"column":6},"end":{"line":87,"column":77}}]},"3":{"loc":{"start":{"line":92,"column":4},"end":{"line":95,"column":null}},"type":"if","locations":[{"start":{"line":92,"column":4},"end":{"line":95,"column":null}},{"start":{"line":92,"column":4},"end":{"line":95,"column":null}}]},"4":{"loc":{"start":{"line":121,"column":4},"end":{"line":121,"column":63}},"type":"if","locations":[{"start":{"line":121,"column":4},"end":{"line":121,"column":63}},{"start":{"line":121,"column":4},"end":{"line":121,"column":63}}]},"5":{"loc":{"start":{"line":126,"column":4},"end":{"line":126,"column":75}},"type":"if","locations":[{"start":{"line":126,"column":4},"end":{"line":126,"column":75}},{"start":{"line":126,"column":4},"end":{"line":126,"column":75}}]},"6":{"loc":{"start":{"line":127,"column":4},"end":{"line":127,"column":63}},"type":"if","locations":[{"start":{"line":127,"column":4},"end":{"line":127,"column":63}},{"start":{"line":127,"column":4},"end":{"line":127,"column":63}}]},"7":{"loc":{"start":{"line":138,"column":4},"end":{"line":146,"column":null}},"type":"if","locations":[{"start":{"line":138,"column":4},"end":{"line":146,"column":null}},{"start":{"line":138,"column":4},"end":{"line":146,"column":null}}]},"8":{"loc":{"start":{"line":181,"column":4},"end":{"line":184,"column":null}},"type":"if","locations":[{"start":{"line":181,"column":4},"end":{"line":184,"column":null}},{"start":{"line":181,"column":4},"end":{"line":184,"column":null}}]},"9":{"loc":{"start":{"line":187,"column":4},"end":{"line":190,"column":null}},"type":"if","locations":[{"start":{"line":187,"column":4},"end":{"line":190,"column":null}},{"start":{"line":187,"column":4},"end":{"line":190,"column":null}}]}},"s":{"0":1,"1":1,"2":1,"3":1,"4":1,"5":1,"6":1,"7":3,"8":1,"9":3,"10":3,"11":3,"12":1,"13":3,"14":3,"15":3,"16":3,"17":3,"18":3,"19":6,"20":3,"21":3,"22":3,"23":3,"24":3,"25":3,"26":3,"27":0,"28":3,"29":3,"30":3,"31":3,"32":1,"33":0,"34":0,"35":0,"36":0,"37":0,"38":1,"39":0,"40":0,"41":0,"42":1,"43":0,"44":0,"45":1,"46":0,"47":0,"48":1,"49":3,"50":3,"51":1,"52":3,"53":3,"54":3,"55":3,"56":3,"57":2,"58":3,"59":3,"60":3,"61":2,"62":3,"63":2,"64":1,"65":3,"66":3,"67":3,"68":3,"69":3,"70":0,"71":0,"72":0,"73":3,"74":3,"75":3,"76":1,"77":3,"78":3,"79":1,"80":3,"81":3,"82":3,"83":3,"84":3,"85":3,"86":3,"87":3,"88":3,"89":3,"90":3,"91":3,"92":3,"93":3,"94":3,"95":3,"96":3,"97":3,"98":2,"99":2,"100":3,"101":3,"102":2,"103":2,"104":3,"105":0,"106":0,"107":0,"108":0,"109":1},"f":{"0":1,"1":3,"2":3,"3":3,"4":0,"5":0,"6":0,"7":0,"8":3,"9":3,"10":3,"11":3,"12":3,"13":0},"b":{"0":[0,3],"1":[0,0],"2":[0,0],"3":[0,0],"4":[2,1],"5":[2,1],"6":[2,1],"7":[0,3],"8":[2,1],"9":[2,1]}}
,"C:\\range-slider\\src\\range-slider\\ViewFlag.ts": {"path":"C:\\range-slider\\src\\range-slider\\ViewFlag.ts","statementMap":{"0":{"start":{"line":3,"column":0},"end":{"line":3,"column":null}},"1":{"start":{"line":7,"column":4},"end":{"line":7,"column":16}},"2":{"start":{"line":10,"column":10},"end":{"line":14,"column":null}},"3":{"start":{"line":11,"column":17},"end":{"line":11,"column":47}},"4":{"start":{"line":12,"column":4},"end":{"line":12,"column":117}},"5":{"start":{"line":13,"column":4},"end":{"line":13,"column":19}},"6":{"start":{"line":17,"column":2},"end":{"line":43,"column":null}},"7":{"start":{"line":18,"column":23},"end":{"line":18,"column":54}},"8":{"start":{"line":20,"column":18},"end":{"line":20,"column":24}},"9":{"start":{"line":21,"column":17},"end":{"line":21,"column":77}},"10":{"start":{"line":22,"column":4},"end":{"line":22,"column":22}},"11":{"start":{"line":22,"column":15},"end":{"line":22,"column":22}},"12":{"start":{"line":23,"column":22},"end":{"line":23,"column":50}},"13":{"start":{"line":24,"column":28},"end":{"line":24,"column":50}},"14":{"start":{"line":25,"column":27},"end":{"line":25,"column":48}},"15":{"start":{"line":27,"column":4},"end":{"line":32,"column":37}},"16":{"start":{"line":28,"column":6},"end":{"line":28,"column":35}},"17":{"start":{"line":29,"column":6},"end":{"line":29,"column":32}},"18":{"start":{"line":30,"column":11},"end":{"line":32,"column":37}},"19":{"start":{"line":31,"column":6},"end":{"line":31,"column":64}},"20":{"start":{"line":32,"column":11},"end":{"line":32,"column":37}},"21":{"start":{"line":34,"column":4},"end":{"line":37,"column":null}},"22":{"start":{"line":35,"column":6},"end":{"line":35,"column":31}},"23":{"start":{"line":36,"column":6},"end":{"line":36,"column":30}},"24":{"start":{"line":39,"column":4},"end":{"line":42,"column":null}},"25":{"start":{"line":40,"column":6},"end":{"line":40,"column":28}},"26":{"start":{"line":41,"column":6},"end":{"line":41,"column":32}},"27":{"start":{"line":45,"column":2},"end":{"line":47,"column":null}},"28":{"start":{"line":46,"column":4},"end":{"line":46,"column":22}},"29":{"start":{"line":48,"column":0},"end":{"line":48,"column":null}}},"fnMap":{"0":{"name":"(anonymous_0)","decl":{"start":{"line":3,"column":0},"end":{"line":3,"column":null}},"loc":{"start":{"line":3,"column":0},"end":{"line":48,"column":null}}},"1":{"name":"ViewFlag","decl":{"start":{"line":6,"column":2},"end":{"line":6,"column":null}},"loc":{"start":{"line":6,"column":2},"end":{"line":8,"column":3}}},"2":{"name":"(anonymous_2)","decl":{"start":{"line":10,"column":2},"end":{"line":10,"column":10}},"loc":{"start":{"line":10,"column":2},"end":{"line":14,"column":3}}},"3":{"name":"(anonymous_3)","decl":{"start":{"line":17,"column":2},"end":{"line":17,"column":13}},"loc":{"start":{"line":17,"column":59},"end":{"line":43,"column":3}}},"4":{"name":"(anonymous_4)","decl":{"start":{"line":45,"column":2},"end":{"line":45,"column":6}},"loc":{"start":{"line":45,"column":2},"end":{"line":47,"column":3}}}},"branchMap":{"0":{"loc":{"start":{"line":22,"column":4},"end":{"line":22,"column":22}},"type":"if","locations":[{"start":{"line":22,"column":4},"end":{"line":22,"column":22}},{"start":{"line":22,"column":4},"end":{"line":22,"column":22}}]},"1":{"loc":{"start":{"line":27,"column":4},"end":{"line":32,"column":37}},"type":"if","locations":[{"start":{"line":27,"column":4},"end":{"line":32,"column":37}},{"start":{"line":27,"column":4},"end":{"line":32,"column":37}}]},"2":{"loc":{"start":{"line":30,"column":11},"end":{"line":32,"column":37}},"type":"if","locations":[{"start":{"line":30,"column":11},"end":{"line":32,"column":37}},{"start":{"line":30,"column":11},"end":{"line":32,"column":37}}]},"3":{"loc":{"start":{"line":34,"column":4},"end":{"line":37,"column":null}},"type":"if","locations":[{"start":{"line":34,"column":4},"end":{"line":37,"column":null}},{"start":{"line":34,"column":4},"end":{"line":37,"column":null}}]},"4":{"loc":{"start":{"line":39,"column":4},"end":{"line":42,"column":null}},"type":"if","locations":[{"start":{"line":39,"column":4},"end":{"line":42,"column":null}},{"start":{"line":39,"column":4},"end":{"line":42,"column":null}}]}},"s":{"0":1,"1":36,"2":1,"3":36,"4":36,"5":36,"6":1,"7":18,"8":18,"9":18,"10":18,"11":0,"12":18,"13":18,"14":18,"15":18,"16":8,"17":8,"18":10,"19":0,"20":10,"21":18,"22":0,"23":0,"24":18,"25":0,"26":0,"27":1,"28":36,"29":1},"f":{"0":1,"1":36,"2":36,"3":18,"4":36},"b":{"0":[0,18],"1":[8,10],"2":[0,10],"3":[0,18],"4":[0,18]}}
,"C:\\range-slider\\src\\range-slider\\ViewInner.ts": {"path":"C:\\range-slider\\src\\range-slider\\ViewInner.ts","statementMap":{"0":{"start":{"line":3,"column":0},"end":{"line":3,"column":null}},"1":{"start":{"line":10,"column":4},"end":{"line":10,"column":29}},"2":{"start":{"line":11,"column":4},"end":{"line":11,"column":23}},"3":{"start":{"line":15,"column":10},"end":{"line":19,"column":null}},"4":{"start":{"line":16,"column":18},"end":{"line":16,"column":47}},"5":{"start":{"line":17,"column":4},"end":{"line":17,"column":67}},"6":{"start":{"line":18,"column":4},"end":{"line":18,"column":20}},"7":{"start":{"line":22,"column":2},"end":{"line":51,"column":null}},"8":{"start":{"line":23,"column":24},"end":{"line":23,"column":60}},"9":{"start":{"line":24,"column":23},"end":{"line":24,"column":96}},"10":{"start":{"line":26,"column":23},"end":{"line":26,"column":69}},"11":{"start":{"line":27,"column":29},"end":{"line":27,"column":87}},"12":{"start":{"line":28,"column":30},"end":{"line":28,"column":89}},"13":{"start":{"line":31,"column":4},"end":{"line":50,"column":null}},"14":{"start":{"line":32,"column":24},"end":{"line":32,"column":86}},"15":{"start":{"line":33,"column":6},"end":{"line":33,"column":71}},"16":{"start":{"line":34,"column":11},"end":{"line":50,"column":null}},"17":{"start":{"line":35,"column":26},"end":{"line":35,"column":100}},"18":{"start":{"line":37,"column":24},"end":{"line":37,"column":70}},"19":{"start":{"line":38,"column":23},"end":{"line":38,"column":61}},"20":{"start":{"line":39,"column":6},"end":{"line":39,"column":69}},"21":{"start":{"line":40,"column":6},"end":{"line":40,"column":71}},"22":{"start":{"line":41,"column":11},"end":{"line":50,"column":null}},"23":{"start":{"line":42,"column":25},"end":{"line":42,"column":62}},"24":{"start":{"line":43,"column":6},"end":{"line":43,"column":47}},"25":{"start":{"line":45,"column":26},"end":{"line":45,"column":100}},"26":{"start":{"line":46,"column":25},"end":{"line":46,"column":69}},"27":{"start":{"line":47,"column":23},"end":{"line":47,"column":60}},"28":{"start":{"line":48,"column":6},"end":{"line":48,"column":69}},"29":{"start":{"line":49,"column":6},"end":{"line":49,"column":74}},"30":{"start":{"line":52,"column":0},"end":{"line":52,"column":null}}},"fnMap":{"0":{"name":"(anonymous_0)","decl":{"start":{"line":3,"column":0},"end":{"line":3,"column":null}},"loc":{"start":{"line":3,"column":0},"end":{"line":52,"column":null}}},"1":{"name":"ViewInner","decl":{"start":{"line":9,"column":2},"end":{"line":9,"column":14}},"loc":{"start":{"line":9,"column":38},"end":{"line":12,"column":3}}},"2":{"name":"(anonymous_2)","decl":{"start":{"line":15,"column":2},"end":{"line":15,"column":10}},"loc":{"start":{"line":15,"column":2},"end":{"line":19,"column":3}}},"3":{"name":"(anonymous_3)","decl":{"start":{"line":22,"column":2},"end":{"line":22,"column":13}},"loc":{"start":{"line":22,"column":38},"end":{"line":51,"column":3}}}},"branchMap":{"0":{"loc":{"start":{"line":31,"column":4},"end":{"line":50,"column":null}},"type":"if","locations":[{"start":{"line":31,"column":4},"end":{"line":50,"column":null}},{"start":{"line":31,"column":4},"end":{"line":50,"column":null}}]},"1":{"loc":{"start":{"line":34,"column":11},"end":{"line":50,"column":null}},"type":"if","locations":[{"start":{"line":34,"column":11},"end":{"line":50,"column":null}},{"start":{"line":34,"column":11},"end":{"line":50,"column":null}}]},"2":{"loc":{"start":{"line":41,"column":11},"end":{"line":50,"column":null}},"type":"if","locations":[{"start":{"line":41,"column":11},"end":{"line":50,"column":null}},{"start":{"line":41,"column":11},"end":{"line":50,"column":null}}]}},"s":{"0":1,"1":16,"2":16,"3":1,"4":16,"5":16,"6":16,"7":1,"8":16,"9":16,"10":16,"11":16,"12":16,"13":16,"14":4,"15":4,"16":12,"17":4,"18":4,"19":4,"20":4,"21":4,"22":8,"23":4,"24":4,"25":4,"26":4,"27":4,"28":4,"29":4,"30":1},"f":{"0":1,"1":16,"2":16,"3":16},"b":{"0":[4,12],"1":[4,8],"2":[4,4]}}
,"C:\\range-slider\\src\\range-slider\\ViewScale.ts": {"path":"C:\\range-slider\\src\\range-slider\\ViewScale.ts","statementMap":{"0":{"start":{"line":2,"column":0},"end":{"line":2,"column":77}},"1":{"start":{"line":4,"column":0},"end":{"line":4,"column":null}},"2":{"start":{"line":15,"column":4},"end":{"line":15,"column":29}},"3":{"start":{"line":17,"column":4},"end":{"line":17,"column":25}},"4":{"start":{"line":21,"column":10},"end":{"line":33,"column":null}},"5":{"start":{"line":22,"column":31},"end":{"line":22,"column":60}},"6":{"start":{"line":23,"column":4},"end":{"line":23,"column":67}},"7":{"start":{"line":25,"column":22},"end":{"line":25,"column":52}},"8":{"start":{"line":26,"column":4},"end":{"line":26,"column":81}},"9":{"start":{"line":28,"column":20},"end":{"line":28,"column":50}},"10":{"start":{"line":29,"column":4},"end":{"line":29,"column":75}},"11":{"start":{"line":30,"column":4},"end":{"line":30,"column":20}},"12":{"start":{"line":31,"column":4},"end":{"line":31,"column":31}},"13":{"start":{"line":32,"column":4},"end":{"line":32,"column":27}},"14":{"start":{"line":36,"column":2},"end":{"line":48,"column":null}},"15":{"start":{"line":37,"column":28},"end":{"line":37,"column":82}},"16":{"start":{"line":38,"column":16},"end":{"line":38,"column":45}},"17":{"start":{"line":40,"column":4},"end":{"line":40,"column":63}},"18":{"start":{"line":41,"column":4},"end":{"line":41,"column":38}},"19":{"start":{"line":43,"column":16},"end":{"line":43,"column":50}},"20":{"start":{"line":44,"column":4},"end":{"line":44,"column":38}},"21":{"start":{"line":46,"column":4},"end":{"line":46,"column":35}},"22":{"start":{"line":47,"column":4},"end":{"line":47,"column":60}},"23":{"start":{"line":50,"column":2},"end":{"line":66,"column":null}},"24":{"start":{"line":51,"column":26},"end":{"line":51,"column":31}},"25":{"start":{"line":52,"column":18},"end":{"line":52,"column":25}},"26":{"start":{"line":54,"column":80},"end":{"line":54,"column":118}},"27":{"start":{"line":54,"column":21},"end":{"line":54,"column":23}},"28":{"start":{"line":54,"column":32},"end":{"line":54,"column":34}},"29":{"start":{"line":54,"column":43},"end":{"line":54,"column":45}},"30":{"start":{"line":54,"column":53},"end":{"line":54,"column":55}},"31":{"start":{"line":54,"column":75},"end":{"line":54,"column":80}},"32":{"start":{"line":57,"column":28},"end":{"line":57,"column":67}},"33":{"start":{"line":60,"column":4},"end":{"line":60,"column":35}},"34":{"start":{"line":63,"column":4},"end":{"line":63,"column":111}},"35":{"start":{"line":65,"column":4},"end":{"line":65,"column":78}},"36":{"start":{"line":67,"column":0},"end":{"line":67,"column":null}}},"fnMap":{"0":{"name":"(anonymous_0)","decl":{"start":{"line":4,"column":0},"end":{"line":4,"column":null}},"loc":{"start":{"line":4,"column":0},"end":{"line":67,"column":null}}},"1":{"name":"Scale","decl":{"start":{"line":14,"column":2},"end":{"line":14,"column":14}},"loc":{"start":{"line":14,"column":38},"end":{"line":18,"column":3}}},"2":{"name":"(anonymous_2)","decl":{"start":{"line":21,"column":2},"end":{"line":21,"column":10}},"loc":{"start":{"line":21,"column":2},"end":{"line":33,"column":3}}},"3":{"name":"(anonymous_3)","decl":{"start":{"line":36,"column":2},"end":{"line":36,"column":22}},"loc":{"start":{"line":36,"column":47},"end":{"line":48,"column":3}}},"4":{"name":"(anonymous_4)","decl":{"start":{"line":50,"column":2},"end":{"line":50,"column":17}},"loc":{"start":{"line":50,"column":62},"end":{"line":66,"column":3}}}},"branchMap":{},"s":{"0":1,"1":1,"2":16,"3":16,"4":1,"5":16,"6":16,"7":16,"8":16,"9":16,"10":16,"11":16,"12":16,"13":16,"14":1,"15":12,"16":12,"17":12,"18":12,"19":12,"20":12,"21":12,"22":12,"23":1,"24":18,"25":18,"26":18,"27":18,"28":18,"29":18,"30":18,"31":18,"32":18,"33":18,"34":18,"35":18,"36":1},"f":{"0":1,"1":16,"2":16,"3":12,"4":18},"b":{}}
,"C:\\range-slider\\src\\range-slider\\ViewSingle.ts": {"path":"C:\\range-slider\\src\\range-slider\\ViewSingle.ts","statementMap":{"0":{"start":{"line":3,"column":0},"end":{"line":3,"column":36}},"1":{"start":{"line":4,"column":0},"end":{"line":4,"column":36}},"2":{"start":{"line":5,"column":0},"end":{"line":5,"column":36}},"3":{"start":{"line":6,"column":0},"end":{"line":6,"column":34}},"4":{"start":{"line":7,"column":0},"end":{"line":7,"column":36}},"5":{"start":{"line":9,"column":0},"end":{"line":9,"column":47}},"6":{"start":{"line":11,"column":0},"end":{"line":11,"column":null}},"7":{"start":{"line":35,"column":4},"end":{"line":35,"column":45}},"8":{"start":{"line":39,"column":10},"end":{"line":48,"column":null}},"9":{"start":{"line":40,"column":4},"end":{"line":40,"column":29}},"10":{"start":{"line":41,"column":4},"end":{"line":41,"column":32}},"11":{"start":{"line":42,"column":4},"end":{"line":42,"column":38}},"12":{"start":{"line":43,"column":4},"end":{"line":43,"column":47}},"13":{"start":{"line":44,"column":4},"end":{"line":44,"column":64}},"14":{"start":{"line":46,"column":4},"end":{"line":46,"column":63}},"15":{"start":{"line":46,"column":28},"end":{"line":46,"column":63}},"16":{"start":{"line":47,"column":4},"end":{"line":47,"column":63}},"17":{"start":{"line":47,"column":29},"end":{"line":47,"column":63}},"18":{"start":{"line":50,"column":10},"end":{"line":54,"column":null}},"19":{"start":{"line":51,"column":19},"end":{"line":51,"column":48}},"20":{"start":{"line":52,"column":4},"end":{"line":52,"column":74}},"21":{"start":{"line":53,"column":4},"end":{"line":53,"column":25}},"22":{"start":{"line":56,"column":10},"end":{"line":60,"column":null}},"23":{"start":{"line":57,"column":4},"end":{"line":59,"column":null}},"24":{"start":{"line":58,"column":6},"end":{"line":58,"column":58}},"25":{"start":{"line":62,"column":10},"end":{"line":66,"column":null}},"26":{"start":{"line":63,"column":4},"end":{"line":65,"column":null}},"27":{"start":{"line":64,"column":6},"end":{"line":64,"column":58}},"28":{"start":{"line":68,"column":10},"end":{"line":71,"column":null}},"29":{"start":{"line":69,"column":4},"end":{"line":69,"column":65}},"30":{"start":{"line":70,"column":4},"end":{"line":70,"column":28}},"31":{"start":{"line":73,"column":10},"end":{"line":76,"column":null}},"32":{"start":{"line":74,"column":4},"end":{"line":74,"column":68}},"33":{"start":{"line":75,"column":4},"end":{"line":75,"column":29}},"34":{"start":{"line":79,"column":10},"end":{"line":96,"column":null}},"35":{"start":{"line":80,"column":21},"end":{"line":80,"column":111}},"36":{"start":{"line":82,"column":35},"end":{"line":82,"column":73}},"37":{"start":{"line":83,"column":33},"end":{"line":83,"column":69}},"38":{"start":{"line":84,"column":29},"end":{"line":84,"column":61}},"39":{"start":{"line":86,"column":4},"end":{"line":95,"column":null}},"40":{"start":{"line":87,"column":6},"end":{"line":87,"column":73}},"41":{"start":{"line":88,"column":6},"end":{"line":88,"column":71}},"42":{"start":{"line":89,"column":6},"end":{"line":89,"column":66}},"43":{"start":{"line":90,"column":6},"end":{"line":90,"column":71}},"44":{"start":{"line":92,"column":6},"end":{"line":92,"column":72}},"45":{"start":{"line":93,"column":6},"end":{"line":93,"column":70}},"46":{"start":{"line":94,"column":6},"end":{"line":94,"column":66}},"47":{"start":{"line":100,"column":10},"end":{"line":114,"column":null}},"48":{"start":{"line":101,"column":22},"end":{"line":101,"column":71}},"49":{"start":{"line":102,"column":22},"end":{"line":102,"column":83}},"50":{"start":{"line":103,"column":28},"end":{"line":103,"column":39}},"51":{"start":{"line":104,"column":4},"end":{"line":104,"column":72}},"52":{"start":{"line":105,"column":22},"end":{"line":105,"column":48}},"53":{"start":{"line":106,"column":21},"end":{"line":106,"column":50}},"54":{"start":{"line":107,"column":19},"end":{"line":107,"column":28}},"55":{"start":{"line":108,"column":20},"end":{"line":108,"column":29}},"56":{"start":{"line":109,"column":4},"end":{"line":109,"column":16}},"57":{"start":{"line":110,"column":4},"end":{"line":110,"column":77}},"58":{"start":{"line":111,"column":4},"end":{"line":111,"column":42}},"59":{"start":{"line":112,"column":4},"end":{"line":112,"column":31}},"60":{"start":{"line":113,"column":4},"end":{"line":113,"column":42}},"61":{"start":{"line":116,"column":10},"end":{"line":119,"column":null}},"62":{"start":{"line":117,"column":25},"end":{"line":117,"column":50}},"63":{"start":{"line":118,"column":4},"end":{"line":118,"column":52}},"64":{"start":{"line":123,"column":10},"end":{"line":159,"column":null}},"65":{"start":{"line":123,"column":2},"end":{"line":123,"column":10}},"66":{"start":{"line":124,"column":4},"end":{"line":124,"column":29}},"67":{"start":{"line":125,"column":4},"end":{"line":125,"column":22}},"68":{"start":{"line":126,"column":4},"end":{"line":126,"column":33}},"69":{"start":{"line":128,"column":4},"end":{"line":128,"column":40}},"70":{"start":{"line":130,"column":4},"end":{"line":130,"column":46}},"71":{"start":{"line":131,"column":4},"end":{"line":131,"column":63}},"72":{"start":{"line":132,"column":4},"end":{"line":132,"column":46}},"73":{"start":{"line":133,"column":4},"end":{"line":133,"column":31}},"74":{"start":{"line":134,"column":4},"end":{"line":134,"column":46}},"75":{"start":{"line":136,"column":4},"end":{"line":136,"column":54}},"76":{"start":{"line":138,"column":4},"end":{"line":143,"column":7}},"77":{"start":{"line":139,"column":6},"end":{"line":139,"column":54}},"78":{"start":{"line":141,"column":6},"end":{"line":141,"column":39}},"79":{"start":{"line":142,"column":6},"end":{"line":142,"column":44}},"80":{"start":{"line":145,"column":4},"end":{"line":145,"column":23}},"81":{"start":{"line":147,"column":4},"end":{"line":147,"column":21}},"82":{"start":{"line":148,"column":4},"end":{"line":148,"column":29}},"83":{"start":{"line":150,"column":4},"end":{"line":150,"column":48}},"84":{"start":{"line":151,"column":4},"end":{"line":151,"column":37}},"85":{"start":{"line":152,"column":4},"end":{"line":152,"column":80}},"86":{"start":{"line":152,"column":28},"end":{"line":152,"column":80}},"87":{"start":{"line":154,"column":4},"end":{"line":157,"column":null}},"88":{"start":{"line":155,"column":6},"end":{"line":155,"column":60}},"89":{"start":{"line":156,"column":6},"end":{"line":156,"column":53}},"90":{"start":{"line":158,"column":4},"end":{"line":158,"column":42}},"91":{"start":{"line":160,"column":0},"end":{"line":160,"column":null}}},"fnMap":{"0":{"name":"(anonymous_0)","decl":{"start":{"line":11,"column":0},"end":{"line":11,"column":null}},"loc":{"start":{"line":11,"column":0},"end":{"line":160,"column":null}}},"1":{"name":"ViewSingle","decl":{"start":{"line":34,"column":2},"end":{"line":34,"column":14}},"loc":{"start":{"line":34,"column":80},"end":{"line":36,"column":3}}},"2":{"name":"(anonymous_2)","decl":{"start":{"line":39,"column":2},"end":{"line":39,"column":10}},"loc":{"start":{"line":39,"column":2},"end":{"line":48,"column":3}}},"3":{"name":"(anonymous_3)","decl":{"start":{"line":50,"column":2},"end":{"line":50,"column":10}},"loc":{"start":{"line":50,"column":2},"end":{"line":54,"column":3}}},"4":{"name":"(anonymous_4)","decl":{"start":{"line":56,"column":2},"end":{"line":56,"column":10}},"loc":{"start":{"line":56,"column":2},"end":{"line":60,"column":3}}},"5":{"name":"(anonymous_5)","decl":{"start":{"line":62,"column":2},"end":{"line":62,"column":10}},"loc":{"start":{"line":62,"column":2},"end":{"line":66,"column":3}}},"6":{"name":"(anonymous_6)","decl":{"start":{"line":68,"column":2},"end":{"line":68,"column":10}},"loc":{"start":{"line":68,"column":57},"end":{"line":71,"column":3}}},"7":{"name":"(anonymous_7)","decl":{"start":{"line":73,"column":2},"end":{"line":73,"column":10}},"loc":{"start":{"line":73,"column":59},"end":{"line":76,"column":3}}},"8":{"name":"(anonymous_8)","decl":{"start":{"line":79,"column":2},"end":{"line":79,"column":10}},"loc":{"start":{"line":79,"column":2},"end":{"line":96,"column":3}}},"9":{"name":"(anonymous_9)","decl":{"start":{"line":100,"column":2},"end":{"line":100,"column":10}},"loc":{"start":{"line":100,"column":66},"end":{"line":114,"column":3}}},"10":{"name":"(anonymous_10)","decl":{"start":{"line":116,"column":2},"end":{"line":116,"column":10}},"loc":{"start":{"line":116,"column":2},"end":{"line":119,"column":3}}},"11":{"name":"(anonymous_11)","decl":{"start":{"line":123,"column":2},"end":{"line":123,"column":10}},"loc":{"start":{"line":123,"column":81},"end":{"line":159,"column":3}}},"12":{"name":"(anonymous_12)","decl":{"start":{"line":138,"column":43},"end":{"line":138,"column":null}},"loc":{"start":{"line":138,"column":43},"end":{"line":143,"column":5}}}},"branchMap":{"0":{"loc":{"start":{"line":46,"column":4},"end":{"line":46,"column":63}},"type":"if","locations":[{"start":{"line":46,"column":4},"end":{"line":46,"column":63}},{"start":{"line":46,"column":4},"end":{"line":46,"column":63}}]},"1":{"loc":{"start":{"line":47,"column":4},"end":{"line":47,"column":63}},"type":"if","locations":[{"start":{"line":47,"column":4},"end":{"line":47,"column":63}},{"start":{"line":47,"column":4},"end":{"line":47,"column":63}}]},"2":{"loc":{"start":{"line":57,"column":4},"end":{"line":59,"column":null}},"type":"if","locations":[{"start":{"line":57,"column":4},"end":{"line":59,"column":null}},{"start":{"line":57,"column":4},"end":{"line":59,"column":null}}]},"3":{"loc":{"start":{"line":63,"column":4},"end":{"line":65,"column":null}},"type":"if","locations":[{"start":{"line":63,"column":4},"end":{"line":65,"column":null}},{"start":{"line":63,"column":4},"end":{"line":65,"column":null}}]},"4":{"loc":{"start":{"line":86,"column":4},"end":{"line":95,"column":null}},"type":"if","locations":[{"start":{"line":86,"column":4},"end":{"line":95,"column":null}},{"start":{"line":86,"column":4},"end":{"line":95,"column":null}}]},"5":{"loc":{"start":{"line":152,"column":4},"end":{"line":152,"column":80}},"type":"if","locations":[{"start":{"line":152,"column":4},"end":{"line":152,"column":80}},{"start":{"line":152,"column":4},"end":{"line":152,"column":80}}]},"6":{"loc":{"start":{"line":154,"column":4},"end":{"line":157,"column":null}},"type":"if","locations":[{"start":{"line":154,"column":4},"end":{"line":157,"column":null}},{"start":{"line":154,"column":4},"end":{"line":157,"column":null}}]}},"s":{"0":1,"1":1,"2":1,"3":1,"4":1,"5":1,"6":1,"7":3,"8":1,"9":3,"10":3,"11":3,"12":3,"13":3,"14":3,"15":2,"16":3,"17":2,"18":1,"19":3,"20":3,"21":3,"22":1,"23":0,"24":0,"25":1,"26":0,"27":0,"28":1,"29":0,"30":0,"31":1,"32":0,"33":0,"34":1,"35":3,"36":3,"37":3,"38":3,"39":3,"40":0,"41":0,"42":0,"43":0,"44":3,"45":3,"46":3,"47":1,"48":3,"49":3,"50":3,"51":3,"52":3,"53":3,"54":3,"55":3,"56":3,"57":3,"58":3,"59":3,"60":3,"61":1,"62":3,"63":3,"64":1,"65":3,"66":3,"67":3,"68":3,"69":3,"70":3,"71":3,"72":3,"73":3,"74":3,"75":3,"76":3,"77":0,"78":0,"79":0,"80":3,"81":3,"82":3,"83":3,"84":3,"85":3,"86":2,"87":3,"88":2,"89":2,"90":3,"91":1},"f":{"0":1,"1":3,"2":3,"3":3,"4":0,"5":0,"6":0,"7":0,"8":3,"9":3,"10":3,"11":3,"12":0},"b":{"0":[2,1],"1":[2,1],"2":[0,0],"3":[0,0],"4":[0,3],"5":[2,1],"6":[2,1]}}
,"C:\\range-slider\\src\\range-slider\\ViewSingleVertical.ts": {"path":"C:\\range-slider\\src\\range-slider\\ViewSingleVertical.ts","statementMap":{"0":{"start":{"line":2,"column":0},"end":{"line":2,"column":36}},"1":{"start":{"line":3,"column":0},"end":{"line":3,"column":36}},"2":{"start":{"line":4,"column":0},"end":{"line":4,"column":36}},"3":{"start":{"line":5,"column":0},"end":{"line":5,"column":34}},"4":{"start":{"line":6,"column":0},"end":{"line":6,"column":36}},"5":{"start":{"line":8,"column":0},"end":{"line":8,"column":47}},"6":{"start":{"line":10,"column":0},"end":{"line":10,"column":null}},"7":{"start":{"line":37,"column":4},"end":{"line":37,"column":45}},"8":{"start":{"line":41,"column":10},"end":{"line":50,"column":null}},"9":{"start":{"line":42,"column":4},"end":{"line":42,"column":29}},"10":{"start":{"line":43,"column":4},"end":{"line":43,"column":32}},"11":{"start":{"line":44,"column":4},"end":{"line":44,"column":38}},"12":{"start":{"line":45,"column":4},"end":{"line":45,"column":47}},"13":{"start":{"line":46,"column":4},"end":{"line":46,"column":64}},"14":{"start":{"line":48,"column":4},"end":{"line":48,"column":63}},"15":{"start":{"line":48,"column":28},"end":{"line":48,"column":63}},"16":{"start":{"line":49,"column":4},"end":{"line":49,"column":63}},"17":{"start":{"line":49,"column":29},"end":{"line":49,"column":63}},"18":{"start":{"line":52,"column":10},"end":{"line":56,"column":null}},"19":{"start":{"line":53,"column":19},"end":{"line":53,"column":48}},"20":{"start":{"line":54,"column":4},"end":{"line":54,"column":96}},"21":{"start":{"line":55,"column":4},"end":{"line":55,"column":25}},"22":{"start":{"line":59,"column":10},"end":{"line":63,"column":null}},"23":{"start":{"line":60,"column":4},"end":{"line":62,"column":null}},"24":{"start":{"line":61,"column":6},"end":{"line":61,"column":58}},"25":{"start":{"line":65,"column":10},"end":{"line":69,"column":null}},"26":{"start":{"line":66,"column":4},"end":{"line":68,"column":null}},"27":{"start":{"line":67,"column":6},"end":{"line":67,"column":58}},"28":{"start":{"line":71,"column":10},"end":{"line":74,"column":null}},"29":{"start":{"line":72,"column":4},"end":{"line":72,"column":65}},"30":{"start":{"line":73,"column":4},"end":{"line":73,"column":28}},"31":{"start":{"line":76,"column":10},"end":{"line":79,"column":null}},"32":{"start":{"line":77,"column":4},"end":{"line":77,"column":68}},"33":{"start":{"line":78,"column":4},"end":{"line":78,"column":29}},"34":{"start":{"line":82,"column":10},"end":{"line":98,"column":null}},"35":{"start":{"line":83,"column":21},"end":{"line":83,"column":111}},"36":{"start":{"line":85,"column":35},"end":{"line":85,"column":73}},"37":{"start":{"line":86,"column":33},"end":{"line":86,"column":69}},"38":{"start":{"line":87,"column":29},"end":{"line":87,"column":61}},"39":{"start":{"line":89,"column":4},"end":{"line":97,"column":null}},"40":{"start":{"line":90,"column":6},"end":{"line":90,"column":73}},"41":{"start":{"line":91,"column":6},"end":{"line":91,"column":71}},"42":{"start":{"line":92,"column":6},"end":{"line":92,"column":66}},"43":{"start":{"line":93,"column":6},"end":{"line":93,"column":71}},"44":{"start":{"line":95,"column":6},"end":{"line":95,"column":72}},"45":{"start":{"line":96,"column":6},"end":{"line":96,"column":70}},"46":{"start":{"line":102,"column":10},"end":{"line":121,"column":null}},"47":{"start":{"line":103,"column":22},"end":{"line":103,"column":72}},"48":{"start":{"line":104,"column":22},"end":{"line":104,"column":84}},"49":{"start":{"line":105,"column":28},"end":{"line":105,"column":39}},"50":{"start":{"line":106,"column":4},"end":{"line":106,"column":48}},"51":{"start":{"line":107,"column":22},"end":{"line":107,"column":48}},"52":{"start":{"line":108,"column":21},"end":{"line":108,"column":50}},"53":{"start":{"line":109,"column":19},"end":{"line":109,"column":28}},"54":{"start":{"line":111,"column":20},"end":{"line":111,"column":29}},"55":{"start":{"line":113,"column":4},"end":{"line":113,"column":16}},"56":{"start":{"line":115,"column":4},"end":{"line":115,"column":77}},"57":{"start":{"line":116,"column":4},"end":{"line":116,"column":41}},"58":{"start":{"line":118,"column":4},"end":{"line":118,"column":31}},"59":{"start":{"line":120,"column":4},"end":{"line":120,"column":42}},"60":{"start":{"line":123,"column":10},"end":{"line":126,"column":null}},"61":{"start":{"line":124,"column":25},"end":{"line":124,"column":50}},"62":{"start":{"line":125,"column":4},"end":{"line":125,"column":52}},"63":{"start":{"line":130,"column":10},"end":{"line":164,"column":null}},"64":{"start":{"line":130,"column":2},"end":{"line":130,"column":10}},"65":{"start":{"line":131,"column":4},"end":{"line":131,"column":29}},"66":{"start":{"line":132,"column":4},"end":{"line":132,"column":22}},"67":{"start":{"line":133,"column":4},"end":{"line":133,"column":33}},"68":{"start":{"line":135,"column":4},"end":{"line":135,"column":40}},"69":{"start":{"line":137,"column":4},"end":{"line":137,"column":46}},"70":{"start":{"line":138,"column":4},"end":{"line":138,"column":63}},"71":{"start":{"line":139,"column":4},"end":{"line":139,"column":46}},"72":{"start":{"line":140,"column":4},"end":{"line":140,"column":31}},"73":{"start":{"line":141,"column":4},"end":{"line":141,"column":46}},"74":{"start":{"line":143,"column":4},"end":{"line":143,"column":54}},"75":{"start":{"line":145,"column":4},"end":{"line":145,"column":23}},"76":{"start":{"line":147,"column":4},"end":{"line":147,"column":21}},"77":{"start":{"line":148,"column":4},"end":{"line":148,"column":29}},"78":{"start":{"line":150,"column":4},"end":{"line":150,"column":48}},"79":{"start":{"line":151,"column":4},"end":{"line":151,"column":42}},"80":{"start":{"line":152,"column":4},"end":{"line":152,"column":80}},"81":{"start":{"line":152,"column":28},"end":{"line":152,"column":80}},"82":{"start":{"line":153,"column":4},"end":{"line":156,"column":null}},"83":{"start":{"line":154,"column":6},"end":{"line":154,"column":60}},"84":{"start":{"line":155,"column":6},"end":{"line":155,"column":53}},"85":{"start":{"line":158,"column":4},"end":{"line":163,"column":7}},"86":{"start":{"line":159,"column":6},"end":{"line":159,"column":54}},"87":{"start":{"line":161,"column":6},"end":{"line":161,"column":44}},"88":{"start":{"line":162,"column":6},"end":{"line":162,"column":44}},"89":{"start":{"line":165,"column":0},"end":{"line":165,"column":null}}},"fnMap":{"0":{"name":"(anonymous_0)","decl":{"start":{"line":10,"column":0},"end":{"line":10,"column":null}},"loc":{"start":{"line":10,"column":0},"end":{"line":165,"column":null}}},"1":{"name":"ViewSingleVertical","decl":{"start":{"line":36,"column":2},"end":{"line":36,"column":14}},"loc":{"start":{"line":36,"column":80},"end":{"line":38,"column":3}}},"2":{"name":"(anonymous_2)","decl":{"start":{"line":41,"column":2},"end":{"line":41,"column":10}},"loc":{"start":{"line":41,"column":2},"end":{"line":50,"column":3}}},"3":{"name":"(anonymous_3)","decl":{"start":{"line":52,"column":2},"end":{"line":52,"column":10}},"loc":{"start":{"line":52,"column":2},"end":{"line":56,"column":3}}},"4":{"name":"(anonymous_4)","decl":{"start":{"line":59,"column":2},"end":{"line":59,"column":10}},"loc":{"start":{"line":59,"column":2},"end":{"line":63,"column":3}}},"5":{"name":"(anonymous_5)","decl":{"start":{"line":65,"column":2},"end":{"line":65,"column":10}},"loc":{"start":{"line":65,"column":2},"end":{"line":69,"column":3}}},"6":{"name":"(anonymous_6)","decl":{"start":{"line":71,"column":2},"end":{"line":71,"column":10}},"loc":{"start":{"line":71,"column":57},"end":{"line":74,"column":3}}},"7":{"name":"(anonymous_7)","decl":{"start":{"line":76,"column":2},"end":{"line":76,"column":10}},"loc":{"start":{"line":76,"column":59},"end":{"line":79,"column":3}}},"8":{"name":"(anonymous_8)","decl":{"start":{"line":82,"column":2},"end":{"line":82,"column":10}},"loc":{"start":{"line":82,"column":2},"end":{"line":98,"column":3}}},"9":{"name":"(anonymous_9)","decl":{"start":{"line":102,"column":2},"end":{"line":102,"column":10}},"loc":{"start":{"line":102,"column":66},"end":{"line":121,"column":3}}},"10":{"name":"(anonymous_10)","decl":{"start":{"line":123,"column":2},"end":{"line":123,"column":10}},"loc":{"start":{"line":123,"column":2},"end":{"line":126,"column":3}}},"11":{"name":"(anonymous_11)","decl":{"start":{"line":130,"column":2},"end":{"line":130,"column":10}},"loc":{"start":{"line":130,"column":81},"end":{"line":164,"column":3}}},"12":{"name":"(anonymous_12)","decl":{"start":{"line":158,"column":43},"end":{"line":158,"column":null}},"loc":{"start":{"line":158,"column":43},"end":{"line":163,"column":5}}}},"branchMap":{"0":{"loc":{"start":{"line":48,"column":4},"end":{"line":48,"column":63}},"type":"if","locations":[{"start":{"line":48,"column":4},"end":{"line":48,"column":63}},{"start":{"line":48,"column":4},"end":{"line":48,"column":63}}]},"1":{"loc":{"start":{"line":49,"column":4},"end":{"line":49,"column":63}},"type":"if","locations":[{"start":{"line":49,"column":4},"end":{"line":49,"column":63}},{"start":{"line":49,"column":4},"end":{"line":49,"column":63}}]},"2":{"loc":{"start":{"line":60,"column":4},"end":{"line":62,"column":null}},"type":"if","locations":[{"start":{"line":60,"column":4},"end":{"line":62,"column":null}},{"start":{"line":60,"column":4},"end":{"line":62,"column":null}}]},"3":{"loc":{"start":{"line":66,"column":4},"end":{"line":68,"column":null}},"type":"if","locations":[{"start":{"line":66,"column":4},"end":{"line":68,"column":null}},{"start":{"line":66,"column":4},"end":{"line":68,"column":null}}]},"4":{"loc":{"start":{"line":89,"column":4},"end":{"line":97,"column":null}},"type":"if","locations":[{"start":{"line":89,"column":4},"end":{"line":97,"column":null}},{"start":{"line":89,"column":4},"end":{"line":97,"column":null}}]},"5":{"loc":{"start":{"line":152,"column":4},"end":{"line":152,"column":80}},"type":"if","locations":[{"start":{"line":152,"column":4},"end":{"line":152,"column":80}},{"start":{"line":152,"column":4},"end":{"line":152,"column":80}}]},"6":{"loc":{"start":{"line":153,"column":4},"end":{"line":156,"column":null}},"type":"if","locations":[{"start":{"line":153,"column":4},"end":{"line":156,"column":null}},{"start":{"line":153,"column":4},"end":{"line":156,"column":null}}]}},"s":{"0":1,"1":1,"2":1,"3":1,"4":1,"5":1,"6":1,"7":3,"8":1,"9":3,"10":3,"11":3,"12":3,"13":3,"14":3,"15":2,"16":3,"17":2,"18":1,"19":3,"20":3,"21":3,"22":1,"23":0,"24":0,"25":1,"26":0,"27":0,"28":1,"29":0,"30":0,"31":1,"32":0,"33":0,"34":1,"35":3,"36":3,"37":3,"38":3,"39":3,"40":0,"41":0,"42":0,"43":0,"44":3,"45":3,"46":1,"47":3,"48":3,"49":3,"50":3,"51":3,"52":3,"53":3,"54":3,"55":3,"56":3,"57":3,"58":3,"59":3,"60":1,"61":3,"62":3,"63":1,"64":3,"65":3,"66":3,"67":3,"68":3,"69":3,"70":3,"71":3,"72":3,"73":3,"74":3,"75":3,"76":3,"77":3,"78":3,"79":3,"80":3,"81":2,"82":3,"83":2,"84":2,"85":3,"86":0,"87":0,"88":0,"89":1},"f":{"0":1,"1":3,"2":3,"3":3,"4":0,"5":0,"6":0,"7":0,"8":3,"9":3,"10":3,"11":3,"12":0},"b":{"0":[2,1],"1":[2,1],"2":[0,0],"3":[0,0],"4":[0,3],"5":[2,1],"6":[2,1]}}
,"C:\\range-slider\\src\\range-slider\\ViewThumb.ts": {"path":"C:\\range-slider\\src\\range-slider\\ViewThumb.ts","statementMap":{"0":{"start":{"line":2,"column":0},"end":{"line":2,"column":47}},"1":{"start":{"line":4,"column":0},"end":{"line":4,"column":109}},"2":{"start":{"line":6,"column":0},"end":{"line":6,"column":null}},"3":{"start":{"line":23,"column":4},"end":{"line":23,"column":36}},"4":{"start":{"line":27,"column":10},"end":{"line":31,"column":null}},"5":{"start":{"line":28,"column":31},"end":{"line":28,"column":61}},"6":{"start":{"line":29,"column":4},"end":{"line":29,"column":122}},"7":{"start":{"line":30,"column":4},"end":{"line":30,"column":20}},"8":{"start":{"line":33,"column":10},"end":{"line":37,"column":null}},"9":{"start":{"line":34,"column":24},"end":{"line":34,"column":53}},"10":{"start":{"line":35,"column":4},"end":{"line":35,"column":57}},"11":{"start":{"line":36,"column":4},"end":{"line":36,"column":35}},"12":{"start":{"line":39,"column":2},"end":{"line":42,"column":null}},"13":{"start":{"line":40,"column":19},"end":{"line":40,"column":64}},"14":{"start":{"line":41,"column":4},"end":{"line":41,"column":68}},"15":{"start":{"line":44,"column":10},"end":{"line":89,"column":null}},"16":{"start":{"line":44,"column":2},"end":{"line":44,"column":10}},"17":{"start":{"line":44,"column":45},"end":{"line":44,"column":47}},"18":{"start":{"line":44,"column":56},"end":{"line":44,"column":58}},"19":{"start":{"line":44,"column":68},"end":{"line":44,"column":70}},"20":{"start":{"line":44,"column":75},"end":{"line":44,"column":77}},"21":{"start":{"line":44,"column":90},"end":{"line":44,"column":null}},"22":{"start":{"line":51,"column":4},"end":{"line":85,"column":6}},"23":{"start":{"line":52,"column":6},"end":{"line":52,"column":31}},"24":{"start":{"line":52,"column":24},"end":{"line":52,"column":31}},"25":{"start":{"line":55,"column":24},"end":{"line":55,"column":60}},"26":{"start":{"line":57,"column":23},"end":{"line":57,"column":44}},"27":{"start":{"line":59,"column":20},"end":{"line":59,"column":73}},"28":{"start":{"line":63,"column":6},"end":{"line":68,"column":null}},"29":{"start":{"line":64,"column":8},"end":{"line":64,"column":55}},"30":{"start":{"line":66,"column":22},"end":{"line":66,"column":57}},"31":{"start":{"line":67,"column":8},"end":{"line":67,"column":63}},"32":{"start":{"line":70,"column":25},"end":{"line":70,"column":61}},"33":{"start":{"line":72,"column":21},"end":{"line":72,"column":59}},"34":{"start":{"line":75,"column":24},"end":{"line":75,"column":64}},"35":{"start":{"line":77,"column":6},"end":{"line":77,"column":69}},"36":{"start":{"line":81,"column":6},"end":{"line":81,"column":56}},"37":{"start":{"line":83,"column":6},"end":{"line":83,"column":65}},"38":{"start":{"line":84,"column":6},"end":{"line":84,"column":44}},"39":{"start":{"line":93,"column":2},"end":{"line":120,"column":null}},"40":{"start":{"line":94,"column":19},"end":{"line":94,"column":78}},"41":{"start":{"line":95,"column":4},"end":{"line":95,"column":23}},"42":{"start":{"line":95,"column":16},"end":{"line":95,"column":23}},"43":{"start":{"line":96,"column":20},"end":{"line":96,"column":43}},"44":{"start":{"line":97,"column":4},"end":{"line":97,"column":63}},"45":{"start":{"line":97,"column":17},"end":{"line":97,"column":63}},"46":{"start":{"line":98,"column":27},"end":{"line":98,"column":32}},"47":{"start":{"line":101,"column":61},"end":{"line":101,"column":85}},"48":{"start":{"line":101,"column":17},"end":{"line":101,"column":19}},"49":{"start":{"line":101,"column":30},"end":{"line":101,"column":32}},"50":{"start":{"line":101,"column":41},"end":{"line":101,"column":43}},"51":{"start":{"line":101,"column":56},"end":{"line":101,"column":61}},"52":{"start":{"line":103,"column":32},"end":{"line":103,"column":null}},"53":{"start":{"line":111,"column":23},"end":{"line":111,"column":61}},"54":{"start":{"line":113,"column":33},"end":{"line":113,"column":64}},"55":{"start":{"line":115,"column":45},"end":{"line":115,"column":95}},"56":{"start":{"line":116,"column":4},"end":{"line":116,"column":65}},"57":{"start":{"line":117,"column":4},"end":{"line":117,"column":65}},"58":{"start":{"line":118,"column":4},"end":{"line":118,"column":75}},"59":{"start":{"line":119,"column":4},"end":{"line":119,"column":76}},"60":{"start":{"line":122,"column":10},"end":{"line":166,"column":null}},"61":{"start":{"line":122,"column":2},"end":{"line":122,"column":10}},"62":{"start":{"line":122,"column":45},"end":{"line":122,"column":47}},"63":{"start":{"line":122,"column":64},"end":{"line":122,"column":66}},"64":{"start":{"line":122,"column":75},"end":{"line":122,"column":77}},"65":{"start":{"line":122,"column":87},"end":{"line":122,"column":89}},"66":{"start":{"line":122,"column":94},"end":{"line":122,"column":96}},"67":{"start":{"line":122,"column":109},"end":{"line":122,"column":111}},"68":{"start":{"line":122,"column":121},"end":{"line":122,"column":123}},"69":{"start":{"line":122,"column":134},"end":{"line":122,"column":null}},"70":{"start":{"line":132,"column":4},"end":{"line":165,"column":6}},"71":{"start":{"line":133,"column":6},"end":{"line":133,"column":31}},"72":{"start":{"line":133,"column":24},"end":{"line":133,"column":31}},"73":{"start":{"line":136,"column":6},"end":{"line":136,"column":39}},"74":{"start":{"line":137,"column":7},"end":{"line":137,"column":61}},"75":{"start":{"line":138,"column":24},"end":{"line":138,"column":60}},"76":{"start":{"line":140,"column":23},"end":{"line":140,"column":44}},"77":{"start":{"line":141,"column":20},"end":{"line":141,"column":47}},"78":{"start":{"line":145,"column":6},"end":{"line":150,"column":null}},"79":{"start":{"line":146,"column":8},"end":{"line":146,"column":55}},"80":{"start":{"line":148,"column":22},"end":{"line":148,"column":57}},"81":{"start":{"line":149,"column":8},"end":{"line":149,"column":63}},"82":{"start":{"line":152,"column":25},"end":{"line":152,"column":61}},"83":{"start":{"line":154,"column":22},"end":{"line":154,"column":60}},"84":{"start":{"line":155,"column":25},"end":{"line":155,"column":66}},"85":{"start":{"line":157,"column":6},"end":{"line":157,"column":70}},"86":{"start":{"line":159,"column":6},"end":{"line":159,"column":107}},"87":{"start":{"line":161,"column":6},"end":{"line":161,"column":64}},"88":{"start":{"line":162,"column":6},"end":{"line":162,"column":63}},"89":{"start":{"line":164,"column":6},"end":{"line":164,"column":44}},"90":{"start":{"line":169,"column":2},"end":{"line":195,"column":null}},"91":{"start":{"line":170,"column":20},"end":{"line":170,"column":43}},"92":{"start":{"line":171,"column":4},"end":{"line":171,"column":63}},"93":{"start":{"line":171,"column":17},"end":{"line":171,"column":63}},"94":{"start":{"line":172,"column":19},"end":{"line":172,"column":78}},"95":{"start":{"line":173,"column":4},"end":{"line":173,"column":23}},"96":{"start":{"line":173,"column":16},"end":{"line":173,"column":23}},"97":{"start":{"line":174,"column":27},"end":{"line":174,"column":32}},"98":{"start":{"line":176,"column":105},"end":{"line":176,"column":129}},"99":{"start":{"line":176,"column":22},"end":{"line":176,"column":24}},"100":{"start":{"line":176,"column":35},"end":{"line":176,"column":37}},"101":{"start":{"line":176,"column":42},"end":{"line":176,"column":44}},"102":{"start":{"line":176,"column":55},"end":{"line":176,"column":57}},"103":{"start":{"line":176,"column":74},"end":{"line":176,"column":76}},"104":{"start":{"line":176,"column":85},"end":{"line":176,"column":87}},"105":{"start":{"line":176,"column":100},"end":{"line":176,"column":105}},"106":{"start":{"line":177,"column":32},"end":{"line":177,"column":null}},"107":{"start":{"line":187,"column":23},"end":{"line":187,"column":61}},"108":{"start":{"line":189,"column":19},"end":{"line":189,"column":50}},"109":{"start":{"line":190,"column":45},"end":{"line":190,"column":81}},"110":{"start":{"line":191,"column":4},"end":{"line":191,"column":51}},"111":{"start":{"line":192,"column":4},"end":{"line":192,"column":51}},"112":{"start":{"line":193,"column":4},"end":{"line":193,"column":75}},"113":{"start":{"line":194,"column":4},"end":{"line":194,"column":76}},"114":{"start":{"line":197,"column":10},"end":{"line":201,"column":null}},"115":{"start":{"line":198,"column":4},"end":{"line":198,"column":53}},"116":{"start":{"line":199,"column":4},"end":{"line":199,"column":54}},"117":{"start":{"line":200,"column":4},"end":{"line":200,"column":54}},"118":{"start":{"line":205,"column":2},"end":{"line":231,"column":null}},"119":{"start":{"line":206,"column":54},"end":{"line":206,"column":58}},"120":{"start":{"line":206,"column":26},"end":{"line":206,"column":28}},"121":{"start":{"line":206,"column":37},"end":{"line":206,"column":39}},"122":{"start":{"line":206,"column":49},"end":{"line":206,"column":54}},"123":{"start":{"line":207,"column":60},"end":{"line":207,"column":84}},"124":{"start":{"line":207,"column":17},"end":{"line":207,"column":19}},"125":{"start":{"line":207,"column":29},"end":{"line":207,"column":31}},"126":{"start":{"line":207,"column":40},"end":{"line":207,"column":42}},"127":{"start":{"line":207,"column":55},"end":{"line":207,"column":60}},"128":{"start":{"line":209,"column":18},"end":{"line":209,"column":66}},"129":{"start":{"line":211,"column":22},"end":{"line":211,"column":48}},"130":{"start":{"line":212,"column":21},"end":{"line":212,"column":42}},"131":{"start":{"line":214,"column":4},"end":{"line":219,"column":null}},"132":{"start":{"line":215,"column":6},"end":{"line":215,"column":53}},"133":{"start":{"line
[...]
,"C:\\range-slider\\src\\range-slider\\utils\\scaleHelpers.ts": {"path":"C:\\range-slider\\src\\range-slider\\utils\\scaleHelpers.ts","statementMap":{"0":{"start":{"line":4,"column":2},"end":{"line":4,"column":32}},"1":{"start":{"line":5,"column":2},"end":{"line":5,"column":13}},"2":{"start":{"line":20,"column":16},"end":{"line":20,"column":50}},"3":{"start":{"line":21,"column":16},"end":{"line":21,"column":77}},"4":{"start":{"line":22,"column":15},"end":{"line":22,"column":67}},"5":{"start":{"line":23,"column":16},"end":{"line":23,"column":64}},"6":{"start":{"line":24,"column":20},"end":{"line":24,"column":61}},"7":{"start":{"line":25,"column":21},"end":{"line":25,"column":52}},"8":{"start":{"line":26,"column":28},"end":{"line":26,"column":81}},"9":{"start":{"line":27,"column":18},"end":{"line":27,"column":79}},"10":{"start":{"line":28,"column":27},"end":{"line":28,"column":56}},"11":{"start":{"line":29,"column":2},"end":{"line":29,"column":53}},"12":{"start":{"line":30,"column":2},"end":{"line":30,"column":52}},"13":{"start":{"line":31,"column":2},"end":{"line":34,"column":null}},"14":{"start":{"line":32,"column":4},"end":{"line":32,"column":43}},"15":{"start":{"line":33,"column":4},"end":{"line":33,"column":48}},"16":{"start":{"line":36,"column":20},"end":{"line":36,"column":46}},"17":{"start":{"line":38,"column":19},"end":{"line":38,"column":54}},"18":{"start":{"line":40,"column":31},"end":{"line":40,"column":44}},"19":{"start":{"line":41,"column":22},"end":{"line":41,"column":35}},"20":{"start":{"line":43,"column":2},"end":{"line":50,"column":4}},"21":{"start":{"line":8,"column":0},"end":{"line":8,"column":16}},"22":{"start":{"line":63,"column":16},"end":{"line":63,"column":64}},"23":{"start":{"line":64,"column":15},"end":{"line":64,"column":67}},"24":{"start":{"line":65,"column":2},"end":{"line":65,"column":23}},"25":{"start":{"line":66,"column":2},"end":{"line":100,"column":null}},"26":{"start":{"line":67,"column":18},"end":{"line":67,"column":19}},"27":{"start":{"line":68,"column":4},"end":{"line":79,"column":null}},"28":{"start":{"line":68,"column":17},"end":{"line":68,"column":18}},"29":{"start":{"line":69,"column":29},"end":{"line":69,"column":69}},"30":{"start":{"line":70,"column":6},"end":{"line":70,"column":35}},"31":{"start":{"line":71,"column":6},"end":{"line":71,"column":44}},"32":{"start":{"line":72,"column":28},"end":{"line":72,"column":93}},"33":{"start":{"line":73,"column":29},"end":{"line":73,"column":78}},"34":{"start":{"line":74,"column":28},"end":{"line":74,"column":55}},"35":{"start":{"line":75,"column":6},"end":{"line":75,"column":44}},"36":{"start":{"line":75,"column":38},"end":{"line":75,"column":44}},"37":{"start":{"line":76,"column":6},"end":{"line":76,"column":45}},"38":{"start":{"line":77,"column":7},"end":{"line":77,"column":83}},"39":{"start":{"line":78,"column":6},"end":{"line":78,"column":30}},"40":{"start":{"line":81,"column":18},"end":{"line":81,"column":19}},"41":{"start":{"line":82,"column":4},"end":{"line":97,"column":null}},"42":{"start":{"line":82,"column":17},"end":{"line":82,"column":18}},"43":{"start":{"line":83,"column":29},"end":{"line":83,"column":54}},"44":{"start":{"line":85,"column":6},"end":{"line":85,"column":35}},"45":{"start":{"line":86,"column":28},"end":{"line":86,"column":93}},"46":{"start":{"line":88,"column":29},"end":{"line":88,"column":56}},"47":{"start":{"line":89,"column":28},"end":{"line":89,"column":55}},"48":{"start":{"line":91,"column":6},"end":{"line":93,"column":null}},"49":{"start":{"line":92,"column":8},"end":{"line":92,"column":14}},"50":{"start":{"line":95,"column":7},"end":{"line":95,"column":74}},"51":{"start":{"line":96,"column":6},"end":{"line":96,"column":51}},"52":{"start":{"line":99,"column":4},"end":{"line":99,"column":47}},"53":{"start":{"line":53,"column":0},"end":{"line":53,"column":16}},"54":{"start":{"line":111,"column":16},"end":{"line":111,"column":64}},"55":{"start":{"line":112,"column":15},"end":{"line":112,"column":67}},"56":{"start":{"line":114,"column":2},"end":{"line":137,"column":null}},"57":{"start":{"line":115,"column":18},"end":{"line":115,"column":19}},"58":{"start":{"line":116,"column":4},"end":{"line":125,"column":null}},"59":{"start":{"line":116,"column":17},"end":{"line":116,"column":18}},"60":{"start":{"line":117,"column":35},"end":{"line":117,"column":65}},"61":{"start":{"line":118,"column":6},"end":{"line":118,"column":77}},"62":{"start":{"line":119,"column":6},"end":{"line":119,"column":28}},"63":{"start":{"line":120,"column":26},"end":{"line":120,"column":69}},"64":{"start":{"line":122,"column":27},"end":{"line":122,"column":74}},"65":{"start":{"line":123,"column":6},"end":{"line":123,"column":57}},"66":{"start":{"line":124,"column":6},"end":{"line":124,"column":26}},"67":{"start":{"line":127,"column":38},"end":{"line":127,"column":68}},"68":{"start":{"line":128,"column":4},"end":{"line":128,"column":80}},"69":{"start":{"line":130,"column":24},"end":{"line":130,"column":67}},"70":{"start":{"line":131,"column":4},"end":{"line":131,"column":44}},"71":{"start":{"line":132,"column":24},"end":{"line":132,"column":72}},"72":{"start":{"line":134,"column":4},"end":{"line":134,"column":60}},"73":{"start":{"line":135,"column":28},"end":{"line":135,"column":77}},"74":{"start":{"line":136,"column":4},"end":{"line":136,"column":62}},"75":{"start":{"line":103,"column":0},"end":{"line":103,"column":16}}},"fnMap":{"0":{"name":"toFixed","decl":{"start":{"line":3,"column":9},"end":{"line":3,"column":16}},"loc":{"start":{"line":3,"column":28},"end":{"line":6,"column":1}}},"1":{"name":"getValues","decl":{"start":{"line":8,"column":16},"end":{"line":8,"column":25}},"loc":{"start":{"line":11,"column":20},"end":{"line":51,"column":1}}},"2":{"name":"setSmallLines","decl":{"start":{"line":53,"column":16},"end":{"line":53,"column":29}},"loc":{"start":{"line":61,"column":20},"end":{"line":101,"column":1}}},"3":{"name":"setBigLines","decl":{"start":{"line":103,"column":16},"end":{"line":103,"column":27}},"loc":{"start":{"line":109,"column":20},"end":{"line":138,"column":1}}}},"branchMap":{"0":{"loc":{"start":{"line":22,"column":49},"end":{"line":22,"column":57}},"type":"cond-expr","locations":[{"start":{"line":22,"column":49},"end":{"line":22,"column":57}},{"start":{"line":22,"column":60},"end":{"line":22,"column":67}}]},"1":{"loc":{"start":{"line":23,"column":50},"end":{"line":23,"column":55}},"type":"cond-expr","locations":[{"start":{"line":23,"column":50},"end":{"line":23,"column":55}},{"start":{"line":23,"column":58},"end":{"line":23,"column":64}}]},"2":{"loc":{"start":{"line":31,"column":2},"end":{"line":34,"column":null}},"type":"if","locations":[{"start":{"line":31,"column":2},"end":{"line":34,"column":null}},{"start":{"line":31,"column":2},"end":{"line":34,"column":null}}]},"3":{"loc":{"start":{"line":63,"column":50},"end":{"line":63,"column":55}},"type":"cond-expr","locations":[{"start":{"line":63,"column":50},"end":{"line":63,"column":55}},{"start":{"line":63,"column":58},"end":{"line":63,"column":64}}]},"4":{"loc":{"start":{"line":64,"column":49},"end":{"line":64,"column":57}},"type":"cond-expr","locations":[{"start":{"line":64,"column":49},"end":{"line":64,"column":57}},{"start":{"line":64,"column":60},"end":{"line":64,"column":67}}]},"5":{"loc":{"start":{"line":66,"column":2},"end":{"line":100,"column":null}},"type":"if","locations":[{"start":{"line":66,"column":2},"end":{"line":100,"column":null}},{"start":{"line":66,"column":2},"end":{"line":100,"column":null}}]},"6":{"loc":{"start":{"line":75,"column":6},"end":{"line":75,"column":44}},"type":"if","locations":[{"start":{"line":75,"column":6},"end":{"line":75,"column":44}},{"start":{"line":75,"column":6},"end":{"line":75,"column":44}}]},"7":{"loc":{"start":{"line":91,"column":6},"end":{"line":93,"column":null}},"type":"if","locations":[{"start":{"line":91,"column":6},"end":{"line":93,"column":null}},{"start":{"line":91,"column":6},"end":{"line":93,"column":null}}]},"8":{"loc":{"start":{"line":111,"column":50},"end":{"line":111,"column":55}},"type":"cond-expr","locations":[{"start":{"line":111,"column":50},"end":{"line":111,"column":55}},{"start":{"line":111,"column":58},"end":{"line":111,"column":64}}]},"9":{"loc":{"start":{"line":112,"column":49},"end":{"line":112,"column":57}},"type":"cond-expr","locations":[{"start":{"line":112,"column":49},"end":{"line":112,"column":57}},{"start":{"line":112,"column":60},"end":{"line":112,"column":67}}]},"10":{"loc":{"start":{"line":114,"column":2},"end":{"line":137,"column":null}},"type":"if","locations":[{"start":{"line":114,"column":2},"end":{"line":137,"column":null}},{"start":{"line":114,"column":2},"end":{"line":137,"column":null}}]}},"s":{"0":204,"1":204,"2":36,"3":36,"4":36,"5":36,"6":36,"7":36,"8":36,"9":36,"10":36,"11":36,"12":36,"13":36,"14":20,"15":20,"16":36,"17":36,"18":36,"19":36,"20":36,"21":1,"22":18,"23":18,"24":18,"25":18,"26":6,"27":6,"28":6,"29":132,"30":132,"31":132,"32":132,"33":132,"34":132,"35":132,"36":6,"37":126,"38":126,"39":126,"40":12,"41":12,"42":12,"43":792,"44":792,"45":792,"46":792,"47":792,"48":792,"49":2,"50":790,"51":790,"52":12,"53":1,"54":18,"55":18,"56":18,"57":6,"58":6,"59":6,"60":66,"61":66,"62":66,"63":66,"64":66,"65":66,"66":66,"67":12,"68":12,"69":12,"70":12,"71":12,"72":12,"73":12,"74":12,"75":1},"f":{"0":204,"1":36,"2":18,"3":18},"b":{"0":[20,16],"1":[20,16],"2":[20,16],"3":[10,8],"4":[10,8],"5":[6,12],"6":[6,126],"7":[2,790],"8":[10,8],"9":[10,8],"10":[6,12]}}
,"C:\\range-slider\\src\\range-slider\\utils\\thumbHelpers.ts": {"path":"C:\\range-slider\\src\\range-slider\\utils\\thumbHelpers.ts","statementMap":{"0":{"start":{"line":8,"column":16},"end":{"line":8,"column":43}},"1":{"start":{"line":9,"column":26},"end":{"line":9,"column":67}},"2":{"start":{"line":10,"column":27},"end":{"line":10,"column":69}},"3":{"start":{"line":11,"column":26},"end":{"line":11,"column":73}},"4":{"start":{"line":13,"column":2},"end":{"line":16,"column":null}},"5":{"start":{"line":13,"column":28},"end":{"line":13,"column":62}},"6":{"start":{"line":14,"column":7},"end":{"line":16,"column":null}},"7":{"start":{"line":15,"column":4},"end":{"line":15,"column":40}},"8":{"start":{"line":18,"column":2},"end":{"line":22,"column":null}},"9":{"start":{"line":19,"column":4},"end":{"line":19,"column":105}},"10":{"start":{"line":20,"column":9},"end":{"line":22,"column":null}},"11":{"start":{"line":21,"column":4},"end":{"line":21,"column":104}},"12":{"start":{"line":1,"column":0},"end":{"line":1,"column":16}},"13":{"start":{"line":26,"column":16},"end":{"line":26,"column":43}},"14":{"start":{"line":27,"column":21},"end":{"line":27,"column":63}},"15":{"start":{"line":28,"column":2},"end":{"line":31,"column":null}},"16":{"start":{"line":28,"column":23},"end":{"line":28,"column":52}},"17":{"start":{"line":29,"column":7},"end":{"line":31,"column":null}},"18":{"start":{"line":30,"column":4},"end":{"line":30,"column":35}},"19":{"start":{"line":25,"column":0},"end":{"line":25,"column":16}},"20":{"start":{"line":42,"column":33},"end":{"line":44,"column":69}},"21":{"start":{"line":46,"column":16},"end":{"line":46,"column":43}},"22":{"start":{"line":47,"column":27},"end":{"line":47,"column":122}},"23":{"start":{"line":48,"column":22},"end":{"line":48,"column":61}},"24":{"start":{"line":50,"column":15},"end":{"line":50,"column":46}},"25":{"start":{"line":51,"column":26},"end":{"line":51,"column":73}},"26":{"start":{"line":52,"column":2},"end":{"line":56,"column":null}},"27":{"start":{"line":53,"column":4},"end":{"line":53,"column":36}},"28":{"start":{"line":54,"column":9},"end":{"line":56,"column":null}},"29":{"start":{"line":55,"column":4},"end":{"line":55,"column":38}},"30":{"start":{"line":57,"column":2},"end":{"line":61,"column":null}},"31":{"start":{"line":58,"column":4},"end":{"line":58,"column":127}},"32":{"start":{"line":59,"column":9},"end":{"line":61,"column":null}},"33":{"start":{"line":60,"column":4},"end":{"line":60,"column":126}},"34":{"start":{"line":34,"column":0},"end":{"line":34,"column":16}},"35":{"start":{"line":78,"column":17},"end":{"line":78,"column":84}},"36":{"start":{"line":80,"column":17},"end":{"line":80,"column":66}},"37":{"start":{"line":81,"column":23},"end":{"line":81,"column":97}},"38":{"start":{"line":83,"column":46},"end":{"line":83,"column":50}},"39":{"start":{"line":84,"column":21},"end":{"line":84,"column":45}},"40":{"start":{"line":85,"column":22},"end":{"line":85,"column":46}},"41":{"start":{"line":87,"column":20},"end":{"line":87,"column":129}},"42":{"start":{"line":89,"column":2},"end":{"line":95,"column":null}},"43":{"start":{"line":90,"column":4},"end":{"line":94,"column":null}},"44":{"start":{"line":91,"column":6},"end":{"line":91,"column":38}},"45":{"start":{"line":93,"column":6},"end":{"line":93,"column":37}},"46":{"start":{"line":97,"column":2},"end":{"line":107,"column":4}},"47":{"start":{"line":64,"column":0},"end":{"line":64,"column":16}}},"fnMap":{"0":{"name":"validateCoordsByClick","decl":{"start":{"line":1,"column":16},"end":{"line":1,"column":37}},"loc":{"start":{"line":6,"column":37},"end":{"line":23,"column":1}}},"1":{"name":"validateCoord","decl":{"start":{"line":25,"column":16},"end":{"line":25,"column":29}},"loc":{"start":{"line":25,"column":104},"end":{"line":32,"column":1}}},"2":{"name":"validateCoordsByMove","decl":{"start":{"line":34,"column":16},"end":{"line":34,"column":36}},"loc":{"start":{"line":40,"column":37},"end":{"line":62,"column":1}}},"3":{"name":"getValues","decl":{"start":{"line":64,"column":16},"end":{"line":64,"column":25}},"loc":{"start":{"line":66,"column":28},"end":{"line":108,"column":1}}}},"branchMap":{"0":{"loc":{"start":{"line":8,"column":29},"end":{"line":8,"column":34}},"type":"cond-expr","locations":[{"start":{"line":8,"column":29},"end":{"line":8,"column":34}},{"start":{"line":8,"column":37},"end":{"line":8,"column":43}}]},"1":{"loc":{"start":{"line":13,"column":2},"end":{"line":16,"column":null}},"type":"if","locations":[{"start":{"line":13,"column":2},"end":{"line":16,"column":null}},{"start":{"line":13,"column":2},"end":{"line":16,"column":null}}]},"2":{"loc":{"start":{"line":14,"column":7},"end":{"line":16,"column":null}},"type":"if","locations":[{"start":{"line":14,"column":7},"end":{"line":16,"column":null}},{"start":{"line":14,"column":7},"end":{"line":16,"column":null}}]},"3":{"loc":{"start":{"line":18,"column":2},"end":{"line":22,"column":null}},"type":"if","locations":[{"start":{"line":18,"column":2},"end":{"line":22,"column":null}},{"start":{"line":18,"column":2},"end":{"line":22,"column":null}}]},"4":{"loc":{"start":{"line":20,"column":9},"end":{"line":22,"column":null}},"type":"if","locations":[{"start":{"line":20,"column":9},"end":{"line":22,"column":null}},{"start":{"line":20,"column":9},"end":{"line":22,"column":null}}]},"5":{"loc":{"start":{"line":26,"column":29},"end":{"line":26,"column":34}},"type":"cond-expr","locations":[{"start":{"line":26,"column":29},"end":{"line":26,"column":34}},{"start":{"line":26,"column":37},"end":{"line":26,"column":43}}]},"6":{"loc":{"start":{"line":28,"column":2},"end":{"line":31,"column":null}},"type":"if","locations":[{"start":{"line":28,"column":2},"end":{"line":31,"column":null}},{"start":{"line":28,"column":2},"end":{"line":31,"column":null}}]},"7":{"loc":{"start":{"line":29,"column":7},"end":{"line":31,"column":null}},"type":"if","locations":[{"start":{"line":29,"column":7},"end":{"line":31,"column":null}},{"start":{"line":29,"column":7},"end":{"line":31,"column":null}}]},"8":{"loc":{"start":{"line":43,"column":7},"end":{"line":43,"column":68}},"type":"cond-expr","locations":[{"start":{"line":43,"column":7},"end":{"line":43,"column":68}},{"start":{"line":44,"column":7},"end":{"line":44,"column":69}}]},"9":{"loc":{"start":{"line":46,"column":29},"end":{"line":46,"column":34}},"type":"cond-expr","locations":[{"start":{"line":46,"column":29},"end":{"line":46,"column":34}},{"start":{"line":46,"column":37},"end":{"line":46,"column":43}}]},"10":{"loc":{"start":{"line":47,"column":40},"end":{"line":47,"column":79}},"type":"cond-expr","locations":[{"start":{"line":47,"column":40},"end":{"line":47,"column":79}},{"start":{"line":47,"column":82},"end":{"line":47,"column":122}}]},"11":{"loc":{"start":{"line":50,"column":28},"end":{"line":50,"column":36}},"type":"cond-expr","locations":[{"start":{"line":50,"column":28},"end":{"line":50,"column":36}},{"start":{"line":50,"column":39},"end":{"line":50,"column":46}}]},"12":{"loc":{"start":{"line":52,"column":2},"end":{"line":56,"column":null}},"type":"if","locations":[{"start":{"line":52,"column":2},"end":{"line":56,"column":null}},{"start":{"line":52,"column":2},"end":{"line":56,"column":null}}]},"13":{"loc":{"start":{"line":54,"column":9},"end":{"line":56,"column":null}},"type":"if","locations":[{"start":{"line":54,"column":9},"end":{"line":56,"column":null}},{"start":{"line":54,"column":9},"end":{"line":56,"column":null}}]},"14":{"loc":{"start":{"line":57,"column":2},"end":{"line":61,"column":null}},"type":"if","locations":[{"start":{"line":57,"column":2},"end":{"line":61,"column":null}},{"start":{"line":57,"column":2},"end":{"line":61,"column":null}}]},"15":{"loc":{"start":{"line":59,"column":9},"end":{"line":61,"column":null}},"type":"if","locations":[{"start":{"line":59,"column":9},"end":{"line":61,"column":null}},{"start":{"line":59,"column":9},"end":{"line":61,"column":null}}]},"16":{"loc":{"start":{"line":87,"column":33},"end":{"line":87,"column":80}},"type":"cond-expr","locations":[{"start":{"line":87,"column":33},"end":{"line":87,"column":80}},{"start":{"line":87,"column":83},"end":{"line":87,"column":129}}]},"17":{"loc":{"start":{"line":89,"column":2},"end":{"line":95,"column":null}},"type":"if","locations":[{"start":{"line":89,"column":2},"end":{"line":95,"column":null}},{"start":{"line":89,"column":2},"end":{"line":95,"column":null}}]},"18":{"loc":{"start":{"line":90,"column":4},"end":{"line":94,"column":null}},"type":"if","locations":[{"start":{"line":90,"column":4},"end":{"line":94,"column":null}},{"start":{"line":90,"column":4},"end":{"line":94,"column":null}}]},"19":{"loc":{"start":{"line":98,"column":30},"end":{"line":98,"column":38}},"type":"cond-expr","locations":[{"start":{"line":98,"column":30},"end":{"line":98,"column":38}},{"start":{"line":98,"column":41},"end":{"line":98,"column":48}}]},"20":{"loc":{"start":{"line":104,"column":32},"end":{"line":104,"column":83}},"type":"cond-expr","locations":[{"start":{"line":104,"column":32},"end":{"line":104,"column":83}},{"start":{"line":104,"column":86},"end":{"line":104,"column":136}}]},"21":{"loc":{"start":{"line":106,"column":28},"end":{"line":106,"column":82}},"type":"cond-expr","locations":[{"start":{"line":106,"column":28},"end":{"line":106,"column":82}},{"start":{"line":106,"column":85},"end":{"line":106,"column":138}}]}},"s":{"0":5,"1":5,"2":5,"3":5,"4":5,"5":0,"6":5,"7":0,"8":5,"9":0,"10":5,"11":0,"12":1,"13":16,"14":16,"15":16,"16":1,"17":15,"18":0,"19":1,"20":12,"21":12,"22":12,"23":12,"24":12,"25":12,"26":12,"27":1,"28":11,"29":0,"30":12,"31":12,"32":0,"33":0,"34":1,"35":30,"36":30,"37":30,"38":30,"39":30,"40":30,"41":30,"42":30,"43":21,"44":0,"45":21,"46":30,"47":1},"f":{"0":5,"1":16,"2":12,"3":30},"b":{"0":[3,2],"1":[0,5],"2":[0,5],"3":[0,5],"4":[0,5],"5":[2,14],"6":[1,15],"7":[0,15],"8":[1,11],"9":[1,11],"10":[1,11],"11":[1,11],"12":[1,11],"13":[0,11],"14":[12,0],"15":[0,0],"16":[13,17],"17":[21,9],"18":[0,21],"19":[13,17],"20":[13,17],"21":[13,17]}}
}
