TN:
SF:src\ts\Observer.ts
FN:1,(anonymous_0)
FN:4,MakeObservableSubject
FN:8,(anonymous_2)
FN:18,(anonymous_3)
FN:30,(anonymous_4)
FNF:5
FNH:5
FNDA:2,(anonymous_0)
FNDA:9,MakeObservableSubject
FNDA:10,(anonymous_2)
FNDA:6,(anonymous_3)
FNDA:19,(anonymous_4)
DA:1,2
DA:5,9
DA:8,2
DA:9,10
DA:10,14
DA:11,14
DA:12,2
DA:15,8
DA:18,2
DA:19,6
DA:20,16
DA:21,16
DA:22,4
DA:23,4
DA:27,2
DA:30,2
DA:33,19
DA:34,19
DA:35,26
DA:38,2
LF:20
LH:20
BRDA:11,0,0,2
BRDA:11,0,1,12
BRDA:21,1,0,4
BRDA:21,1,1,12
BRF:4
BRH:4
end_of_record
TN:
SF:src\ts\ViewFlag.ts
FN:3,(anonymous_0)
FN:6,ViewFlag
FN:10,(anonymous_2)
FN:17,(anonymous_3)
FNF:4
FNH:4
FNDA:1,(anonymous_0)
FNDA:18,ViewFlag
FNDA:18,(anonymous_2)
FNDA:6,(anonymous_3)
DA:3,1
DA:7,18
DA:10,1
DA:11,18
DA:12,18
DA:13,18
DA:17,1
DA:18,6
DA:19,6
DA:20,6
DA:21,6
DA:22,6
DA:23,6
DA:25,6
DA:26,2
DA:27,4
DA:28,2
DA:29,2
DA:31,1
LF:19
LH:19
BRDA:25,0,0,2
BRDA:25,0,1,4
BRDA:27,1,0,2
BRDA:27,1,1,2
BRF:4
BRH:4
end_of_record
TN:
SF:src\ts\ViewInner.ts
FN:3,(anonymous_0)
FN:9,ViewInner
FN:15,(anonymous_2)
FN:22,(anonymous_3)
FNF:4
FNH:4
FNDA:1,(anonymous_0)
FNDA:4,ViewInner
FNDA:4,(anonymous_2)
FNDA:4,(anonymous_3)
DA:3,1
DA:10,4
DA:11,4
DA:15,1
DA:16,4
DA:17,4
DA:18,4
DA:22,1
DA:23,4
DA:24,4
DA:26,4
DA:27,4
DA:29,4
DA:30,1
DA:31,3
DA:32,1
DA:33,1
DA:34,1
DA:35,2
DA:36,1
DA:38,1
DA:39,1
DA:40,1
DA:43,1
LF:24
LH:24
BRDA:29,0,0,1
BRDA:29,0,1,3
BRDA:31,1,0,1
BRDA:31,1,1,2
BRDA:35,2,0,1
BRDA:35,2,1,1
BRF:6
BRH:6
end_of_record
TN:
SF:src\ts\ViewScale.ts
FN:4,(anonymous_0)
FN:14,Scale
FN:21,(anonymous_2)
FN:36,(anonymous_3)
FN:50,(anonymous_4)
FNF:5
FNH:5
FNDA:1,(anonymous_0)
FNDA:4,Scale
FNDA:4,(anonymous_2)
FNDA:4,(anonymous_3)
FNDA:10,(anonymous_4)
DA:2,1
DA:4,1
DA:15,4
DA:17,4
DA:21,1
DA:22,4
DA:23,4
DA:25,4
DA:26,4
DA:28,4
DA:29,4
DA:30,4
DA:31,4
DA:32,4
DA:36,1
DA:37,4
DA:38,4
DA:40,4
DA:41,4
DA:43,4
DA:44,4
DA:46,4
DA:47,4
DA:50,1
DA:51,10
DA:52,10
DA:54,10
DA:56,10
DA:58,10
DA:61,10
DA:63,10
DA:65,1
LF:32
LH:32
BRF:0
BRH:0
end_of_record
TN:
SF:src\ts\model.ts
FN:4,(anonymous_0)
FN:12,Model
FN:29,(anonymous_2)
FN:43,(anonymous_3)
FN:52,(anonymous_4)
FNF:5
FNH:5
FNDA:1,(anonymous_0)
FNDA:7,Model
FNDA:7,(anonymous_2)
FNDA:5,(anonymous_3)
FNDA:7,(anonymous_4)
DA:1,1
DA:4,1
DA:13,7
DA:15,7
DA:17,7
DA:23,7
DA:25,7
DA:29,1
DA:31,7
DA:33,7
DA:35,7
DA:36,7
DA:43,1
DA:44,5
DA:46,5
DA:48,5
DA:52,1
DA:53,7
DA:54,7
DA:55,7
DA:56,1
DA:57,1
DA:59,7
DA:60,7
DA:61,7
DA:62,7
DA:63,7
DA:64,5
DA:65,5
DA:67,1
LF:30
LH:30
BRDA:33,0,0,5
BRDA:33,0,1,2
BRDA:46,1,0,1
BRDA:46,1,1,4
BRDA:55,2,0,1
BRDA:55,2,1,6
BRDA:55,3,0,7
BRDA:55,3,1,4
BRDA:59,4,0,1
BRDA:59,4,1,6
BRDA:60,5,0,1
BRDA:60,5,1,6
BRDA:61,6,0,3
BRDA:61,6,1,4
BRDA:62,7,0,2
BRDA:62,7,1,5
BRDA:63,8,0,2
BRDA:63,8,1,5
BRDA:64,9,0,1
BRDA:64,9,1,4
BRDA:65,10,0,1
BRDA:65,10,1,4
BRF:22
BRH:22
end_of_record
TN:
SF:src\ts\utils\scaleHelpers.ts
FN:4,getValues
FN:37,setSmallLines
FN:82,setBigLines
FNF:3
FNH:3
FNDA:20,getValues
FNDA:10,setSmallLines
FNDA:10,setBigLines
DA:4,1
DA:14,20
DA:15,20
DA:16,20
DA:17,20
DA:19,20
DA:20,20
DA:22,20
DA:24,20
DA:25,20
DA:27,20
DA:37,1
DA:47,10
DA:48,10
DA:50,10
DA:51,6
DA:52,126
DA:54,126
DA:55,126
DA:57,126
DA:59,126
DA:60,126
DA:61,120
DA:63,6
DA:65,4
DA:66,108
DA:68,108
DA:69,108
DA:70,108
DA:72,108
DA:74,104
DA:75,104
DA:77,4
DA:78,4
DA:82,1
DA:83,10
DA:84,10
DA:86,10
DA:87,6
DA:88,66
DA:89,66
DA:90,66
DA:91,66
DA:92,66
DA:94,66
DA:97,4
DA:98,4
DA:99,4
DA:100,4
DA:101,4
DA:102,4
LF:51
LH:51
BRDA:16,0,0,4
BRDA:16,0,1,16
BRDA:47,1,0,2
BRDA:47,1,1,8
BRDA:48,2,0,2
BRDA:48,2,1,8
BRDA:50,3,0,6
BRDA:50,3,1,4
BRDA:60,4,0,6
BRDA:60,4,1,120
BRDA:72,5,0,4
BRDA:72,5,1,104
BRDA:83,6,0,2
BRDA:83,6,1,8
BRDA:84,7,0,2
BRDA:84,7,1,8
BRDA:86,8,0,6
BRDA:86,8,1,4
BRF:18
BRH:18
end_of_record
