TN:
SF:src\ts\ViewThumb.ts
FN:4,(anonymous_0)
FN:11,ViewThumb
FN:15,(anonymous_2)
FN:22,(anonymous_3)
FN:46,moveAt
FN:64,onMouseMove
FN:67,removeEventListeners
FN:74,(anonymous_7)
FN:112,moveAt
FN:142,onMouseMove
FN:145,removeEventListeners
FN:152,(anonymous_11)
FN:169,moveAt
FN:185,(anonymous_13)
FN:220,moveAt
FNF:15
FNH:15
FNDA:1,(anonymous_0)
FNDA:70,ViewThumb
FNDA:70,(anonymous_2)
FNDA:8,(anonymous_3)
FNDA:25,moveAt
FNDA:18,onMouseMove
FNDA:36,removeEventListeners
FNDA:23,(anonymous_7)
FNDA:63,moveAt
FNDA:41,onMouseMove
FNDA:84,removeEventListeners
FNDA:4,(anonymous_11)
FNDA:4,moveAt
FNDA:13,(anonymous_13)
FNDA:13,moveAt
DA:4,1
DA:12,70
DA:15,1
DA:16,70
DA:17,70
DA:18,70
DA:22,1
DA:23,8
DA:24,8
DA:25,8
DA:26,8
DA:27,8
DA:28,8
DA:29,8
DA:31,7
DA:34,7
DA:37,7
DA:40,7
DA:41,7
DA:43,7
DA:44,7
DA:47,25
DA:48,25
DA:50,25
DA:52,25
DA:54,25
DA:55,3
DA:56,22
DA:57,20
DA:60,25
DA:62,7
DA:65,18
DA:68,36
DA:70,7
DA:71,7
DA:74,1
DA:75,23
DA:76,23
DA:77,23
DA:78,23
DA:79,23
DA:82,23
DA:83,23
DA:85,23
DA:87,22
DA:88,11
DA:90,11
DA:92,22
DA:93,22
DA:95,22
DA:98,22
DA:101,22
DA:104,22
DA:106,22
DA:107,22
DA:108,22
DA:109,22
DA:110,22
DA:111,22
DA:113,63
DA:115,63
DA:116,63
DA:118,63
DA:119,63
DA:120,63
DA:122,63
DA:123,22
DA:124,41
DA:125,23
DA:128,63
DA:129,8
DA:130,55
DA:131,6
DA:134,63
DA:135,63
DA:140,22
DA:143,41
DA:146,84
DA:148,22
DA:149,22
DA:152,1
DA:153,4
DA:154,4
DA:155,4
DA:156,4
DA:157,4
DA:158,4
DA:160,4
DA:161,4
DA:163,4
DA:164,4
DA:165,4
DA:166,4
DA:167,4
DA:170,4
DA:171,4
DA:172,4
DA:174,4
DA:175,4
DA:176,4
DA:177,2
DA:180,4
DA:182,4
DA:185,1
DA:186,13
DA:187,13
DA:188,13
DA:189,13
DA:190,13
DA:191,13
DA:192,13
DA:193,13
DA:195,13
DA:196,13
DA:197,13
DA:198,13
DA:203,13
DA:204,13
DA:209,13
DA:210,13
DA:211,13
DA:212,7
DA:214,13
DA:215,13
DA:216,13
DA:217,13
DA:218,13
DA:221,13
DA:223,13
DA:224,13
DA:226,13
DA:227,13
DA:228,13
DA:230,13
DA:231,13
DA:232,2
DA:234,13
DA:235,2
DA:236,11
DA:240,2
DA:243,13
DA:244,13
DA:250,13
DA:252,1
LF:144
LH:144
BRDA:28,0,0,3
BRDA:28,0,1,5
BRDA:29,1,0,1
BRDA:29,1,1,7
BRDA:32,2,0,3
BRDA:32,2,1,4
BRDA:35,3,0,3
BRDA:35,3,1,4
BRDA:38,4,0,3
BRDA:38,4,1,4
BRDA:43,5,0,3
BRDA:43,5,1,4
BRDA:44,6,0,3
BRDA:44,6,1,4
BRDA:54,7,0,3
BRDA:54,7,1,22
BRDA:56,8,0,20
BRDA:56,8,1,2
BRDA:85,9,0,1
BRDA:85,9,1,22
BRDA:87,10,0,11
BRDA:87,10,1,11
BRDA:96,11,0,10
BRDA:96,11,1,12
BRDA:99,12,0,10
BRDA:99,12,1,12
BRDA:102,13,0,10
BRDA:102,13,1,12
BRDA:107,14,0,10
BRDA:107,14,1,12
BRDA:108,15,0,10
BRDA:108,15,1,12
BRDA:109,16,0,10
BRDA:109,16,1,12
BRDA:110,17,0,10
BRDA:110,17,1,12
BRDA:111,18,0,10
BRDA:111,18,1,12
BRDA:113,19,0,23
BRDA:113,19,1,40
BRDA:119,20,0,23
BRDA:119,20,1,40
BRDA:120,21,0,23
BRDA:120,21,1,40
BRDA:122,22,0,22
BRDA:122,22,1,41
BRDA:124,23,0,23
BRDA:124,23,1,18
BRDA:128,24,0,8
BRDA:128,24,1,55
BRDA:128,25,0,63
BRDA:128,25,1,35
BRDA:130,26,0,6
BRDA:130,26,1,49
BRDA:130,27,0,55
BRDA:130,27,1,28
BRDA:158,28,0,2
BRDA:158,28,1,2
BRDA:160,29,0,2
BRDA:160,29,1,2
BRDA:161,30,0,2
BRDA:161,30,1,2
BRDA:175,31,0,1
BRDA:175,31,1,3
BRDA:176,32,0,2
BRDA:176,32,1,2
BRDA:190,33,0,9
BRDA:190,33,1,4
BRDA:195,34,0,9
BRDA:195,34,1,4
BRDA:196,35,0,9
BRDA:196,35,1,4
BRDA:197,36,0,9
BRDA:197,36,1,4
BRDA:198,37,0,9
BRDA:198,37,1,4
BRDA:209,38,0,7
BRDA:209,38,1,6
BRDA:210,39,0,2
BRDA:210,39,1,11
BRDA:211,40,0,6
BRDA:211,40,1,7
BRDA:221,41,0,9
BRDA:221,41,1,4
BRDA:227,42,0,9
BRDA:227,42,1,4
BRDA:228,43,0,9
BRDA:228,43,1,4
BRDA:230,44,0,2
BRDA:230,44,1,11
BRDA:231,45,0,2
BRDA:231,45,1,11
BRDA:234,46,0,2
BRDA:234,46,1,11
BRDA:234,47,0,13
BRDA:234,47,1,7
BRDA:236,48,0,2
BRDA:236,48,1,9
BRDA:237,49,0,11
BRDA:237,49,1,6
BRF:100
BRH:100
end_of_record
